<?xml version="1.0" encoding="utf-8"?>
<coverage line-rate="0.809" branch-rate="0.9777" version="1.9" timestamp="1770715700" lines-covered="784" lines-valid="969" branches-covered="88" branches-valid="90">
  <sources>
    <source>/modernize-data/studio-data/TNT1001/APP1422/transformed-code/475/studio-workspace/legacy otnet app tour check/TourManagement.Net8/src/</source>
  </sources>
  <packages>
    <package name="TourManagement.Application" line-rate="0.8402" branch-rate="0.9687" complexity="74">
      <classes>
        <class name="TourManagement.Application.Services.BookingService" filename="TourManagement.Application/Services/BookingService.cs" line-rate="1" branch-rate="1" complexity="10">
          <methods>
            <method name=".ctor" signature="(TourManagement.Domain.Interfaces.Repositories.IBookingRepository,TourManagement.Domain.Interfaces.Repositories.ITourRepository,TourManagement.Domain.Interfaces.Repositories.IUserInfoRepository,AutoMapper.IMapper,Microsoft.Extensions.Logging.ILogger`1&lt;TourManagement.Application.Services.BookingService&gt;)" line-rate="1" branch-rate="1" complexity="10">
              <lines>
                <line number="21" hits="23" branch="False" />
                <line number="22" hits="23" branch="False" />
                <line number="23" hits="23" branch="False" />
                <line number="24" hits="23" branch="False" />
                <line number="25" hits="23" branch="False" />
                <line number="26" hits="23" branch="False" />
                <line number="27" hits="23" branch="False" />
                <line number="28" hits="23" branch="True" condition-coverage="100% (2/2)">
                  <conditions>
                    <condition number="11" type="jump" coverage="100%" />
                  </conditions>
                </line>
                <line number="29" hits="22" branch="True" condition-coverage="100% (2/2)">
                  <conditions>
                    <condition number="33" type="jump" coverage="100%" />
                  </conditions>
                </line>
                <line number="30" hits="21" branch="True" condition-coverage="100% (2/2)">
                  <conditions>
                    <condition number="55" type="jump" coverage="100%" />
                  </conditions>
                </line>
                <line number="31" hits="20" branch="True" condition-coverage="100% (2/2)">
                  <conditions>
                    <condition number="78" type="jump" coverage="100%" />
                  </conditions>
                </line>
                <line number="32" hits="19" branch="True" condition-coverage="100% (2/2)">
                  <conditions>
                    <condition number="101" type="jump" coverage="100%" />
                  </conditions>
                </line>
                <line number="33" hits="18" branch="False" />
              </lines>
            </method>
          </methods>
          <lines>
            <line number="21" hits="23" branch="False" />
            <line number="22" hits="23" branch="False" />
            <line number="23" hits="23" branch="False" />
            <line number="24" hits="23" branch="False" />
            <line number="25" hits="23" branch="False" />
            <line number="26" hits="23" branch="False" />
            <line number="27" hits="23" branch="False" />
            <line number="28" hits="23" branch="True" condition-coverage="100% (2/2)">
              <conditions>
                <condition number="11" type="jump" coverage="100%" />
              </conditions>
            </line>
            <line number="29" hits="22" branch="True" condition-coverage="100% (2/2)">
              <conditions>
                <condition number="33" type="jump" coverage="100%" />
              </conditions>
            </line>
            <line number="30" hits="21" branch="True" condition-coverage="100% (2/2)">
              <conditions>
                <condition number="55" type="jump" coverage="100%" />
              </conditions>
            </line>
            <line number="31" hits="20" branch="True" condition-coverage="100% (2/2)">
              <conditions>
                <condition number="78" type="jump" coverage="100%" />
              </conditions>
            </line>
            <line number="32" hits="19" branch="True" condition-coverage="100% (2/2)">
              <conditions>
                <condition number="101" type="jump" coverage="100%" />
              </conditions>
            </line>
            <line number="33" hits="18" branch="False" />
          </lines>
        </class>
        <class name="TourManagement.Application.Services.BookingService/&lt;CreateAsync&gt;d__10" filename="TourManagement.Application/Services/BookingService.cs" line-rate="1" branch-rate="1" complexity="4">
          <methods>
            <method name="MoveNext" signature="()" line-rate="1" branch-rate="1" complexity="4">
              <lines>
                <line number="96" hits="3" branch="False" />
                <line number="98" hits="3" branch="False" />
                <line number="99" hits="3" branch="False" />
                <line number="101" hits="3" branch="False" />
                <line number="102" hits="3" branch="True" condition-coverage="100% (2/2)">
                  <conditions>
                    <condition number="274" type="jump" coverage="100%" />
                  </conditions>
                </line>
                <line number="103" hits="1" branch="False" />
                <line number="105" hits="2" branch="False" />
                <line number="106" hits="2" branch="True" condition-coverage="100% (2/2)">
                  <conditions>
                    <condition number="507" type="jump" coverage="100%" />
                  </conditions>
                </line>
                <line number="107" hits="1" branch="False" />
                <line number="109" hits="1" branch="False" />
                <line number="110" hits="1" branch="False" />
                <line number="111" hits="1" branch="False" />
                <line number="112" hits="1" branch="False" />
                <line number="114" hits="1" branch="False" />
                <line number="116" hits="1" branch="False" />
                <line number="117" hits="1" branch="False" />
                <line number="119" hits="2" branch="False" />
                <line number="120" hits="2" branch="False" />
                <line number="121" hits="2" branch="False" />
                <line number="122" hits="2" branch="False" />
                <line number="124" hits="1" branch="False" />
              </lines>
            </method>
          </methods>
          <lines>
            <line number="96" hits="3" branch="False" />
            <line number="98" hits="3" branch="False" />
            <line number="99" hits="3" branch="False" />
            <line number="101" hits="3" branch="False" />
            <line number="102" hits="3" branch="True" condition-coverage="100% (2/2)">
              <conditions>
                <condition number="274" type="jump" coverage="100%" />
              </conditions>
            </line>
            <line number="103" hits="1" branch="False" />
            <line number="105" hits="2" branch="False" />
            <line number="106" hits="2" branch="True" condition-coverage="100% (2/2)">
              <conditions>
                <condition number="507" type="jump" coverage="100%" />
              </conditions>
            </line>
            <line number="107" hits="1" branch="False" />
            <line number="109" hits="1" branch="False" />
            <line number="110" hits="1" branch="False" />
            <line number="111" hits="1" branch="False" />
            <line number="112" hits="1" branch="False" />
            <line number="114" hits="1" branch="False" />
            <line number="116" hits="1" branch="False" />
            <line number="117" hits="1" branch="False" />
            <line number="119" hits="2" branch="False" />
            <line number="120" hits="2" branch="False" />
            <line number="121" hits="2" branch="False" />
            <line number="122" hits="2" branch="False" />
            <line number="124" hits="1" branch="False" />
          </lines>
        </class>
        <class name="TourManagement.Application.Services.BookingService/&lt;DeleteAsync&gt;d__12" filename="TourManagement.Application/Services/BookingService.cs" line-rate="0.7646999999999999" branch-rate="1" complexity="4">
          <methods>
            <method name="MoveNext" signature="()" line-rate="0.7646999999999999" branch-rate="1" complexity="4">
              <lines>
                <line number="166" hits="2" branch="False" />
                <line number="168" hits="2" branch="False" />
                <line number="169" hits="2" branch="False" />
                <line number="171" hits="2" branch="False" />
                <line number="172" hits="2" branch="True" condition-coverage="100% (2/2)">
                  <conditions>
                    <condition number="229" type="jump" coverage="100%" />
                  </conditions>
                </line>
                <line number="173" hits="1" branch="False" />
                <line number="174" hits="1" branch="False" />
                <line number="175" hits="1" branch="False" />
                <line number="178" hits="1" branch="False" />
                <line number="180" hits="1" branch="True" condition-coverage="100% (2/2)">
                  <conditions>
                    <condition number="429" type="jump" coverage="100%" />
                  </conditions>
                </line>
                <line number="181" hits="1" branch="False" />
                <line number="183" hits="1" branch="False" />
                <line number="185" hits="0" branch="False" />
                <line number="186" hits="0" branch="False" />
                <line number="187" hits="0" branch="False" />
                <line number="188" hits="0" branch="False" />
                <line number="190" hits="2" branch="False" />
              </lines>
            </method>
          </methods>
          <lines>
            <line number="166" hits="2" branch="False" />
            <line number="168" hits="2" branch="False" />
            <line number="169" hits="2" branch="False" />
            <line number="171" hits="2" branch="False" />
            <line number="172" hits="2" branch="True" condition-coverage="100% (2/2)">
              <conditions>
                <condition number="229" type="jump" coverage="100%" />
              </conditions>
            </line>
            <line number="173" hits="1" branch="False" />
            <line number="174" hits="1" branch="False" />
            <line number="175" hits="1" branch="False" />
            <line number="178" hits="1" branch="False" />
            <line number="180" hits="1" branch="True" condition-coverage="100% (2/2)">
              <conditions>
                <condition number="429" type="jump" coverage="100%" />
              </conditions>
            </line>
            <line number="181" hits="1" branch="False" />
            <line number="183" hits="1" branch="False" />
            <line number="185" hits="0" branch="False" />
            <line number="186" hits="0" branch="False" />
            <line number="187" hits="0" branch="False" />
            <line number="188" hits="0" branch="False" />
            <line number="190" hits="2" branch="False" />
          </lines>
        </class>
        <class name="TourManagement.Application.Services.BookingService/&lt;GetAllAsync&gt;d__6" filename="TourManagement.Application/Services/BookingService.cs" line-rate="0.6" branch-rate="1" complexity="1">
          <methods>
            <method name="MoveNext" signature="()" line-rate="0.6" branch-rate="1" complexity="1">
              <lines>
                <line number="36" hits="1" branch="False" />
                <line number="38" hits="1" branch="False" />
                <line number="39" hits="1" branch="False" />
                <line number="40" hits="1" branch="False" />
                <line number="41" hits="1" branch="False" />
                <line number="43" hits="0" branch="False" />
                <line number="44" hits="0" branch="False" />
                <line number="45" hits="0" branch="False" />
                <line number="46" hits="0" branch="False" />
                <line number="48" hits="1" branch="False" />
              </lines>
            </method>
          </methods>
          <lines>
            <line number="36" hits="1" branch="False" />
            <line number="38" hits="1" branch="False" />
            <line number="39" hits="1" branch="False" />
            <line number="40" hits="1" branch="False" />
            <line number="41" hits="1" branch="False" />
            <line number="43" hits="0" branch="False" />
            <line number="44" hits="0" branch="False" />
            <line number="45" hits="0" branch="False" />
            <line number="46" hits="0" branch="False" />
            <line number="48" hits="1" branch="False" />
          </lines>
        </class>
        <class name="TourManagement.Application.Services.BookingService/&lt;GetByIdAsync&gt;d__7" filename="TourManagement.Application/Services/BookingService.cs" line-rate="0.6" branch-rate="1" complexity="2">
          <methods>
            <method name="MoveNext" signature="()" line-rate="0.6" branch-rate="1" complexity="2">
              <lines>
                <line number="51" hits="2" branch="False" />
                <line number="53" hits="2" branch="False" />
                <line number="54" hits="2" branch="False" />
                <line number="55" hits="2" branch="False" />
                <line number="56" hits="2" branch="True" condition-coverage="100% (2/2)">
                  <conditions>
                    <condition number="214" type="jump" coverage="100%" />
                  </conditions>
                </line>
                <line number="58" hits="0" branch="False" />
                <line number="59" hits="0" branch="False" />
                <line number="60" hits="0" branch="False" />
                <line number="61" hits="0" branch="False" />
                <line number="63" hits="2" branch="False" />
              </lines>
            </method>
          </methods>
          <lines>
            <line number="51" hits="2" branch="False" />
            <line number="53" hits="2" branch="False" />
            <line number="54" hits="2" branch="False" />
            <line number="55" hits="2" branch="False" />
            <line number="56" hits="2" branch="True" condition-coverage="100% (2/2)">
              <conditions>
                <condition number="214" type="jump" coverage="100%" />
              </conditions>
            </line>
            <line number="58" hits="0" branch="False" />
            <line number="59" hits="0" branch="False" />
            <line number="60" hits="0" branch="False" />
            <line number="61" hits="0" branch="False" />
            <line number="63" hits="2" branch="False" />
          </lines>
        </class>
        <class name="TourManagement.Application.Services.BookingService/&lt;GetByTourIdAsync&gt;d__9" filename="TourManagement.Application/Services/BookingService.cs" line-rate="0.6" branch-rate="1" complexity="1">
          <methods>
            <method name="MoveNext" signature="()" line-rate="0.6" branch-rate="1" complexity="1">
              <lines>
                <line number="81" hits="1" branch="False" />
                <line number="83" hits="1" branch="False" />
                <line number="84" hits="1" branch="False" />
                <line number="85" hits="1" branch="False" />
                <line number="86" hits="1" branch="False" />
                <line number="88" hits="0" branch="False" />
                <line number="89" hits="0" branch="False" />
                <line number="90" hits="0" branch="False" />
                <line number="91" hits="0" branch="False" />
                <line number="93" hits="1" branch="False" />
              </lines>
            </method>
          </methods>
          <lines>
            <line number="81" hits="1" branch="False" />
            <line number="83" hits="1" branch="False" />
            <line number="84" hits="1" branch="False" />
            <line number="85" hits="1" branch="False" />
            <line number="86" hits="1" branch="False" />
            <line number="88" hits="0" branch="False" />
            <line number="89" hits="0" branch="False" />
            <line number="90" hits="0" branch="False" />
            <line number="91" hits="0" branch="False" />
            <line number="93" hits="1" branch="False" />
          </lines>
        </class>
        <class name="TourManagement.Application.Services.BookingService/&lt;GetByUserEmailAsync&gt;d__8" filename="TourManagement.Application/Services/BookingService.cs" line-rate="0.6" branch-rate="1" complexity="1">
          <methods>
            <method name="MoveNext" signature="()" line-rate="0.6" branch-rate="1" complexity="1">
              <lines>
                <line number="66" hits="1" branch="False" />
                <line number="68" hits="1" branch="False" />
                <line number="69" hits="1" branch="False" />
                <line number="70" hits="1" branch="False" />
                <line number="71" hits="1" branch="False" />
                <line number="73" hits="0" branch="False" />
                <line number="74" hits="0" branch="False" />
                <line number="75" hits="0" branch="False" />
                <line number="76" hits="0" branch="False" />
                <line number="78" hits="1" branch="False" />
              </lines>
            </method>
          </methods>
          <lines>
            <line number="66" hits="1" branch="False" />
            <line number="68" hits="1" branch="False" />
            <line number="69" hits="1" branch="False" />
            <line number="70" hits="1" branch="False" />
            <line number="71" hits="1" branch="False" />
            <line number="73" hits="0" branch="False" />
            <line number="74" hits="0" branch="False" />
            <line number="75" hits="0" branch="False" />
            <line number="76" hits="0" branch="False" />
            <line number="78" hits="1" branch="False" />
          </lines>
        </class>
        <class name="TourManagement.Application.Services.BookingService/&lt;SearchAsync&gt;d__13" filename="TourManagement.Application/Services/BookingService.cs" line-rate="0.6" branch-rate="1" complexity="1">
          <methods>
            <method name="MoveNext" signature="()" line-rate="0.6" branch-rate="1" complexity="1">
              <lines>
                <line number="193" hits="1" branch="False" />
                <line number="195" hits="1" branch="False" />
                <line number="196" hits="1" branch="False" />
                <line number="197" hits="1" branch="False" />
                <line number="198" hits="1" branch="False" />
                <line number="200" hits="0" branch="False" />
                <line number="201" hits="0" branch="False" />
                <line number="202" hits="0" branch="False" />
                <line number="203" hits="0" branch="False" />
                <line number="205" hits="1" branch="False" />
              </lines>
            </method>
          </methods>
          <lines>
            <line number="193" hits="1" branch="False" />
            <line number="195" hits="1" branch="False" />
            <line number="196" hits="1" branch="False" />
            <line number="197" hits="1" branch="False" />
            <line number="198" hits="1" branch="False" />
            <line number="200" hits="0" branch="False" />
            <line number="201" hits="0" branch="False" />
            <line number="202" hits="0" branch="False" />
            <line number="203" hits="0" branch="False" />
            <line number="205" hits="1" branch="False" />
          </lines>
        </class>
        <class name="TourManagement.Application.Services.BookingService/&lt;UpdateAsync&gt;d__11" filename="TourManagement.Application/Services/BookingService.cs" line-rate="0.9259000000000001" branch-rate="0.6666" complexity="6">
          <methods>
            <method name="MoveNext" signature="()" line-rate="0.9259000000000001" branch-rate="0.6666" complexity="6">
              <lines>
                <line number="127" hits="2" branch="False" />
                <line number="129" hits="2" branch="False" />
                <line number="130" hits="2" branch="False" />
                <line number="132" hits="2" branch="False" />
                <line number="133" hits="2" branch="True" condition-coverage="100% (2/2)">
                  <conditions>
                    <condition number="259" type="jump" coverage="100%" />
                  </conditions>
                </line>
                <line number="134" hits="1" branch="False" />
                <line number="135" hits="1" branch="False" />
                <line number="136" hits="1" branch="False" />
                <line number="139" hits="1" branch="False" />
                <line number="140" hits="1" branch="True" condition-coverage="50% (1/2)">
                  <conditions>
                    <condition number="530" type="jump" coverage="50%" />
                  </conditions>
                </line>
                <line number="141" hits="0" branch="False" />
                <line number="143" hits="1" branch="False" />
                <line number="144" hits="1" branch="True" condition-coverage="50% (1/2)">
                  <conditions>
                    <condition number="763" type="jump" coverage="50%" />
                  </conditions>
                </line>
                <line number="145" hits="0" branch="False" />
                <line number="147" hits="1" branch="False" />
                <line number="148" hits="1" branch="False" />
                <line number="149" hits="1" branch="False" />
                <line number="150" hits="1" branch="False" />
                <line number="151" hits="1" branch="False" />
                <line number="153" hits="1" branch="False" />
                <line number="155" hits="1" branch="False" />
                <line number="156" hits="1" branch="False" />
                <line number="158" hits="1" branch="False" />
                <line number="159" hits="1" branch="False" />
                <line number="160" hits="1" branch="False" />
                <line number="161" hits="1" branch="False" />
                <line number="163" hits="1" branch="False" />
              </lines>
            </method>
          </methods>
          <lines>
            <line number="127" hits="2" branch="False" />
            <line number="129" hits="2" branch="False" />
            <line number="130" hits="2" branch="False" />
            <line number="132" hits="2" branch="False" />
            <line number="133" hits="2" branch="True" condition-coverage="100% (2/2)">
              <conditions>
                <condition number="259" type="jump" coverage="100%" />
              </conditions>
            </line>
            <line number="134" hits="1" branch="False" />
            <line number="135" hits="1" branch="False" />
            <line number="136" hits="1" branch="False" />
            <line number="139" hits="1" branch="False" />
            <line number="140" hits="1" branch="True" condition-coverage="50% (1/2)">
              <conditions>
                <condition number="530" type="jump" coverage="50%" />
              </conditions>
            </line>
            <line number="141" hits="0" branch="False" />
            <line number="143" hits="1" branch="False" />
            <line number="144" hits="1" branch="True" condition-coverage="50% (1/2)">
              <conditions>
                <condition number="763" type="jump" coverage="50%" />
              </conditions>
            </line>
            <line number="145" hits="0" branch="False" />
            <line number="147" hits="1" branch="False" />
            <line number="148" hits="1" branch="False" />
            <line number="149" hits="1" branch="False" />
            <line number="150" hits="1" branch="False" />
            <line number="151" hits="1" branch="False" />
            <line number="153" hits="1" branch="False" />
            <line number="155" hits="1" branch="False" />
            <line number="156" hits="1" branch="False" />
            <line number="158" hits="1" branch="False" />
            <line number="159" hits="1" branch="False" />
            <line number="160" hits="1" branch="False" />
            <line number="161" hits="1" branch="False" />
            <line number="163" hits="1" branch="False" />
          </lines>
        </class>
        <class name="TourManagement.Application.Services.TourService" filename="TourManagement.Application/Services/TourService.cs" line-rate="1" branch-rate="1" complexity="6">
          <methods>
            <method name=".ctor" signature="(TourManagement.Domain.Interfaces.Repositories.ITourRepository,AutoMapper.IMapper,Microsoft.Extensions.Logging.ILogger`1&lt;TourManagement.Application.Services.TourService&gt;)" line-rate="1" branch-rate="1" complexity="6">
              <lines>
                <line number="19" hits="21" branch="False" />
                <line number="20" hits="21" branch="False" />
                <line number="21" hits="21" branch="True" condition-coverage="100% (2/2)">
                  <conditions>
                    <condition number="11" type="jump" coverage="100%" />
                  </conditions>
                </line>
                <line number="22" hits="20" branch="True" condition-coverage="100% (2/2)">
                  <conditions>
                    <condition number="33" type="jump" coverage="100%" />
                  </conditions>
                </line>
                <line number="23" hits="19" branch="True" condition-coverage="100% (2/2)">
                  <conditions>
                    <condition number="55" type="jump" coverage="100%" />
                  </conditions>
                </line>
                <line number="24" hits="18" branch="False" />
              </lines>
            </method>
          </methods>
          <lines>
            <line number="19" hits="21" branch="False" />
            <line number="20" hits="21" branch="False" />
            <line number="21" hits="21" branch="True" condition-coverage="100% (2/2)">
              <conditions>
                <condition number="11" type="jump" coverage="100%" />
              </conditions>
            </line>
            <line number="22" hits="20" branch="True" condition-coverage="100% (2/2)">
              <conditions>
                <condition number="33" type="jump" coverage="100%" />
              </conditions>
            </line>
            <line number="23" hits="19" branch="True" condition-coverage="100% (2/2)">
              <conditions>
                <condition number="55" type="jump" coverage="100%" />
              </conditions>
            </line>
            <line number="24" hits="18" branch="False" />
          </lines>
        </class>
        <class name="TourManagement.Application.Services.TourService/&lt;CreateAsync&gt;d__6" filename="TourManagement.Application/Services/TourService.cs" line-rate="1" branch-rate="1" complexity="2">
          <methods>
            <method name="MoveNext" signature="()" line-rate="1" branch-rate="1" complexity="2">
              <lines>
                <line number="57" hits="4" branch="False" />
                <line number="59" hits="4" branch="False" />
                <line number="60" hits="4" branch="False" />
                <line number="62" hits="4" branch="True" condition-coverage="100% (2/2)">
                  <conditions>
                    <condition number="87" type="jump" coverage="100%" />
                  </conditions>
                </line>
                <line number="63" hits="2" branch="False" />
                <line number="65" hits="2" branch="False" />
                <line number="66" hits="2" branch="False" />
                <line number="68" hits="2" branch="False" />
                <line number="69" hits="2" branch="False" />
                <line number="71" hits="2" branch="False" />
                <line number="72" hits="2" branch="False" />
                <line number="73" hits="2" branch="False" />
                <line number="74" hits="2" branch="False" />
                <line number="76" hits="2" branch="False" />
              </lines>
            </method>
          </methods>
          <lines>
            <line number="57" hits="4" branch="False" />
            <line number="59" hits="4" branch="False" />
            <line number="60" hits="4" branch="False" />
            <line number="62" hits="4" branch="True" condition-coverage="100% (2/2)">
              <conditions>
                <condition number="87" type="jump" coverage="100%" />
              </conditions>
            </line>
            <line number="63" hits="2" branch="False" />
            <line number="65" hits="2" branch="False" />
            <line number="66" hits="2" branch="False" />
            <line number="68" hits="2" branch="False" />
            <line number="69" hits="2" branch="False" />
            <line number="71" hits="2" branch="False" />
            <line number="72" hits="2" branch="False" />
            <line number="73" hits="2" branch="False" />
            <line number="74" hits="2" branch="False" />
            <line number="76" hits="2" branch="False" />
          </lines>
        </class>
        <class name="TourManagement.Application.Services.TourService/&lt;DeleteAsync&gt;d__8" filename="TourManagement.Application/Services/TourService.cs" line-rate="0.7646999999999999" branch-rate="1" complexity="4">
          <methods>
            <method name="MoveNext" signature="()" line-rate="0.7646999999999999" branch-rate="1" complexity="4">
              <lines>
                <line number="107" hits="2" branch="False" />
                <line number="109" hits="2" branch="False" />
                <line number="110" hits="2" branch="False" />
                <line number="112" hits="2" branch="False" />
                <line number="113" hits="2" branch="True" condition-coverage="100% (2/2)">
                  <conditions>
                    <condition number="229" type="jump" coverage="100%" />
                  </conditions>
                </line>
                <line number="114" hits="1" branch="False" />
                <line number="115" hits="1" branch="False" />
                <line number="116" hits="1" branch="False" />
                <line number="119" hits="1" branch="False" />
                <line number="121" hits="1" branch="True" condition-coverage="100% (2/2)">
                  <conditions>
                    <condition number="429" type="jump" coverage="100%" />
                  </conditions>
                </line>
                <line number="122" hits="1" branch="False" />
                <line number="124" hits="1" branch="False" />
                <line number="126" hits="0" branch="False" />
                <line number="127" hits="0" branch="False" />
                <line number="128" hits="0" branch="False" />
                <line number="129" hits="0" branch="False" />
                <line number="131" hits="2" branch="False" />
              </lines>
            </method>
          </methods>
          <lines>
            <line number="107" hits="2" branch="False" />
            <line number="109" hits="2" branch="False" />
            <line number="110" hits="2" branch="False" />
            <line number="112" hits="2" branch="False" />
            <line number="113" hits="2" branch="True" condition-coverage="100% (2/2)">
              <conditions>
                <condition number="229" type="jump" coverage="100%" />
              </conditions>
            </line>
            <line number="114" hits="1" branch="False" />
            <line number="115" hits="1" branch="False" />
            <line number="116" hits="1" branch="False" />
            <line number="119" hits="1" branch="False" />
            <line number="121" hits="1" branch="True" condition-coverage="100% (2/2)">
              <conditions>
                <condition number="429" type="jump" coverage="100%" />
              </conditions>
            </line>
            <line number="122" hits="1" branch="False" />
            <line number="124" hits="1" branch="False" />
            <line number="126" hits="0" branch="False" />
            <line number="127" hits="0" branch="False" />
            <line number="128" hits="0" branch="False" />
            <line number="129" hits="0" branch="False" />
            <line number="131" hits="2" branch="False" />
          </lines>
        </class>
        <class name="TourManagement.Application.Services.TourService/&lt;GetAllAsync&gt;d__4" filename="TourManagement.Application/Services/TourService.cs" line-rate="0.6" branch-rate="1" complexity="1">
          <methods>
            <method name="MoveNext" signature="()" line-rate="0.6" branch-rate="1" complexity="1">
              <lines>
                <line number="27" hits="3" branch="False" />
                <line number="29" hits="3" branch="False" />
                <line number="30" hits="3" branch="False" />
                <line number="31" hits="3" branch="False" />
                <line number="32" hits="3" branch="False" />
                <line number="34" hits="0" branch="False" />
                <line number="35" hits="0" branch="False" />
                <line number="36" hits="0" branch="False" />
                <line number="37" hits="0" branch="False" />
                <line number="39" hits="3" branch="False" />
              </lines>
            </method>
          </methods>
          <lines>
            <line number="27" hits="3" branch="False" />
            <line number="29" hits="3" branch="False" />
            <line number="30" hits="3" branch="False" />
            <line number="31" hits="3" branch="False" />
            <line number="32" hits="3" branch="False" />
            <line number="34" hits="0" branch="False" />
            <line number="35" hits="0" branch="False" />
            <line number="36" hits="0" branch="False" />
            <line number="37" hits="0" branch="False" />
            <line number="39" hits="3" branch="False" />
          </lines>
        </class>
        <class name="TourManagement.Application.Services.TourService/&lt;GetByIdAsync&gt;d__5" filename="TourManagement.Application/Services/TourService.cs" line-rate="0.6" branch-rate="1" complexity="2">
          <methods>
            <method name="MoveNext" signature="()" line-rate="0.6" branch-rate="1" complexity="2">
              <lines>
                <line number="42" hits="3" branch="False" />
                <line number="44" hits="3" branch="False" />
                <line number="45" hits="3" branch="False" />
                <line number="46" hits="3" branch="False" />
                <line number="47" hits="3" branch="True" condition-coverage="100% (2/2)">
                  <conditions>
                    <condition number="214" type="jump" coverage="100%" />
                  </conditions>
                </line>
                <line number="49" hits="0" branch="False" />
                <line number="50" hits="0" branch="False" />
                <line number="51" hits="0" branch="False" />
                <line number="52" hits="0" branch="False" />
                <line number="54" hits="3" branch="False" />
              </lines>
            </method>
          </methods>
          <lines>
            <line number="42" hits="3" branch="False" />
            <line number="44" hits="3" branch="False" />
            <line number="45" hits="3" branch="False" />
            <line number="46" hits="3" branch="False" />
            <line number="47" hits="3" branch="True" condition-coverage="100% (2/2)">
              <conditions>
                <condition number="214" type="jump" coverage="100%" />
              </conditions>
            </line>
            <line number="49" hits="0" branch="False" />
            <line number="50" hits="0" branch="False" />
            <line number="51" hits="0" branch="False" />
            <line number="52" hits="0" branch="False" />
            <line number="54" hits="3" branch="False" />
          </lines>
        </class>
        <class name="TourManagement.Application.Services.TourService/&lt;SearchAsync&gt;d__9" filename="TourManagement.Application/Services/TourService.cs" line-rate="0.6" branch-rate="1" complexity="1">
          <methods>
            <method name="MoveNext" signature="()" line-rate="0.6" branch-rate="1" complexity="1">
              <lines>
                <line number="134" hits="1" branch="False" />
                <line number="136" hits="1" branch="False" />
                <line number="137" hits="1" branch="False" />
                <line number="138" hits="1" branch="False" />
                <line number="139" hits="1" branch="False" />
                <line number="141" hits="0" branch="False" />
                <line number="142" hits="0" branch="False" />
                <line number="143" hits="0" branch="False" />
                <line number="144" hits="0" branch="False" />
                <line number="146" hits="1" branch="False" />
              </lines>
            </method>
          </methods>
          <lines>
            <line number="134" hits="1" branch="False" />
            <line number="136" hits="1" branch="False" />
            <line number="137" hits="1" branch="False" />
            <line number="138" hits="1" branch="False" />
            <line number="139" hits="1" branch="False" />
            <line number="141" hits="0" branch="False" />
            <line number="142" hits="0" branch="False" />
            <line number="143" hits="0" branch="False" />
            <line number="144" hits="0" branch="False" />
            <line number="146" hits="1" branch="False" />
          </lines>
        </class>
        <class name="TourManagement.Application.Services.TourService/&lt;UpdateAsync&gt;d__7" filename="TourManagement.Application/Services/TourService.cs" line-rate="1" branch-rate="1" complexity="2">
          <methods>
            <method name="MoveNext" signature="()" line-rate="1" branch-rate="1" complexity="2">
              <lines>
                <line number="79" hits="2" branch="False" />
                <line number="81" hits="2" branch="False" />
                <line number="82" hits="2" branch="False" />
                <line number="84" hits="2" branch="False" />
                <line number="85" hits="2" branch="True" condition-coverage="100% (2/2)">
                  <conditions>
                    <condition number="236" type="jump" coverage="100%" />
                  </conditions>
                </line>
                <line number="86" hits="1" branch="False" />
                <line number="87" hits="1" branch="False" />
                <line number="88" hits="1" branch="False" />
                <line number="91" hits="1" branch="False" />
                <line number="92" hits="1" branch="False" />
                <line number="94" hits="1" branch="False" />
                <line number="96" hits="1" branch="False" />
                <line number="97" hits="1" branch="False" />
                <line number="99" hits="1" branch="False" />
                <line number="100" hits="1" branch="False" />
                <line number="101" hits="1" branch="False" />
                <line number="102" hits="1" branch="False" />
                <line number="104" hits="1" branch="False" />
              </lines>
            </method>
          </methods>
          <lines>
            <line number="79" hits="2" branch="False" />
            <line number="81" hits="2" branch="False" />
            <line number="82" hits="2" branch="False" />
            <line number="84" hits="2" branch="False" />
            <line number="85" hits="2" branch="True" condition-coverage="100% (2/2)">
              <conditions>
                <condition number="236" type="jump" coverage="100%" />
              </conditions>
            </line>
            <line number="86" hits="1" branch="False" />
            <line number="87" hits="1" branch="False" />
            <line number="88" hits="1" branch="False" />
            <line number="91" hits="1" branch="False" />
            <line number="92" hits="1" branch="False" />
            <line number="94" hits="1" branch="False" />
            <line number="96" hits="1" branch="False" />
            <line number="97" hits="1" branch="False" />
            <line number="99" hits="1" branch="False" />
            <line number="100" hits="1" branch="False" />
            <line number="101" hits="1" branch="False" />
            <line number="102" hits="1" branch="False" />
            <line number="104" hits="1" branch="False" />
          </lines>
        </class>
        <class name="TourManagement.Application.Services.UserInfoService" filename="TourManagement.Application/Services/UserInfoService.cs" line-rate="1" branch-rate="1" complexity="6">
          <methods>
            <method name=".ctor" signature="(TourManagement.Domain.Interfaces.Repositories.IUserInfoRepository,AutoMapper.IMapper,Microsoft.Extensions.Logging.ILogger`1&lt;TourManagement.Application.Services.UserInfoService&gt;)" line-rate="1" branch-rate="1" complexity="6">
              <lines>
                <line number="19" hits="20" branch="False" />
                <line number="20" hits="20" branch="False" />
                <line number="21" hits="20" branch="True" condition-coverage="100% (2/2)">
                  <conditions>
                    <condition number="11" type="jump" coverage="100%" />
                  </conditions>
                </line>
                <line number="22" hits="19" branch="True" condition-coverage="100% (2/2)">
                  <conditions>
                    <condition number="33" type="jump" coverage="100%" />
                  </conditions>
                </line>
                <line number="23" hits="18" branch="True" condition-coverage="100% (2/2)">
                  <conditions>
                    <condition number="55" type="jump" coverage="100%" />
                  </conditions>
                </line>
                <line number="24" hits="17" branch="False" />
              </lines>
            </method>
          </methods>
          <lines>
            <line number="19" hits="20" branch="False" />
            <line number="20" hits="20" branch="False" />
            <line number="21" hits="20" branch="True" condition-coverage="100% (2/2)">
              <conditions>
                <condition number="11" type="jump" coverage="100%" />
              </conditions>
            </line>
            <line number="22" hits="19" branch="True" condition-coverage="100% (2/2)">
              <conditions>
                <condition number="33" type="jump" coverage="100%" />
              </conditions>
            </line>
            <line number="23" hits="18" branch="True" condition-coverage="100% (2/2)">
              <conditions>
                <condition number="55" type="jump" coverage="100%" />
              </conditions>
            </line>
            <line number="24" hits="17" branch="False" />
          </lines>
        </class>
        <class name="TourManagement.Application.Services.UserInfoService/&lt;CreateAsync&gt;d__6" filename="TourManagement.Application/Services/UserInfoService.cs" line-rate="1" branch-rate="1" complexity="4">
          <methods>
            <method name="MoveNext" signature="()" line-rate="1" branch-rate="1" complexity="4">
              <lines>
                <line number="57" hits="3" branch="False" />
                <line number="59" hits="3" branch="False" />
                <line number="60" hits="3" branch="False" />
                <line number="62" hits="3" branch="True" condition-coverage="100% (2/2)">
                  <conditions>
                    <condition number="99" type="jump" coverage="100%" />
                  </conditions>
                </line>
                <line number="63" hits="1" branch="False" />
                <line number="65" hits="2" branch="True" condition-coverage="100% (2/2)">
                  <conditions>
                    <condition number="257" type="jump" coverage="100%" />
                  </conditions>
                </line>
                <line number="66" hits="1" branch="False" />
                <line number="68" hits="1" branch="False" />
                <line number="69" hits="1" branch="False" />
                <line number="71" hits="1" branch="False" />
                <line number="72" hits="1" branch="False" />
                <line number="74" hits="2" branch="False" />
                <line number="75" hits="2" branch="False" />
                <line number="76" hits="2" branch="False" />
                <line number="77" hits="2" branch="False" />
                <line number="79" hits="1" branch="False" />
              </lines>
            </method>
          </methods>
          <lines>
            <line number="57" hits="3" branch="False" />
            <line number="59" hits="3" branch="False" />
            <line number="60" hits="3" branch="False" />
            <line number="62" hits="3" branch="True" condition-coverage="100% (2/2)">
              <conditions>
                <condition number="99" type="jump" coverage="100%" />
              </conditions>
            </line>
            <line number="63" hits="1" branch="False" />
            <line number="65" hits="2" branch="True" condition-coverage="100% (2/2)">
              <conditions>
                <condition number="257" type="jump" coverage="100%" />
              </conditions>
            </line>
            <line number="66" hits="1" branch="False" />
            <line number="68" hits="1" branch="False" />
            <line number="69" hits="1" branch="False" />
            <line number="71" hits="1" branch="False" />
            <line number="72" hits="1" branch="False" />
            <line number="74" hits="2" branch="False" />
            <line number="75" hits="2" branch="False" />
            <line number="76" hits="2" branch="False" />
            <line number="77" hits="2" branch="False" />
            <line number="79" hits="1" branch="False" />
          </lines>
        </class>
        <class name="TourManagement.Application.Services.UserInfoService/&lt;DeleteAsync&gt;d__8" filename="TourManagement.Application/Services/UserInfoService.cs" line-rate="0.7646999999999999" branch-rate="1" complexity="4">
          <methods>
            <method name="MoveNext" signature="()" line-rate="0.7646999999999999" branch-rate="1" complexity="4">
              <lines>
                <line number="110" hits="2" branch="False" />
                <line number="112" hits="2" branch="False" />
                <line number="113" hits="2" branch="False" />
                <line number="115" hits="2" branch="False" />
                <line number="116" hits="2" branch="True" condition-coverage="100% (2/2)">
                  <conditions>
                    <condition number="221" type="jump" coverage="100%" />
                  </conditions>
                </line>
                <line number="117" hits="1" branch="False" />
                <line number="118" hits="1" branch="False" />
                <line number="119" hits="1" branch="False" />
                <line number="122" hits="1" branch="False" />
                <line number="124" hits="1" branch="True" condition-coverage="100% (2/2)">
                  <conditions>
                    <condition number="416" type="jump" coverage="100%" />
                  </conditions>
                </line>
                <line number="125" hits="1" branch="False" />
                <line number="127" hits="1" branch="False" />
                <line number="129" hits="0" branch="False" />
                <line number="130" hits="0" branch="False" />
                <line number="131" hits="0" branch="False" />
                <line number="132" hits="0" branch="False" />
                <line number="134" hits="2" branch="False" />
              </lines>
            </method>
          </methods>
          <lines>
            <line number="110" hits="2" branch="False" />
            <line number="112" hits="2" branch="False" />
            <line number="113" hits="2" branch="False" />
            <line number="115" hits="2" branch="False" />
            <line number="116" hits="2" branch="True" condition-coverage="100% (2/2)">
              <conditions>
                <condition number="221" type="jump" coverage="100%" />
              </conditions>
            </line>
            <line number="117" hits="1" branch="False" />
            <line number="118" hits="1" branch="False" />
            <line number="119" hits="1" branch="False" />
            <line number="122" hits="1" branch="False" />
            <line number="124" hits="1" branch="True" condition-coverage="100% (2/2)">
              <conditions>
                <condition number="416" type="jump" coverage="100%" />
              </conditions>
            </line>
            <line number="125" hits="1" branch="False" />
            <line number="127" hits="1" branch="False" />
            <line number="129" hits="0" branch="False" />
            <line number="130" hits="0" branch="False" />
            <line number="131" hits="0" branch="False" />
            <line number="132" hits="0" branch="False" />
            <line number="134" hits="2" branch="False" />
          </lines>
        </class>
        <class name="TourManagement.Application.Services.UserInfoService/&lt;GetAllAsync&gt;d__4" filename="TourManagement.Application/Services/UserInfoService.cs" line-rate="0.6" branch-rate="1" complexity="1">
          <methods>
            <method name="MoveNext" signature="()" line-rate="0.6" branch-rate="1" complexity="1">
              <lines>
                <line number="27" hits="1" branch="False" />
                <line number="29" hits="1" branch="False" />
                <line number="30" hits="1" branch="False" />
                <line number="31" hits="1" branch="False" />
                <line number="32" hits="1" branch="False" />
                <line number="34" hits="0" branch="False" />
                <line number="35" hits="0" branch="False" />
                <line number="36" hits="0" branch="False" />
                <line number="37" hits="0" branch="False" />
                <line number="39" hits="1" branch="False" />
              </lines>
            </method>
          </methods>
          <lines>
            <line number="27" hits="1" branch="False" />
            <line number="29" hits="1" branch="False" />
            <line number="30" hits="1" branch="False" />
            <line number="31" hits="1" branch="False" />
            <line number="32" hits="1" branch="False" />
            <line number="34" hits="0" branch="False" />
            <line number="35" hits="0" branch="False" />
            <line number="36" hits="0" branch="False" />
            <line number="37" hits="0" branch="False" />
            <line number="39" hits="1" branch="False" />
          </lines>
        </class>
        <class name="TourManagement.Application.Services.UserInfoService/&lt;GetByIdAsync&gt;d__5" filename="TourManagement.Application/Services/UserInfoService.cs" line-rate="0.6" branch-rate="1" complexity="2">
          <methods>
            <method name="MoveNext" signature="()" line-rate="0.6" branch-rate="1" complexity="2">
              <lines>
                <line number="42" hits="2" branch="False" />
                <line number="44" hits="2" branch="False" />
                <line number="45" hits="2" branch="False" />
                <line number="46" hits="2" branch="False" />
                <line number="47" hits="2" branch="True" condition-coverage="100% (2/2)">
                  <conditions>
                    <condition number="209" type="jump" coverage="100%" />
                  </conditions>
                </line>
                <line number="49" hits="0" branch="False" />
                <line number="50" hits="0" branch="False" />
                <line number="51" hits="0" branch="False" />
                <line number="52" hits="0" branch="False" />
                <line number="54" hits="2" branch="False" />
              </lines>
            </method>
          </methods>
          <lines>
            <line number="42" hits="2" branch="False" />
            <line number="44" hits="2" branch="False" />
            <line number="45" hits="2" branch="False" />
            <line number="46" hits="2" branch="False" />
            <line number="47" hits="2" branch="True" condition-coverage="100% (2/2)">
              <conditions>
                <condition number="209" type="jump" coverage="100%" />
              </conditions>
            </line>
            <line number="49" hits="0" branch="False" />
            <line number="50" hits="0" branch="False" />
            <line number="51" hits="0" branch="False" />
            <line number="52" hits="0" branch="False" />
            <line number="54" hits="2" branch="False" />
          </lines>
        </class>
        <class name="TourManagement.Application.Services.UserInfoService/&lt;SearchAsync&gt;d__9" filename="TourManagement.Application/Services/UserInfoService.cs" line-rate="0.6" branch-rate="1" complexity="1">
          <methods>
            <method name="MoveNext" signature="()" line-rate="0.6" branch-rate="1" complexity="1">
              <lines>
                <line number="137" hits="1" branch="False" />
                <line number="139" hits="1" branch="False" />
                <line number="140" hits="1" branch="False" />
                <line number="141" hits="1" branch="False" />
                <line number="142" hits="1" branch="False" />
                <line number="144" hits="0" branch="False" />
                <line number="145" hits="0" branch="False" />
                <line number="146" hits="0" branch="False" />
                <line number="147" hits="0" branch="False" />
                <line number="149" hits="1" branch="False" />
              </lines>
            </method>
          </methods>
          <lines>
            <line number="137" hits="1" branch="False" />
            <line number="139" hits="1" branch="False" />
            <line number="140" hits="1" branch="False" />
            <line number="141" hits="1" branch="False" />
            <line number="142" hits="1" branch="False" />
            <line number="144" hits="0" branch="False" />
            <line number="145" hits="0" branch="False" />
            <line number="146" hits="0" branch="False" />
            <line number="147" hits="0" branch="False" />
            <line number="149" hits="1" branch="False" />
          </lines>
        </class>
        <class name="TourManagement.Application.Services.UserInfoService/&lt;UpdateAsync&gt;d__7" filename="TourManagement.Application/Services/UserInfoService.cs" line-rate="1" branch-rate="1" complexity="2">
          <methods>
            <method name="MoveNext" signature="()" line-rate="1" branch-rate="1" complexity="2">
              <lines>
                <line number="82" hits="2" branch="False" />
                <line number="84" hits="2" branch="False" />
                <line number="85" hits="2" branch="False" />
                <line number="87" hits="2" branch="False" />
                <line number="88" hits="2" branch="True" condition-coverage="100% (2/2)">
                  <conditions>
                    <condition number="228" type="jump" coverage="100%" />
                  </conditions>
                </line>
                <line number="89" hits="1" branch="False" />
                <line number="90" hits="1" branch="False" />
                <line number="91" hits="1" branch="False" />
                <line number="94" hits="1" branch="False" />
                <line number="95" hits="1" branch="False" />
                <line number="97" hits="1" branch="False" />
                <line number="99" hits="1" branch="False" />
                <line number="100" hits="1" branch="False" />
                <line number="102" hits="1" branch="False" />
                <line number="103" hits="1" branch="False" />
                <line number="104" hits="1" branch="False" />
                <line number="105" hits="1" branch="False" />
                <line number="107" hits="1" branch="False" />
              </lines>
            </method>
          </methods>
          <lines>
            <line number="82" hits="2" branch="False" />
            <line number="84" hits="2" branch="False" />
            <line number="85" hits="2" branch="False" />
            <line number="87" hits="2" branch="False" />
            <line number="88" hits="2" branch="True" condition-coverage="100% (2/2)">
              <conditions>
                <condition number="228" type="jump" coverage="100%" />
              </conditions>
            </line>
            <line number="89" hits="1" branch="False" />
            <line number="90" hits="1" branch="False" />
            <line number="91" hits="1" branch="False" />
            <line number="94" hits="1" branch="False" />
            <line number="95" hits="1" branch="False" />
            <line number="97" hits="1" branch="False" />
            <line number="99" hits="1" branch="False" />
            <line number="100" hits="1" branch="False" />
            <line number="102" hits="1" branch="False" />
            <line number="103" hits="1" branch="False" />
            <line number="104" hits="1" branch="False" />
            <line number="105" hits="1" branch="False" />
            <line number="107" hits="1" branch="False" />
          </lines>
        </class>
        <class name="TourManagement.Application.Services.UserInfoService/&lt;ValidateLoginAsync&gt;d__10" filename="TourManagement.Application/Services/UserInfoService.cs" line-rate="0.7777" branch-rate="1" complexity="4">
          <methods>
            <method name="MoveNext" signature="()" line-rate="0.7777" branch-rate="1" complexity="4">
              <lines>
                <line number="152" hits="3" branch="False" />
                <line number="154" hits="3" branch="False" />
                <line number="155" hits="3" branch="False" />
                <line number="157" hits="3" branch="False" />
                <line number="158" hits="3" branch="True" condition-coverage="100% (2/2)">
                  <conditions>
                    <condition number="216" type="jump" coverage="100%" />
                  </conditions>
                </line>
                <line number="159" hits="1" branch="False" />
                <line number="160" hits="1" branch="False" />
                <line number="161" hits="1" branch="False" />
                <line number="164" hits="2" branch="False" />
                <line number="166" hits="2" branch="True" condition-coverage="100% (2/2)">
                  <conditions>
                    <condition number="303" type="jump" coverage="100%" />
                  </conditions>
                </line>
                <line number="167" hits="1" branch="False" />
                <line number="169" hits="1" branch="False" />
                <line number="171" hits="2" branch="False" />
                <line number="173" hits="0" branch="False" />
                <line number="174" hits="0" branch="False" />
                <line number="175" hits="0" branch="False" />
                <line number="176" hits="0" branch="False" />
                <line number="178" hits="3" branch="False" />
              </lines>
            </method>
          </methods>
          <lines>
            <line number="152" hits="3" branch="False" />
            <line number="154" hits="3" branch="False" />
            <line number="155" hits="3" branch="False" />
            <line number="157" hits="3" branch="False" />
            <line number="158" hits="3" branch="True" condition-coverage="100% (2/2)">
              <conditions>
                <condition number="216" type="jump" coverage="100%" />
              </conditions>
            </line>
            <line number="159" hits="1" branch="False" />
            <line number="160" hits="1" branch="False" />
            <line number="161" hits="1" branch="False" />
            <line number="164" hits="2" branch="False" />
            <line number="166" hits="2" branch="True" condition-coverage="100% (2/2)">
              <conditions>
                <condition number="303" type="jump" coverage="100%" />
              </conditions>
            </line>
            <line number="167" hits="1" branch="False" />
            <line number="169" hits="1" branch="False" />
            <line number="171" hits="2" branch="False" />
            <line number="173" hits="0" branch="False" />
            <line number="174" hits="0" branch="False" />
            <line number="175" hits="0" branch="False" />
            <line number="176" hits="0" branch="False" />
            <line number="178" hits="3" branch="False" />
          </lines>
        </class>
        <class name="TourManagement.Application.Mappings.MappingProfile" filename="TourManagement.Application/Mappings/MappingProfile.cs" line-rate="1" branch-rate="1" complexity="1">
          <methods>
            <method name=".ctor" signature="()" line-rate="1" branch-rate="1" complexity="1">
              <lines>
                <line number="12" hits="1" branch="False" />
                <line number="13" hits="1" branch="False" />
                <line number="15" hits="1" branch="False" />
                <line number="16" hits="1" branch="False" />
                <line number="17" hits="1" branch="False" />
                <line number="18" hits="1" branch="False" />
                <line number="19" hits="1" branch="False" />
                <line number="20" hits="1" branch="False" />
                <line number="21" hits="1" branch="False" />
                <line number="22" hits="1" branch="False" />
                <line number="23" hits="2" branch="False" />
                <line number="25" hits="1" branch="False" />
                <line number="26" hits="1" branch="False" />
                <line number="27" hits="1" branch="False" />
                <line number="28" hits="1" branch="False" />
                <line number="29" hits="1" branch="False" />
                <line number="30" hits="1" branch="False" />
                <line number="31" hits="2" branch="False" />
                <line number="34" hits="1" branch="False" />
                <line number="35" hits="1" branch="False" />
                <line number="36" hits="1" branch="False" />
                <line number="37" hits="1" branch="False" />
                <line number="38" hits="1" branch="False" />
                <line number="39" hits="1" branch="False" />
                <line number="40" hits="1" branch="False" />
                <line number="41" hits="1" branch="False" />
                <line number="42" hits="1" branch="False" />
                <line number="43" hits="2" branch="False" />
                <line number="45" hits="1" branch="False" />
                <line number="46" hits="1" branch="False" />
                <line number="47" hits="1" branch="False" />
                <line number="48" hits="1" branch="False" />
                <line number="49" hits="1" branch="False" />
                <line number="50" hits="1" branch="False" />
                <line number="51" hits="1" branch="False" />
                <line number="52" hits="2" branch="False" />
                <line number="55" hits="1" branch="False" />
                <line number="56" hits="1" branch="False" />
                <line number="57" hits="1" branch="False" />
                <line number="58" hits="1" branch="False" />
                <line number="59" hits="1" branch="False" />
                <line number="60" hits="1" branch="False" />
                <line number="61" hits="1" branch="False" />
                <line number="62" hits="1" branch="False" />
                <line number="63" hits="1" branch="False" />
                <line number="64" hits="1" branch="False" />
                <line number="65" hits="1" branch="False" />
                <line number="66" hits="1" branch="False" />
                <line number="67" hits="1" branch="False" />
                <line number="68" hits="2" branch="False" />
                <line number="70" hits="1" branch="False" />
                <line number="71" hits="1" branch="False" />
                <line number="72" hits="1" branch="False" />
                <line number="73" hits="1" branch="False" />
                <line number="74" hits="1" branch="False" />
                <line number="75" hits="1" branch="False" />
                <line number="76" hits="1" branch="False" />
                <line number="77" hits="1" branch="False" />
                <line number="78" hits="1" branch="False" />
                <line number="79" hits="1" branch="False" />
                <line number="80" hits="1" branch="False" />
                <line number="81" hits="2" branch="False" />
                <line number="82" hits="1" branch="False" />
              </lines>
            </method>
          </methods>
          <lines>
            <line number="12" hits="1" branch="False" />
            <line number="13" hits="1" branch="False" />
            <line number="15" hits="1" branch="False" />
            <line number="16" hits="1" branch="False" />
            <line number="17" hits="1" branch="False" />
            <line number="18" hits="1" branch="False" />
            <line number="19" hits="1" branch="False" />
            <line number="20" hits="1" branch="False" />
            <line number="21" hits="1" branch="False" />
            <line number="22" hits="1" branch="False" />
            <line number="23" hits="2" branch="False" />
            <line number="25" hits="1" branch="False" />
            <line number="26" hits="1" branch="False" />
            <line number="27" hits="1" branch="False" />
            <line number="28" hits="1" branch="False" />
            <line number="29" hits="1" branch="False" />
            <line number="30" hits="1" branch="False" />
            <line number="31" hits="2" branch="False" />
            <line number="34" hits="1" branch="False" />
            <line number="35" hits="1" branch="False" />
            <line number="36" hits="1" branch="False" />
            <line number="37" hits="1" branch="False" />
            <line number="38" hits="1" branch="False" />
            <line number="39" hits="1" branch="False" />
            <line number="40" hits="1" branch="False" />
            <line number="41" hits="1" branch="False" />
            <line number="42" hits="1" branch="False" />
            <line number="43" hits="2" branch="False" />
            <line number="45" hits="1" branch="False" />
            <line number="46" hits="1" branch="False" />
            <line number="47" hits="1" branch="False" />
            <line number="48" hits="1" branch="False" />
            <line number="49" hits="1" branch="False" />
            <line number="50" hits="1" branch="False" />
            <line number="51" hits="1" branch="False" />
            <line number="52" hits="2" branch="False" />
            <line number="55" hits="1" branch="False" />
            <line number="56" hits="1" branch="False" />
            <line number="57" hits="1" branch="False" />
            <line number="58" hits="1" branch="False" />
            <line number="59" hits="1" branch="False" />
            <line number="60" hits="1" branch="False" />
            <line number="61" hits="1" branch="False" />
            <line number="62" hits="1" branch="False" />
            <line number="63" hits="1" branch="False" />
            <line number="64" hits="1" branch="False" />
            <line number="65" hits="1" branch="False" />
            <line number="66" hits="1" branch="False" />
            <line number="67" hits="1" branch="False" />
            <line number="68" hits="2" branch="False" />
            <line number="70" hits="1" branch="False" />
            <line number="71" hits="1" branch="False" />
            <line number="72" hits="1" branch="False" />
            <line number="73" hits="1" branch="False" />
            <line number="74" hits="1" branch="False" />
            <line number="75" hits="1" branch="False" />
            <line number="76" hits="1" branch="False" />
            <line number="77" hits="1" branch="False" />
            <line number="78" hits="1" branch="False" />
            <line number="79" hits="1" branch="False" />
            <line number="80" hits="1" branch="False" />
            <line number="81" hits="2" branch="False" />
            <line number="82" hits="1" branch="False" />
          </lines>
        </class>
        <class name="TourManagement.Application.Extensions.ServiceCollectionExtensions" filename="TourManagement.Application/Extensions/ServiceCollectionExtensions.cs" line-rate="1" branch-rate="1" complexity="1">
          <methods>
            <method name="AddApplicationServices" signature="(Microsoft.Extensions.DependencyInjection.IServiceCollection)" line-rate="1" branch-rate="1" complexity="1">
              <lines>
                <line number="14" hits="6" branch="False" />
                <line number="15" hits="6" branch="False" />
                <line number="17" hits="6" branch="False" />
                <line number="18" hits="6" branch="False" />
                <line number="19" hits="6" branch="False" />
                <line number="21" hits="6" branch="False" />
                <line number="22" hits="6" branch="False" />
              </lines>
            </method>
          </methods>
          <lines>
            <line number="14" hits="6" branch="False" />
            <line number="15" hits="6" branch="False" />
            <line number="17" hits="6" branch="False" />
            <line number="18" hits="6" branch="False" />
            <line number="19" hits="6" branch="False" />
            <line number="21" hits="6" branch="False" />
            <line number="22" hits="6" branch="False" />
          </lines>
        </class>
      </classes>
    </package>
    <package name="TourManagement.Infrastructure" line-rate="0.7857999999999999" branch-rate="1" complexity="53">
      <classes>
        <class name="TourManagement.Infrastructure.Repositories.BookingRepository" filename="TourManagement.Infrastructure/Repositories/BookingRepository.cs" line-rate="1" branch-rate="1" complexity="4">
          <methods>
            <method name=".ctor" signature="(TourManagement.Infrastructure.Data.TourManagementDbContext,Microsoft.Extensions.Logging.ILogger`1&lt;TourManagement.Infrastructure.Repositories.BookingRepository&gt;)" line-rate="1" branch-rate="1" complexity="4">
              <lines>
                <line number="17" hits="19" branch="False" />
                <line number="18" hits="19" branch="False" />
                <line number="19" hits="19" branch="True" condition-coverage="100% (2/2)">
                  <conditions>
                    <condition number="11" type="jump" coverage="100%" />
                  </conditions>
                </line>
                <line number="20" hits="18" branch="True" condition-coverage="100% (2/2)">
                  <conditions>
                    <condition number="33" type="jump" coverage="100%" />
                  </conditions>
                </line>
                <line number="21" hits="17" branch="False" />
              </lines>
            </method>
          </methods>
          <lines>
            <line number="17" hits="19" branch="False" />
            <line number="18" hits="19" branch="False" />
            <line number="19" hits="19" branch="True" condition-coverage="100% (2/2)">
              <conditions>
                <condition number="11" type="jump" coverage="100%" />
              </conditions>
            </line>
            <line number="20" hits="18" branch="True" condition-coverage="100% (2/2)">
              <conditions>
                <condition number="33" type="jump" coverage="100%" />
              </conditions>
            </line>
            <line number="21" hits="17" branch="False" />
          </lines>
        </class>
        <class name="TourManagement.Infrastructure.Repositories.BookingRepository/&lt;AddAsync&gt;d__7" filename="TourManagement.Infrastructure/Repositories/BookingRepository.cs" line-rate="0.6" branch-rate="1" complexity="1">
          <methods>
            <method name="MoveNext" signature="()" line-rate="0.6" branch-rate="1" complexity="1">
              <lines>
                <line number="98" hits="1" branch="False" />
                <line number="100" hits="1" branch="False" />
                <line number="101" hits="1" branch="False" />
                <line number="102" hits="1" branch="False" />
                <line number="103" hits="1" branch="False" />
                <line number="105" hits="0" branch="False" />
                <line number="106" hits="0" branch="False" />
                <line number="107" hits="0" branch="False" />
                <line number="108" hits="0" branch="False" />
                <line number="110" hits="1" branch="False" />
              </lines>
            </method>
          </methods>
          <lines>
            <line number="98" hits="1" branch="False" />
            <line number="100" hits="1" branch="False" />
            <line number="101" hits="1" branch="False" />
            <line number="102" hits="1" branch="False" />
            <line number="103" hits="1" branch="False" />
            <line number="105" hits="0" branch="False" />
            <line number="106" hits="0" branch="False" />
            <line number="107" hits="0" branch="False" />
            <line number="108" hits="0" branch="False" />
            <line number="110" hits="1" branch="False" />
          </lines>
        </class>
        <class name="TourManagement.Infrastructure.Repositories.BookingRepository/&lt;DeleteAsync&gt;d__9" filename="TourManagement.Infrastructure/Repositories/BookingRepository.cs" line-rate="0.7142000000000001" branch-rate="1" complexity="2">
          <methods>
            <method name="MoveNext" signature="()" line-rate="0.7142000000000001" branch-rate="1" complexity="2">
              <lines>
                <line number="128" hits="2" branch="False" />
                <line number="130" hits="2" branch="False" />
                <line number="131" hits="2" branch="False" />
                <line number="132" hits="2" branch="True" condition-coverage="100% (2/2)">
                  <conditions>
                    <condition number="214" type="jump" coverage="100%" />
                  </conditions>
                </line>
                <line number="133" hits="1" branch="False" />
                <line number="135" hits="1" branch="False" />
                <line number="136" hits="1" branch="False" />
                <line number="137" hits="1" branch="False" />
                <line number="138" hits="1" branch="False" />
                <line number="140" hits="0" branch="False" />
                <line number="141" hits="0" branch="False" />
                <line number="142" hits="0" branch="False" />
                <line number="143" hits="0" branch="False" />
                <line number="145" hits="2" branch="False" />
              </lines>
            </method>
          </methods>
          <lines>
            <line number="128" hits="2" branch="False" />
            <line number="130" hits="2" branch="False" />
            <line number="131" hits="2" branch="False" />
            <line number="132" hits="2" branch="True" condition-coverage="100% (2/2)">
              <conditions>
                <condition number="214" type="jump" coverage="100%" />
              </conditions>
            </line>
            <line number="133" hits="1" branch="False" />
            <line number="135" hits="1" branch="False" />
            <line number="136" hits="1" branch="False" />
            <line number="137" hits="1" branch="False" />
            <line number="138" hits="1" branch="False" />
            <line number="140" hits="0" branch="False" />
            <line number="141" hits="0" branch="False" />
            <line number="142" hits="0" branch="False" />
            <line number="143" hits="0" branch="False" />
            <line number="145" hits="2" branch="False" />
          </lines>
        </class>
        <class name="TourManagement.Infrastructure.Repositories.BookingRepository/&lt;ExistsAsync&gt;d__10" filename="TourManagement.Infrastructure/Repositories/BookingRepository.cs" line-rate="0.5" branch-rate="1" complexity="1">
          <methods>
            <method name="MoveNext" signature="()" line-rate="0.5" branch-rate="1" complexity="1">
              <lines>
                <line number="148" hits="2" branch="False" />
                <line number="150" hits="2" branch="False" />
                <line number="151" hits="2" branch="False" />
                <line number="153" hits="0" branch="False" />
                <line number="154" hits="0" branch="False" />
                <line number="155" hits="0" branch="False" />
                <line number="156" hits="0" branch="False" />
                <line number="158" hits="2" branch="False" />
              </lines>
            </method>
          </methods>
          <lines>
            <line number="148" hits="2" branch="False" />
            <line number="150" hits="2" branch="False" />
            <line number="151" hits="2" branch="False" />
            <line number="153" hits="0" branch="False" />
            <line number="154" hits="0" branch="False" />
            <line number="155" hits="0" branch="False" />
            <line number="156" hits="0" branch="False" />
            <line number="158" hits="2" branch="False" />
          </lines>
        </class>
        <class name="TourManagement.Infrastructure.Repositories.BookingRepository/&lt;GetAllAsync&gt;d__3" filename="TourManagement.Infrastructure/Repositories/BookingRepository.cs" line-rate="0.7142000000000001" branch-rate="1" complexity="1">
          <methods>
            <method name="MoveNext" signature="()" line-rate="0.7142000000000001" branch-rate="1" complexity="1">
              <lines>
                <line number="24" hits="3" branch="False" />
                <line number="26" hits="3" branch="False" />
                <line number="27" hits="3" branch="False" />
                <line number="28" hits="3" branch="False" />
                <line number="29" hits="3" branch="False" />
                <line number="30" hits="3" branch="False" />
                <line number="31" hits="3" branch="False" />
[...]
            <line number="13" hits="0" branch="False" />
            <line number="14" hits="0" branch="False" />
          </lines>
        </class>
        <class name="TourManagement.Domain.DTOs.BookingCreateDto" filename="TourManagement.Domain/DTOs/BookingDto.cs" line-rate="1" branch-rate="1" complexity="2">
          <methods>
            <method name="get_TourId" signature="()" line-rate="1" branch-rate="1" complexity="1">
              <lines>
                <line number="19" hits="12" branch="False" />
              </lines>
            </method>
            <method name="get_Email" signature="()" line-rate="1" branch-rate="1" complexity="1">
              <lines>
                <line number="20" hits="14" branch="False" />
              </lines>
            </method>
          </methods>
          <lines>
            <line number="19" hits="12" branch="False" />
            <line number="20" hits="14" branch="False" />
          </lines>
        </class>
        <class name="TourManagement.Domain.DTOs.BookingUpdateDto" filename="TourManagement.Domain/DTOs/BookingDto.cs" line-rate="0.6666" branch-rate="1" complexity="3">
          <methods>
            <method name="get_TourId" signature="()" line-rate="1" branch-rate="1" complexity="1">
              <lines>
                <line number="25" hits="3" branch="False" />
              </lines>
            </method>
            <method name="get_Email" signature="()" line-rate="1" branch-rate="1" complexity="1">
              <lines>
                <line number="26" hits="5" branch="False" />
              </lines>
            </method>
            <method name="get_IsActive" signature="()" line-rate="0" branch-rate="1" complexity="1">
              <lines>
                <line number="27" hits="0" branch="False" />
              </lines>
            </method>
          </methods>
          <lines>
            <line number="25" hits="3" branch="False" />
            <line number="26" hits="5" branch="False" />
            <line number="27" hits="0" branch="False" />
          </lines>
        </class>
        <class name="TourManagement.Domain.DTOs.TourDto" filename="TourManagement.Domain/DTOs/TourDto.cs" line-rate="0.4545" branch-rate="1" complexity="11">
          <methods>
            <method name="get_Id" signature="()" line-rate="1" branch-rate="1" complexity="1">
              <lines>
                <line number="5" hits="13" branch="False" />
              </lines>
            </method>
            <method name="get_TourName" signature="()" line-rate="1" branch-rate="1" complexity="1">
              <lines>
                <line number="6" hits="20" branch="False" />
              </lines>
            </method>
            <method name="get_Place" signature="()" line-rate="1" branch-rate="1" complexity="1">
              <lines>
                <line number="7" hits="10" branch="False" />
              </lines>
            </method>
            <method name="get_Days" signature="()" line-rate="0" branch-rate="1" complexity="1">
              <lines>
                <line number="8" hits="0" branch="False" />
              </lines>
            </method>
            <method name="get_Price" signature="()" line-rate="0" branch-rate="1" complexity="1">
              <lines>
                <line number="9" hits="0" branch="False" />
              </lines>
            </method>
            <method name="get_Locations" signature="()" line-rate="1" branch-rate="1" complexity="1">
              <lines>
                <line number="10" hits="10" branch="False" />
              </lines>
            </method>
            <method name="get_TourInfo" signature="()" line-rate="1" branch-rate="1" complexity="1">
              <lines>
                <line number="11" hits="10" branch="False" />
              </lines>
            </method>
            <method name="get_PictureFileName" signature="()" line-rate="0" branch-rate="1" complexity="1">
              <lines>
                <line number="12" hits="0" branch="False" />
              </lines>
            </method>
            <method name="get_CreatedDate" signature="()" line-rate="0" branch-rate="1" complexity="1">
              <lines>
                <line number="13" hits="0" branch="False" />
              </lines>
            </method>
            <method name="get_ModifiedDate" signature="()" line-rate="0" branch-rate="1" complexity="1">
              <lines>
                <line number="14" hits="0" branch="False" />
              </lines>
            </method>
            <method name="get_IsActive" signature="()" line-rate="0" branch-rate="1" complexity="1">
              <lines>
                <line number="15" hits="0" branch="False" />
              </lines>
            </method>
          </methods>
          <lines>
            <line number="5" hits="13" branch="False" />
            <line number="6" hits="20" branch="False" />
            <line number="7" hits="10" branch="False" />
            <line number="8" hits="0" branch="False" />
            <line number="9" hits="0" branch="False" />
            <line number="10" hits="10" branch="False" />
            <line number="11" hits="10" branch="False" />
            <line number="12" hits="0" branch="False" />
            <line number="13" hits="0" branch="False" />
            <line number="14" hits="0" branch="False" />
            <line number="15" hits="0" branch="False" />
          </lines>
        </class>
        <class name="TourManagement.Domain.DTOs.TourCreateDto" filename="TourManagement.Domain/DTOs/TourDto.cs" line-rate="0.8571" branch-rate="1" complexity="7">
          <methods>
            <method name="get_TourName" signature="()" line-rate="1" branch-rate="1" complexity="1">
              <lines>
                <line number="20" hits="18" branch="False" />
              </lines>
            </method>
            <method name="get_Place" signature="()" line-rate="1" branch-rate="1" complexity="1">
              <lines>
                <line number="21" hits="8" branch="False" />
              </lines>
            </method>
            <method name="get_Days" signature="()" line-rate="1" branch-rate="1" complexity="1">
              <lines>
                <line number="22" hits="2" branch="False" />
              </lines>
            </method>
            <method name="get_Price" signature="()" line-rate="1" branch-rate="1" complexity="1">
              <lines>
                <line number="23" hits="2" branch="False" />
              </lines>
            </method>
            <method name="get_Locations" signature="()" line-rate="1" branch-rate="1" complexity="1">
              <lines>
                <line number="24" hits="5" branch="False" />
              </lines>
            </method>
            <method name="get_TourInfo" signature="()" line-rate="1" branch-rate="1" complexity="1">
              <lines>
                <line number="25" hits="5" branch="False" />
              </lines>
            </method>
            <method name="get_PictureFileName" signature="()" line-rate="0" branch-rate="1" complexity="1">
              <lines>
                <line number="26" hits="0" branch="False" />
              </lines>
            </method>
          </methods>
          <lines>
            <line number="20" hits="18" branch="False" />
            <line number="21" hits="8" branch="False" />
            <line number="22" hits="2" branch="False" />
            <line number="23" hits="2" branch="False" />
            <line number="24" hits="5" branch="False" />
            <line number="25" hits="5" branch="False" />
            <line number="26" hits="0" branch="False" />
          </lines>
        </class>
        <class name="TourManagement.Domain.DTOs.TourUpdateDto" filename="TourManagement.Domain/DTOs/TourDto.cs" line-rate="0.75" branch-rate="1" complexity="8">
          <methods>
            <method name="get_TourName" signature="()" line-rate="1" branch-rate="1" complexity="1">
              <lines>
                <line number="31" hits="4" branch="False" />
              </lines>
            </method>
            <method name="get_Place" signature="()" line-rate="1" branch-rate="1" complexity="1">
              <lines>
                <line number="32" hits="4" branch="False" />
              </lines>
            </method>
            <method name="get_Days" signature="()" line-rate="1" branch-rate="1" complexity="1">
              <lines>
                <line number="33" hits="1" branch="False" />
              </lines>
            </method>
            <method name="get_Price" signature="()" line-rate="1" branch-rate="1" complexity="1">
              <lines>
                <line number="34" hits="1" branch="False" />
              </lines>
            </method>
            <method name="get_Locations" signature="()" line-rate="1" branch-rate="1" complexity="1">
              <lines>
                <line number="35" hits="3" branch="False" />
              </lines>
            </method>
            <method name="get_TourInfo" signature="()" line-rate="1" branch-rate="1" complexity="1">
              <lines>
                <line number="36" hits="3" branch="False" />
              </lines>
            </method>
            <method name="get_PictureFileName" signature="()" line-rate="0" branch-rate="1" complexity="1">
              <lines>
                <line number="37" hits="0" branch="False" />
              </lines>
            </method>
            <method name="get_IsActive" signature="()" line-rate="0" branch-rate="1" complexity="1">
              <lines>
                <line number="38" hits="0" branch="False" />
              </lines>
            </method>
          </methods>
          <lines>
            <line number="31" hits="4" branch="False" />
            <line number="32" hits="4" branch="False" />
            <line number="33" hits="1" branch="False" />
            <line number="34" hits="1" branch="False" />
            <line number="35" hits="3" branch="False" />
            <line number="36" hits="3" branch="False" />
            <line number="37" hits="0" branch="False" />
            <line number="38" hits="0" branch="False" />
          </lines>
        </class>
        <class name="TourManagement.Domain.DTOs.UserInfoDto" filename="TourManagement.Domain/DTOs/UserInfoDto.cs" line-rate="0.6363" branch-rate="1" complexity="11">
          <methods>
            <method name="get_Email" signature="()" line-rate="1" branch-rate="1" complexity="1">
              <lines>
                <line number="5" hits="13" branch="False" />
              </lines>
            </method>
            <method name="get_FirstName" signature="()" line-rate="1" branch-rate="1" complexity="1">
              <lines>
                <line number="6" hits="9" branch="False" />
              </lines>
            </method>
            <method name="get_LastName" signature="()" line-rate="1" branch-rate="1" complexity="1">
              <lines>
                <line number="7" hits="5" branch="False" />
              </lines>
            </method>
            <method name="get_Gender" signature="()" line-rate="1" branch-rate="1" complexity="1">
              <lines>
                <line number="8" hits="5" branch="False" />
              </lines>
            </method>
            <method name="get_DateOfBirth" signature="()" line-rate="0" branch-rate="1" complexity="1">
              <lines>
                <line number="9" hits="0" branch="False" />
              </lines>
            </method>
            <method name="get_Street" signature="()" line-rate="1" branch-rate="1" complexity="1">
              <lines>
                <line number="10" hits="5" branch="False" />
              </lines>
            </method>
            <method name="get_City" signature="()" line-rate="1" branch-rate="1" complexity="1">
              <lines>
                <line number="11" hits="5" branch="False" />
              </lines>
            </method>
            <method name="get_State" signature="()" line-rate="1" branch-rate="1" complexity="1">
              <lines>
                <line number="12" hits="5" branch="False" />
              </lines>
            </method>
            <method name="get_CreatedDate" signature="()" line-rate="0" branch-rate="1" complexity="1">
              <lines>
                <line number="13" hits="0" branch="False" />
              </lines>
            </method>
            <method name="get_ModifiedDate" signature="()" line-rate="0" branch-rate="1" complexity="1">
              <lines>
                <line number="14" hits="0" branch="False" />
              </lines>
            </method>
            <method name="get_IsActive" signature="()" line-rate="0" branch-rate="1" complexity="1">
              <lines>
                <line number="15" hits="0" branch="False" />
              </lines>
            </method>
          </methods>
          <lines>
            <line number="5" hits="13" branch="False" />
            <line number="6" hits="9" branch="False" />
            <line number="7" hits="5" branch="False" />
            <line number="8" hits="5" branch="False" />
            <line number="9" hits="0" branch="False" />
            <line number="10" hits="5" branch="False" />
            <line number="11" hits="5" branch="False" />
            <line number="12" hits="5" branch="False" />
            <line number="13" hits="0" branch="False" />
            <line number="14" hits="0" branch="False" />
            <line number="15" hits="0" branch="False" />
          </lines>
        </class>
        <class name="TourManagement.Domain.DTOs.UserInfoCreateDto" filename="TourManagement.Domain/DTOs/UserInfoDto.cs" line-rate="0.8887999999999999" branch-rate="1" complexity="9">
          <methods>
            <method name="get_Email" signature="()" line-rate="1" branch-rate="1" complexity="1">
              <lines>
                <line number="20" hits="17" branch="False" />
              </lines>
            </method>
            <method name="get_FirstName" signature="()" line-rate="1" branch-rate="1" complexity="1">
              <lines>
                <line number="21" hits="6" branch="False" />
              </lines>
            </method>
            <method name="get_LastName" signature="()" line-rate="1" branch-rate="1" complexity="1">
              <lines>
                <line number="22" hits="4" branch="False" />
              </lines>
            </method>
            <method name="get_Gender" signature="()" line-rate="1" branch-rate="1" complexity="1">
              <lines>
                <line number="23" hits="3" branch="False" />
              </lines>
            </method>
            <method name="get_Password" signature="()" line-rate="1" branch-rate="1" complexity="1">
              <lines>
                <line number="24" hits="3" branch="False" />
              </lines>
            </method>
            <method name="get_DateOfBirth" signature="()" line-rate="0" branch-rate="1" complexity="1">
              <lines>
                <line number="25" hits="0" branch="False" />
              </lines>
            </method>
            <method name="get_Street" signature="()" line-rate="1" branch-rate="1" complexity="1">
              <lines>
                <line number="26" hits="3" branch="False" />
              </lines>
            </method>
            <method name="get_City" signature="()" line-rate="1" branch-rate="1" complexity="1">
              <lines>
                <line number="27" hits="3" branch="False" />
              </lines>
            </method>
            <method name="get_State" signature="()" line-rate="1" branch-rate="1" complexity="1">
              <lines>
                <line number="28" hits="3" branch="False" />
              </lines>
            </method>
          </methods>
          <lines>
            <line number="20" hits="17" branch="False" />
            <line number="21" hits="6" branch="False" />
            <line number="22" hits="4" branch="False" />
            <line number="23" hits="3" branch="False" />
            <line number="24" hits="3" branch="False" />
            <line number="25" hits="0" branch="False" />
            <line number="26" hits="3" branch="False" />
            <line number="27" hits="3" branch="False" />
            <line number="28" hits="3" branch="False" />
          </lines>
        </class>
        <class name="TourManagement.Domain.DTOs.UserInfoUpdateDto" filename="TourManagement.Domain/DTOs/UserInfoDto.cs" line-rate="0.75" branch-rate="1" complexity="8">
          <methods>
            <method name="get_FirstName" signature="()" line-rate="1" branch-rate="1" complexity="1">
              <lines>
                <line number="33" hits="4" branch="False" />
              </lines>
            </method>
            <method name="get_LastName" signature="()" line-rate="1" branch-rate="1" complexity="1">
              <lines>
                <line number="34" hits="3" branch="False" />
              </lines>
            </method>
            <method name="get_Gender" signature="()" line-rate="1" branch-rate="1" complexity="1">
              <lines>
                <line number="35" hits="2" branch="False" />
              </lines>
            </method>
            <method name="get_DateOfBirth" signature="()" line-rate="0" branch-rate="1" complexity="1">
              <lines>
                <line number="36" hits="0" branch="False" />
              </lines>
            </method>
            <method name="get_Street" signature="()" line-rate="1" branch-rate="1" complexity="1">
              <lines>
                <line number="37" hits="2" branch="False" />
              </lines>
            </method>
            <method name="get_City" signature="()" line-rate="1" branch-rate="1" complexity="1">
              <lines>
                <line number="38" hits="2" branch="False" />
              </lines>
            </method>
            <method name="get_State" signature="()" line-rate="1" branch-rate="1" complexity="1">
              <lines>
                <line number="39" hits="2" branch="False" />
              </lines>
            </method>
            <method name="get_IsActive" signature="()" line-rate="0" branch-rate="1" complexity="1">
              <lines>
                <line number="40" hits="0" branch="False" />
              </lines>
            </method>
          </methods>
          <lines>
            <line number="33" hits="4" branch="False" />
            <line number="34" hits="3" branch="False" />
            <line number="35" hits="2" branch="False" />
            <line number="36" hits="0" branch="False" />
            <line number="37" hits="2" branch="False" />
            <line number="38" hits="2" branch="False" />
            <line number="39" hits="2" branch="False" />
            <line number="40" hits="0" branch="False" />
          </lines>
        </class>
        <class name="TourManagement.Domain.DTOs.UserLoginDto" filename="TourManagement.Domain/DTOs/UserInfoDto.cs" line-rate="0" branch-rate="1" complexity="2">
          <methods>
            <method name="get_Email" signature="()" line-rate="0" branch-rate="1" complexity="1">
              <lines>
                <line number="45" hits="0" branch="False" />
              </lines>
            </method>
            <method name="get_Password" signature="()" line-rate="0" branch-rate="1" complexity="1">
              <lines>
                <line number="46" hits="0" branch="False" />
              </lines>
            </method>
          </methods>
          <lines>
            <line number="45" hits="0" branch="False" />
            <line number="46" hits="0" branch="False" />
          </lines>
        </class>
      </classes>
    </package>
  </packages>
</coverage>