SF:/modernize-data/studio-data/TNT1001/APP1422/transformed-code/475/studio-workspace/legacy otnet app tour check/TourManagement.Net8/src/TourManagement.Application/Services/BookingService.cs
FN:20,System.Void TourManagement.Application.Services.BookingService::.ctor(TourManagement.Domain.Interfaces.Repositories.IBookingRepository,TourManagement.Domain.Interfaces.Repositories.ITourRepository,TourManagement.Domain.Interfaces.Repositories.IUserInfoRepository,AutoMapper.IMapper,Microsoft.Extensions.Logging.ILogger`1<TourManagement.Application.Services.BookingService>)
FNDA:0,System.Void TourManagement.Application.Services.BookingService::.ctor(TourManagement.Domain.Interfaces.Repositories.IBookingRepository,TourManagement.Domain.Interfaces.Repositories.ITourRepository,TourManagement.Domain.Interfaces.Repositories.IUserInfoRepository,AutoMapper.IMapper,Microsoft.Extensions.Logging.ILogger`1<TourManagement.Application.Services.BookingService>)
DA:21,0
DA:22,0
DA:23,0
DA:24,0
DA:25,0
DA:26,0
DA:27,0
DA:28,0
DA:29,0
DA:30,0
DA:31,0
DA:32,0
DA:33,0
BRDA:28,11,0,0
BRDA:28,11,1,0
BRDA:29,33,0,0
BRDA:29,33,1,0
BRDA:30,55,0,0
BRDA:30,55,1,0
BRDA:31,78,0,0
BRDA:31,78,1,0
BRDA:32,101,0,0
BRDA:32,101,1,0
FN:95,System.Void TourManagement.Application.Services.BookingService/<CreateAsync>d__10::MoveNext()
FNDA:0,System.Void TourManagement.Application.Services.BookingService/<CreateAsync>d__10::MoveNext()
DA:96,0
DA:98,0
DA:99,0
DA:101,0
DA:102,0
DA:103,0
DA:105,0
DA:106,0
DA:107,0
DA:109,0
DA:110,0
DA:111,0
DA:112,0
DA:114,0
DA:116,0
DA:117,0
DA:119,0
DA:120,0
DA:121,0
DA:122,0
DA:124,0
BRDA:102,274,0,0
BRDA:102,274,1,0
BRDA:106,507,0,0
BRDA:106,507,1,0
FN:165,System.Void TourManagement.Application.Services.BookingService/<DeleteAsync>d__12::MoveNext()
FNDA:0,System.Void TourManagement.Application.Services.BookingService/<DeleteAsync>d__12::MoveNext()
DA:166,0
DA:168,0
DA:169,0
DA:171,0
DA:172,0
DA:173,0
DA:174,0
DA:175,0
DA:178,0
DA:180,0
DA:181,0
DA:183,0
DA:185,0
DA:186,0
DA:187,0
DA:188,0
DA:190,0
BRDA:172,229,0,0
BRDA:172,229,1,0
BRDA:180,429,0,0
BRDA:180,429,1,0
FN:35,System.Void TourManagement.Application.Services.BookingService/<GetAllAsync>d__6::MoveNext()
FNDA:0,System.Void TourManagement.Application.Services.BookingService/<GetAllAsync>d__6::MoveNext()
DA:36,0
DA:38,0
DA:39,0
DA:40,0
DA:41,0
DA:43,0
DA:44,0
DA:45,0
DA:46,0
DA:48,0
FN:50,System.Void TourManagement.Application.Services.BookingService/<GetByIdAsync>d__7::MoveNext()
FNDA:0,System.Void TourManagement.Application.Services.BookingService/<GetByIdAsync>d__7::MoveNext()
DA:51,0
DA:53,0
DA:54,0
DA:55,0
DA:56,0
DA:58,0
DA:59,0
DA:60,0
DA:61,0
DA:63,0
BRDA:56,214,0,0
BRDA:56,214,1,0
FN:80,System.Void TourManagement.Application.Services.BookingService/<GetByTourIdAsync>d__9::MoveNext()
FNDA:0,System.Void TourManagement.Application.Services.BookingService/<GetByTourIdAsync>d__9::MoveNext()
DA:81,0
DA:83,0
DA:84,0
DA:85,0
DA:86,0
DA:88,0
DA:89,0
DA:90,0
DA:91,0
DA:93,0
FN:65,System.Void TourManagement.Application.Services.BookingService/<GetByUserEmailAsync>d__8::MoveNext()
FNDA:0,System.Void TourManagement.Application.Services.BookingService/<GetByUserEmailAsync>d__8::MoveNext()
DA:66,0
DA:68,0
DA:69,0
DA:70,0
DA:71,0
DA:73,0
DA:74,0
DA:75,0
DA:76,0
DA:78,0
FN:192,System.Void TourManagement.Application.Services.BookingService/<SearchAsync>d__13::MoveNext()
FNDA:0,System.Void TourManagement.Application.Services.BookingService/<SearchAsync>d__13::MoveNext()
DA:193,0
DA:195,0
DA:196,0
DA:197,0
DA:198,0
DA:200,0
DA:201,0
DA:202,0
DA:203,0
DA:205,0
FN:126,System.Void TourManagement.Application.Services.BookingService/<UpdateAsync>d__11::MoveNext()
FNDA:0,System.Void TourManagement.Application.Services.BookingService/<UpdateAsync>d__11::MoveNext()
DA:127,0
DA:129,0
DA:130,0
DA:132,0
DA:133,0
DA:134,0
DA:135,0
DA:136,0
DA:139,0
DA:140,0
DA:141,0
DA:143,0
DA:144,0
DA:145,0
DA:147,0
DA:148,0
DA:149,0
DA:150,0
DA:151,0
DA:153,0
DA:155,0
DA:156,0
DA:158,0
DA:159,0
DA:160,0
DA:161,0
DA:163,0
BRDA:133,259,0,0
BRDA:133,259,1,0
BRDA:140,530,0,0
BRDA:140,530,1,0
BRDA:144,763,0,0
BRDA:144,763,1,0
LF:128
LH:0
BRF:26
BRH:0
FNF:9
FNH:0
end_of_record
SF:/modernize-data/studio-data/TNT1001/APP1422/transformed-code/475/studio-workspace/legacy otnet app tour check/TourManagement.Net8/src/TourManagement.Application/Services/TourService.cs
FN:18,System.Void TourManagement.Application.Services.TourService::.ctor(TourManagement.Domain.Interfaces.Repositories.ITourRepository,AutoMapper.IMapper,Microsoft.Extensions.Logging.ILogger`1<TourManagement.Application.Services.TourService>)
FNDA:0,System.Void TourManagement.Application.Services.TourService::.ctor(TourManagement.Domain.Interfaces.Repositories.ITourRepository,AutoMapper.IMapper,Microsoft.Extensions.Logging.ILogger`1<TourManagement.Application.Services.TourService>)
DA:19,0
DA:20,0
DA:21,0
DA:22,0
DA:23,0
DA:24,0
BRDA:21,11,0,0
BRDA:21,11,1,0
BRDA:22,33,0,0
BRDA:22,33,1,0
BRDA:23,55,0,0
BRDA:23,55,1,0
FN:56,System.Void TourManagement.Application.Services.TourService/<CreateAsync>d__6::MoveNext()
FNDA:0,System.Void TourManagement.Application.Services.TourService/<CreateAsync>d__6::MoveNext()
DA:57,0
DA:59,0
DA:60,0
DA:62,0
DA:63,0
DA:65,0
DA:66,0
DA:68,0
DA:69,0
DA:71,0
DA:72,0
DA:73,0
DA:74,0
DA:76,0
BRDA:62,87,0,0
BRDA:62,87,1,0
FN:106,System.Void TourManagement.Application.Services.TourService/<DeleteAsync>d__8::MoveNext()
FNDA:0,System.Void TourManagement.Application.Services.TourService/<DeleteAsync>d__8::MoveNext()
DA:107,0
DA:109,0
DA:110,0
DA:112,0
DA:113,0
DA:114,0
DA:115,0
DA:116,0
DA:119,0
DA:121,0
DA:122,0
DA:124,0
DA:126,0
DA:127,0
DA:128,0
DA:129,0
DA:131,0
BRDA:113,229,0,0
BRDA:113,229,1,0
BRDA:121,429,0,0
BRDA:121,429,1,0
FN:26,System.Void TourManagement.Application.Services.TourService/<GetAllAsync>d__4::MoveNext()
FNDA:0,System.Void TourManagement.Application.Services.TourService/<GetAllAsync>d__4::MoveNext()
DA:27,0
DA:29,0
DA:30,0
DA:31,0
DA:32,0
DA:34,0
DA:35,0
DA:36,0
DA:37,0
DA:39,0
FN:41,System.Void TourManagement.Application.Services.TourService/<GetByIdAsync>d__5::MoveNext()
FNDA:0,System.Void TourManagement.Application.Services.TourService/<GetByIdAsync>d__5::MoveNext()
DA:42,0
DA:44,0
DA:45,0
DA:46,0
DA:47,0
DA:49,0
DA:50,0
DA:51,0
DA:52,0
DA:54,0
BRDA:47,214,0,0
BRDA:47,214,1,0
FN:133,System.Void TourManagement.Application.Services.TourService/<SearchAsync>d__9::MoveNext()
FNDA:0,System.Void TourManagement.Application.Services.TourService/<SearchAsync>d__9::MoveNext()
DA:134,0
DA:136,0
DA:137,0
DA:138,0
DA:139,0
DA:141,0
DA:142,0
DA:143,0
DA:144,0
DA:146,0
FN:78,System.Void TourManagement.Application.Services.TourService/<UpdateAsync>d__7::MoveNext()
FNDA:0,System.Void TourManagement.Application.Services.TourService/<UpdateAsync>d__7::MoveNext()
DA:79,0
DA:81,0
DA:82,0
DA:84,0
DA:85,0
DA:86,0
DA:87,0
DA:88,0
DA:91,0
DA:92,0
DA:94,0
DA:96,0
DA:97,0
DA:99,0
DA:100,0
DA:101,0
DA:102,0
DA:104,0
BRDA:85,236,0,0
BRDA:85,236,1,0
LF:85
LH:0
BRF:16
BRH:0
FNF:7
FNH:0
end_of_record
SF:/modernize-data/studio-data/TNT1001/APP1422/transformed-code/475/studio-workspace/legacy otnet app tour check/TourManagement.Net8/src/TourManagement.Application/Services/UserInfoService.cs
FN:18,System.Void TourManagement.Application.Services.UserInfoService::.ctor(TourManagement.Domain.Interfaces.Repositories.IUserInfoRepository,AutoMapper.IMapper,Microsoft.Extensions.Logging.ILogger`1<TourManagement.Application.Services.UserInfoService>)
FNDA:0,System.Void TourManagement.Application.Services.UserInfoService::.ctor(TourManagement.Domain.Interfaces.Repositories.IUserInfoRepository,AutoMapper.IMapper,Microsoft.Extensions.Logging.ILogger`1<TourManagement.Application.Services.UserInfoService>)
DA:19,0
DA:20,0
DA:21,0
DA:22,0
DA:23,0
DA:24,0
BRDA:21,11,0,0
BRDA:21,11,1,0
BRDA:22,33,0,0
BRDA:22,33,1,0
BRDA:23,55,0,0
BRDA:23,55,1,0
FN:56,System.Void TourManagement.Application.Services.UserInfoService/<CreateAsync>d__6::MoveNext()
FNDA:0,System.Void TourManagement.Application.Services.UserInfoService/<CreateAsync>d__6::MoveNext()
DA:57,0
DA:59,0
DA:60,0
DA:62,0
DA:63,0
DA:65,0
DA:66,0
DA:68,0
DA:69,0
DA:71,0
DA:72,0
DA:74,0
DA:75,0
DA:76,0
DA:77,0
DA:79,0
BRDA:62,99,0,0
BRDA:62,99,1,0
BRDA:65,257,0,0
BRDA:65,257,1,0
FN:109,System.Void TourManagement.Application.Services.UserInfoService/<DeleteAsync>d__8::MoveNext()
FNDA:0,System.Void TourManagement.Application.Services.UserInfoService/<DeleteAsync>d__8::MoveNext()
DA:110,0
DA:112,0
DA:113,0
DA:115,0
DA:116,0
DA:117,0
DA:118,0
DA:119,0
DA:122,0
DA:124,0
DA:125,0
DA:127,0
DA:129,0
DA:130,0
DA:131,0
DA:132,0
DA:134,0
BRDA:116,221,0,0
BRDA:116,221,1,0
BRDA:124,416,0,0
BRDA:124,416,1,0
FN:26,System.Void TourManagement.Application.Services.UserInfoService/<GetAllAsync>d__4::MoveNext()
FNDA:0,System.Void TourManagement.Application.Services.UserInfoService/<GetAllAsync>d__4::MoveNext()
DA:27,0
DA:29,0
DA:30,0
DA:31,0
DA:32,0
DA:34,0
DA:35,0
DA:36,0
DA:37,0
DA:39,0
FN:41,System.Void TourManagement.Application.Services.UserInfoService/<GetByIdAsync>d__5::MoveNext()
FNDA:0,System.Void TourManagement.Application.Services.UserInfoService/<GetByIdAsync>d__5::MoveNext()
DA:42,0
DA:44,0
DA:45,0
DA:46,0
DA:47,0
DA:49,0
DA:50,0
DA:51,0
DA:52,0
DA:54,0
BRDA:47,209,0,0
BRDA:47,209,1,0
FN:136,System.Void TourManagement.Application.Services.UserInfoService/<SearchAsync>d__9::MoveNext()
FNDA:0,System.Void TourManagement.Application.Services.UserInfoService/<SearchAsync>d__9::MoveNext()
DA:137,0
DA:139,0
DA:140,0
DA:141,0
DA:142,0
DA:144,0
DA:145,0
DA:146,0
DA:147,0
DA:149,0
FN:81,System.Void TourManagement.Application.Services.UserInfoService/<UpdateAsync>d__7::MoveNext()
FNDA:0,System.Void TourManagement.Application.Services.UserInfoService/<UpdateAsync>d__7::MoveNext()
DA:82,0
DA:84,0
DA:85,0
DA:87,0
DA:88,0
DA:89,0
DA:90,0
DA:91,0
DA:94,0
DA:95,0
DA:97,0
DA:99,0
DA:100,0
DA:102,0
DA:103,0
DA:104,0
DA:105,0
DA:107,0
BRDA:88,228,0,0
BRDA:88,228,1,0
FN:151,System.Void TourManagement.Application.Services.UserInfoService/<ValidateLoginAsync>d__10::MoveNext()
FNDA:0,System.Void TourManagement.Application.Services.UserInfoService/<ValidateLoginAsync>d__10::MoveNext()
DA:152,0
DA:154,0
DA:155,0
DA:157,0
DA:158,0
DA:159,0
DA:160,0
DA:161,0
DA:164,0
DA:166,0
DA:167,0
DA:169,0
DA:171,0
DA:173,0
DA:174,0
DA:175,0
DA:176,0
DA:178,0
BRDA:158,216,0,0
BRDA:158,216,1,0
BRDA:166,303,0,0
BRDA:166,303,1,0
LF:105
LH:0
BRF:22
BRH:0
FNF:8
FNH:0
end_of_record
SF:/modernize-data/studio-data/TNT1001/APP1422/transformed-code/475/studio-workspace/legacy otnet app tour check/TourManagement.Net8/src/TourManagement.Application/Mappings/MappingProfile.cs
FN:11,System.Void TourManagement.Application.Mappings.MappingProfile::.ctor()
FNDA:0,System.Void TourManagement.Application.Mappings.MappingProfile::.ctor()
DA:12,0
DA:13,0
DA:15,0
DA:16,0
DA:17,0
DA:18,0
DA:19,0
DA:20,0
DA:21,0
DA:22,0
DA:23,0
DA:25,0
DA:26,0
DA:27,0
DA:28,0
DA:29,0
DA:30,0
DA:31,0
DA:34,0
DA:35,0
DA:36,0
DA:37,0
DA:38,0
DA:39,0
DA:40,0
DA:41,0
DA:42,0
DA:43,0
DA:45,0
DA:46,0
DA:47,0
DA:48,0
DA:49,0
DA:50,0
DA:51,0
DA:52,0
DA:55,0
DA:56,0
DA:57,0
DA:58,0
DA:59,0
DA:60,0
DA:61,0
DA:62,0
DA:63,0
DA:64,0
DA:65,0
DA:66,0
DA:67,0
DA:68,0
DA:70,0
DA:71,0
DA:72,0
DA:73,0
DA:74,0
DA:75,0
DA:76,0
DA:77,0
DA:78,0
DA:79,0
DA:80,0
DA:81,0
DA:82,0
LF:63
LH:0
BRF:0
BRH:0
FNF:1
FNH:0
end_of_record
SF:/modernize-data/studio-data/TNT1001/APP1422/transformed-code/475/studio-workspace/legacy otnet app tour check/TourManagement.Net8/src/TourManagement.Application/Extensions/ServiceCollectionExtensions.cs
FN:13,Microsoft.Extensions.DependencyInjection.IServiceCollection TourManagement.Application.Extensions.ServiceCollectionExtensions::AddApplicationServices(Microsoft.Extensions.DependencyInjection.IServiceCollection)
FNDA:0,Microsoft.Extensions.DependencyInjection.IServiceCollection TourManagement.Application.Extensions.ServiceCollectionExtensions::AddApplicationServices(Microsoft.Extensions.DependencyInjection.IServiceCollection)
DA:14,0
DA:15,0
DA:17,0
DA:18,0
DA:19,0
DA:21,0
DA:22,0
LF:7
LH:0
BRF:0
BRH:0
FNF:1
FNH:0
end_of_record
SF:/modernize-data/studio-data/TNT1001/APP1422/transformed-code/475/studio-workspace/legacy otnet app tour check/TourManagement.Net8/src/TourManagement.Infrastructure/Repositories/BookingRepository.cs
FN:16,System.Void TourManagement.Infrastructure.Repositories.BookingRepository::.ctor(TourManagement.Infrastructure.Data.TourManagementDbContext,Microsoft.Extensions.Logging.ILogger`1<TourManagement.Infrastructure.Repositories.BookingRepository>)
FNDA:0,System.Void TourManagement.Infrastructure.Repositories.BookingRepository::.ctor(TourManagement.Infrastructure.Data.TourManagementDbContext,Microsoft.Extensions.Logging.ILogger`1<TourManagement.Infrastructure.Repositories.BookingRepository>)
DA:17,0
DA:18,0
DA:19,0
DA:20,0
DA:21,0
BRDA:19,11,0,0
BRDA:19,11,1,0
BRDA:20,33,0,0
BRDA:20,33,1,0
FN:97,System.Void TourManagement.Infrastructure.Repositories.BookingRepository/<AddAsync>d__7::MoveNext()
FNDA:0,System.Void TourManagement.Infrastructure.Repositories.BookingRepository/<AddAsync>d__7::MoveNext()
DA:98,0
DA:100,0
DA:101,0
DA:102,0
DA:103,0
DA:105,0
DA:106,0
DA:107,0
DA:108,0
DA:110,0
FN:127,System.Void TourManagement.Infrastructure.Repositories.BookingRepository/<DeleteAsync>d__9::MoveNext()
FNDA:0,System.Void TourManagement.Infrastructure.Repositories.BookingRepository/<DeleteAsync>d__9::MoveNext()
DA:128,0
DA:130,0
DA:131,0
DA:132,0
DA:133,0
DA:135,0
DA:136,0
DA:137,0
DA:138,0
DA:140,0
DA:141,0
DA:142,0
DA:143,0
DA:145,0
BRDA:132,214,0,0
BRDA:132,214,1,0
FN:147,System.Void TourManagement.Infrastructure.Repositories.BookingRepository/<ExistsAsync>d__10::MoveNext()
FNDA:0,System.Void TourManagement.Infrastructure.Repositories.BookingRepository/<ExistsAsync>d__10::MoveNext()
DA:148,0
DA:150,0
DA:151,0
DA:153,0
DA:154,0
DA:155,0
DA:156,0
DA:158,0
FN:23,System.Void TourManagement.Infrastructure.Repositories.BookingRepository/<GetAllAsync>d__3::MoveNext()
FNDA:0,System.Void TourManagement.Infrastructure.Repositories.BookingRepository/<GetAllAsync>d__3::MoveNext()
DA:24,0
DA:26,0
DA:27,0
DA:28,0
DA:29,0
DA:30,0
DA:31,0
DA:32,0
DA:33,0
DA:35,0
DA:36,0
DA:37,0
DA:38,0
DA:40,0
FN:42,System.Void TourManagement.Infrastructure.Repositories.BookingRepository/<GetByIdAsync>d__4::MoveNext()
FNDA:0,System.Void TourManagement.Infrastructure.Repositories.BookingRepository/<GetByIdAsync>d__4::MoveNext()
DA:43,0
DA:45,0
DA:46,0
DA:47,0
DA:48,0
DA:49,0
DA:50,0
DA:52,0
DA:53,0
DA:54,0
DA:55,0
DA:57,0
FN:78,System.Void TourManagement.Infrastructure.Repositories.BookingRepository/<GetByTourIdAsync>d__6::MoveNext()
FNDA:0,System.Void TourManagement.Infrastructure.Repositories.BookingRepository/<GetByTourIdAsync>d__6::MoveNext()
DA:79,0
DA:81,0
DA:82,0
DA:83,0
DA:84,0
DA:85,0
DA:86,0
DA:87,0
DA:88,0
DA:90,0
DA:91,0
DA:92,0
DA:93,0
DA:95,0
FN:59,System.Void TourManagement.Infrastructure.Repositories.BookingRepository/<GetByUserEmailAsync>d__5::MoveNext()
FNDA:0,System.Void TourManagement.Infrastructure.Repositories.BookingRepository/<GetByUserEmailAsync>d__5::MoveNext()
DA:60,0
DA:62,0
DA:63,0
DA:64,0
DA:65,0
DA:66,0
DA:67,0
DA:68,0
DA:69,0
DA:71,0
DA:72,0
DA:73,0
DA:74,0
DA:76,0
FN:160,System.Void TourManagement.Infrastructure.Repositories.BookingRepository/<SearchAsync>d__11::MoveNext()
FNDA:0,System.Void TourManagement.Infrastructure.Repositories.BookingRepository/<SearchAsync>d__11::MoveNext()
DA:161,0
DA:163,0
DA:164,0
DA:165,0
DA:167,0
DA:168,0
DA:169,0
DA:170,0
DA:171,0
DA:172,0
DA:173,0
DA:174,0
DA:175,0
DA:176,0
DA:177,0
DA:179,0
DA:180,0
DA:181,0
DA:182,0
DA:184,0
BRDA:164,82,0,0
BRDA:164,82,1,0
FN:112,System.Void TourManagement.Infrastructure.Repositories.BookingRepository/<UpdateAsync>d__8::MoveNext()
FNDA:0,System.Void TourManagement.Infrastructure.Repositories.BookingRepository/<UpdateAsync>d__8::MoveNext()
DA:113,0
DA:115,0
DA:116,0
DA:117,0
DA:118,0
DA:120,0
DA:121,0
DA:122,0
DA:123,0
DA:125,0
LF:121
LH:0
BRF:8
BRH:0
FNF:10
FNH:0
end_of_record
SF:/modernize-data/studio-data/TNT1001/APP1422/transformed-code/475/studio-workspace/legacy otnet app tour check/TourManagement.Net8/src/TourManagement.Infrastructure/Repositories/TourRepository.cs
FN:16,System.Void TourManagement.Infrastructure.Repositories.TourRepository::.ctor(TourManagement.Infrastructure.Data.TourManagementDbContext,Microsoft.Extensions.Logging.ILogger`1<TourManagement.Infrastructure.Repositories.TourRepository>)
FNDA:0,System.Void TourManagement.Infrastructure.Repositories.TourRepository::.ctor(TourManagement.Infrastructure.Data.TourManagementDbContext,Microsoft.Extensions.Logging.ILogger`1<TourManagement.Infrastructure.Repositories.TourRepository>)
DA:17,0
DA:18,0
DA:19,0
DA:20,0
DA:21,0
BRDA:19,11,0,0
BRDA:19,11,1,0
BRDA:20,33,0,0
BRDA:20,33,1,0
FN:55,System.Void TourManagement.Infrastructure.Repositories.TourRepository/<AddAsync>d__5::MoveNext()
FNDA:0,System.Void TourManagement.Infrastructure.Repositories.TourRepository/<AddAsync>d__5::MoveNext()
DA:56,0
DA:58,0
DA:59,0
DA:60,0
DA:61,0
DA:63,0
DA:64,0
DA:65,0
DA:66,0
DA:68,0
FN:85,System.Void TourManagement.Infrastructure.Repositories.TourRepository/<DeleteAsync>d__7::MoveNext()
FNDA:0,System.Void TourManagement.Infrastructure.Repositories.TourRepository/<DeleteAsync>d__7::MoveNext()
DA:86,0
DA:88,0
DA:89,0
DA:90,0
DA:91,0
DA:93,0
DA:94,0
DA:95,0
DA:96,0
DA:98,0
DA:99,0
DA:100,0
DA:101,0
DA:103,0
BRDA:90,214,0,0
BRDA:90,214,1,0
FN:105,System.Void TourManagement.Infrastructure.Repositories.TourRepository/<ExistsAsync>d__8::MoveNext()
FNDA:0,System.Void TourManagement.Infrastructure.Repositories.TourRepository/<ExistsAsync>d__8::MoveNext()
DA:106,0
DA:108,0
DA:109,0
DA:111,0
DA:112,0
DA:113,0
DA:114,0
DA:116,0
FN:23,System.Void TourManagement.Infrastructure.Repositories.TourRepository/<GetAllAsync>d__3::MoveNext()
FNDA:0,System.Void TourManagement.Infrastructure.Repositories.TourRepository/<GetAllAsync>d__3::MoveNext()
DA:24,0
DA:26,0
DA:27,0
DA:28,0
DA:29,0
DA:30,0
DA:31,0
DA:33,0
DA:34,0
DA:35,0
DA:36,0
DA:38,0
FN:40,System.Void TourManagement.Infrastructure.Repositories.TourRepository/<GetByIdAsync>d__4::MoveNext()
FNDA:0,System.Void TourManagement.Infrastructure.Repositories.TourRepository/<GetByIdAsync>d__4::MoveNext()
DA:41,0
DA:43,0
DA:44,0
DA:45,0
DA:46,0
DA:48,0
DA:49,0
DA:50,0
DA:51,0
DA:53,0
FN:118,System.Void TourManagement.Infrastructure.Repositories.TourRepository/<SearchAsync>d__9::MoveNext()
FNDA:0,System.Void TourManagement.Infrastructure.Repositories.TourRepository/<SearchAsync>d__9::MoveNext()
DA:119,0
DA:121,0
DA:122,0
DA:123,0
DA:125,0
DA:126,0
DA:127,0
DA:128,0
DA:129,0
DA:130,0
DA:131,0
DA:132,0
DA:134,0
DA:135,0
DA:136,0
DA:137,0
DA:139,0
BRDA:122,82,0,0
BRDA:122,82,1,0
FN:70,System.Void TourManagement.Infrastructure.Repositories.TourRepository/<UpdateAsync>d__6::MoveNext()
FNDA:0,System.Void TourManagement.Infrastructure.Repositories.TourRepository/<UpdateAsync>d__6::MoveNext()
DA:71,0
DA:73,0
DA:74,0
DA:75,0
DA:76,0
DA:78,0
DA:79,0
DA:80,0
DA:81,0
DA:83,0
LF:86
LH:0
BRF:8
BRH:0
FNF:8
FNH:0
end_of_record
SF:/modernize-data/studio-data/TNT1001/APP1422/transformed-code/475/studio-workspace/legacy otnet app tour check/TourManagement.Net8/src/TourManagement.Infrastructure/Repositories/UserInfoRepository.cs
FN:16,System.Void TourManagement.Infrastructure.Repositories.UserInfoRepository::.ctor(TourManagement.Infrastructure.Data.TourManagementDbContext,Microsoft.Extensions.Logging.ILogger`1<TourManagement.Infrastructure.Repositories.UserInfoRepository>)
FNDA:0,System.Void TourManagement.Infrastructure.Repositories.UserInfoRepository::.ctor(TourManagement.Infrastructure.Data.TourManagementDbContext,Microsoft.Extensions.Logging.ILogger`1<TourManagement.Infrastructure.Repositories.UserInfoRepository>)
DA:17,0
DA:18,0
DA:19,0
DA:20,0
DA:21,0
BRDA:19,11,0,0
BRDA:19,11,1,0
BRDA:20,33,0,0
BRDA:20,33,1,0
FN:70,System.Void TourManagement.Infrastructure.Repositories.UserInfoRepository/<AddAsync>d__6::MoveNext()
FNDA:0,System.Void TourManagement.Infrastructure.Repositories.UserInfoRepository/<AddAsync>d__6::MoveNext()
DA:71,0
DA:73,0
DA:74,0
DA:75,0
DA:76,0
DA:78,0
DA:79,0
DA:80,0
DA:81,0
DA:83,0
FN:100,System.Void TourManagement.Infrastructure.Repositories.UserInfoRepository/<DeleteAsync>d__8::MoveNext()
FNDA:0,System.Void TourManagement.Infrastructure.Repositories.UserInfoRepository/<DeleteAsync>d__8::MoveNext()
DA:101,0
DA:103,0
DA:104,0
DA:105,0
DA:106,0
DA:108,0
DA:109,0
DA:110,0
DA:111,0
DA:113,0
DA:114,0
DA:115,0
DA:116,0
DA:118,0
BRDA:105,209,0,0
BRDA:105,209,1,0
FN:120,System.Void TourManagement.Infrastructure.Repositories.UserInfoRepository/<ExistsAsync>d__9::MoveNext()
FNDA:0,System.Void TourManagement.Infrastructure.Repositories.UserInfoRepository/<ExistsAsync>d__9::MoveNext()
DA:121,0
DA:123,0
DA:124,0
DA:126,0
DA:127,0
DA:128,0
DA:129,0
DA:131,0
FN:23,System.Void TourManagement.Infrastructure.Repositories.UserInfoRepository/<GetAllAsync>d__3::MoveNext()
FNDA:0,System.Void TourManagement.Infrastructure.Repositories.UserInfoRepository/<GetAllAsync>d__3::MoveNext()
DA:24,0
DA:26,0
DA:27,0
DA:28,0
DA:29,0
DA:30,0
DA:31,0
DA:33,0
DA:34,0
DA:35,0
DA:36,0
DA:38,0
FN:55,System.Void TourManagement.Infrastructure.Repositories.UserInfoRepository/<GetByEmailAsync>d__5::MoveNext()
FNDA:0,System.Void TourManagement.Infrastructure.Repositories.UserInfoRepository/<GetByEmailAsync>d__5::MoveNext()
DA:56,0
DA:58,0
DA:59,0
DA:60,0
DA:61,0
DA:63,0
DA:64,0
DA:65,0
DA:66,0
DA:68,0
FN:40,System.Void TourManagement.Infrastructure.Repositories.UserInfoRepository/<GetByIdAsync>d__4::MoveNext()
FNDA:0,System.Void TourManagement.Infrastructure.Repositories.UserInfoRepository/<GetByIdAsync>d__4::MoveNext()
DA:41,0
DA:43,0
DA:44,0
DA:45,0
DA:46,0
DA:48,0
DA:49,0
DA:50,0
DA:51,0
DA:53,0
FN:133,System.Void TourManagement.Infrastructure.Repositories.UserInfoRepository/<SearchAsync>d__10::MoveNext()
FNDA:0,System.Void TourManagement.Infrastructure.Repositories.UserInfoRepository/<SearchAsync>d__10::MoveNext()
DA:134,0
DA:136,0
DA:137,0
DA:138,0
DA:140,0
DA:141,0
DA:142,0
DA:143,0
DA:144,0
DA:145,0
DA:146,0
DA:147,0
DA:149,0
DA:150,0
DA:151,0
DA:152,0
DA:154,0
BRDA:137,82,0,0
BRDA:137,82,1,0
FN:85,System.Void TourManagement.Infrastructure.Repositories.UserInfoRepository/<UpdateAsync>d__7::MoveNext()
FNDA:0,System.Void TourManagement.Infrastructure.Repositories.UserInfoRepository/<UpdateAsync>d__7::MoveNext()
DA:86,0
DA:88,0
DA:89,0
DA:90,0
DA:91,0
DA:93,0
DA:94,0
DA:95,0
DA:96,0
DA:98,0
FN:156,System.Void TourManagement.Infrastructure.Repositories.UserInfoRepository/<ValidateCredentialsAsync>d__11::MoveNext()
FNDA:0,System.Void TourManagement.Infrastructure.Repositories.UserInfoRepository/<ValidateCredentialsAsync>d__11::MoveNext()
DA:157,0
DA:159,0
DA:160,0
DA:161,0
DA:162,0
DA:164,0
DA:166,0
DA:167,0
DA:168,0
DA:169,0
DA:171,0
BRDA:161,174,0,0
BRDA:161,174,1,0
LF:107
LH:0
BRF:10
BRH:0
FNF:10
FNH:0
end_of_record
SF:/modernize-data/studio-data/TNT1001/APP1422/transformed-code/475/studio-workspace/legacy otnet app tour check/TourManagement.Net8/src/TourManagement.Infrastructure/Extensions/ServiceCollectionExtensions.cs
FN:15,Microsoft.Extensions.DependencyInjection.IServiceCollection TourManagement.Infrastructure.Extensions.ServiceCollectionExtensions::AddInfrastructureServices(Microsoft.Extensions.DependencyInjection.IServiceCollection,Microsoft.Extensions.Configuration.IConfiguration)
FNDA:0,Microsoft.Extensions.DependencyInjection.IServiceCollection TourManagement.Infrastructure.Extensions.ServiceCollectionExtensions::AddInfrastructureServices(Microsoft.Extensions.DependencyInjection.IServiceCollection,Microsoft.Extensions.Configuration.IConfiguration)
DA:16,0
DA:17,0
DA:18,0
DA:19,0
DA:20,0
DA:21,0
DA:22,0
DA:23,0
DA:24,0
DA:26,0
DA:27,0
DA:28,0
DA:30,0
DA:31,0
LF:14
LH:0
BRF:0
BRH:0
FNF:1
FNH:0
end_of_record
SF:/modernize-data/studio-data/TNT1001/APP1422/transformed-code/475/studio-workspace/legacy otnet app tour check/TourManagement.Net8/src/TourManagement.Infrastructure/Data/TourManagementDbContext.cs
FN:15,Microsoft.EntityFrameworkCore.DbSet`1<TourManagement.Domain.Entities.Tour> TourManagement.Infrastructure.Data.TourManagementDbContext::get_Tours()
FNDA:0,Microsoft.EntityFrameworkCore.DbSet`1<TourManagement.Domain.Entities.Tour> TourManagement.Infrastructure.Data.TourManagementDbContext::get_Tours()
DA:16,0
FN:16,Microsoft.EntityFrameworkCore.DbSet`1<TourManagement.Domain.Entities.UserInfo> TourManagement.Infrastructure.Data.TourManagementDbContext::get_Users()
FNDA:0,Microsoft.EntityFrameworkCore.DbSet`1<TourManagement.Domain.Entities.UserInfo> TourManagement.Infrastructure.Data.TourManagementDbContext::get_Users()
DA:17,0
FN:17,Microsoft.EntityFrameworkCore.DbSet`1<TourManagement.Domain.Entities.Booking> TourManagement.Infrastructure.Data.TourManagementDbContext::get_Bookings()
FNDA:0,Microsoft.EntityFrameworkCore.DbSet`1<TourManagement.Domain.Entities.Booking> TourManagement.Infrastructure.Data.TourManagementDbContext::get_Bookings()
DA:18,0
FN:20,System.Void TourManagement.Infrastructure.Data.TourManagementDbContext::OnModelCreating(Microsoft.EntityFrameworkCore.ModelBuilder)
FNDA:0,System.Void TourManagement.Infrastructure.Data.TourManagementDbContext::OnModelCreating(Microsoft.EntityFrameworkCore.ModelBuilder)
DA:21,0
DA:22,0
DA:24,0
DA:25,0
FN:11,System.Void TourManagement.Infrastructure.Data.TourManagementDbContext::.ctor(Microsoft.EntityFrameworkCore.DbContextOptions`1<TourManagement.Infrastructure.Data.TourManagementDbContext>)
FNDA:0,System.Void TourManagement.Infrastructure.Data.TourManagementDbContext::.ctor(Microsoft.EntityFrameworkCore.DbContextOptions`1<TourManagement.Infrastructure.Data.TourManagementDbContext>)
DA:12,0
DA:13,0
DA:14,0
LF:10
LH:0
BRF:0
BRH:0
FNF:5
FNH:0
end_of_record
SF:/modernize-data/studio-data/TNT1001/APP1422/transformed-code/475/studio-workspace/legacy otnet app tour check/TourManagement.Net8/src/TourManagement.Infrastructure/Data/Configurations/BookingConfiguration.cs
FN:12,System.Void TourManagement.Infrastructure.Data.Configurations.BookingConfiguration::Configure(Microsoft.EntityFrameworkCore.Metadata.Builders.EntityTypeBuilder`1<TourManagement.Domain.Entities.Booking>)
FNDA:0,System.Void TourManagement.Infrastructure.Data.Configurations.BookingConfiguration::Configure(Microsoft.EntityFrameworkCore.Metadata.Builders.EntityTypeBuilder`1<TourManagement.Domain.Entities.Booking>)
DA:13,0
DA:14,0
DA:16,0
DA:18,0
DA:19,0
DA:20,0
DA:22,0
DA:23,0
DA:24,0
DA:26,0
DA:27,0
DA:28,0
DA:30,0
DA:31,0
DA:32,0
DA:34,0
DA:35,0
DA:36,0
DA:38,0
DA:39,0
DA:40,0
DA:42,0
DA:43,0
DA:45,0
DA:46,0
DA:48,0
DA:49,0
DA:51,0
DA:52,0
DA:53,0
DA:54,0
DA:56,0
DA:57,0
DA:58,0
DA:59,0
DA:61,0
DA:62,0
DA:63,0
LF:38
LH:0
BRF:0
BRH:0
FNF:1
FNH:0
end_of_record
SF:/modernize-data/studio-data/TNT1001/APP1422/transformed-code/475/studio-workspace/legacy otnet app tour check/TourManagement.Net8/src/TourManagement.Infrastructure/Data/Configurations/TourConfiguration.cs
FN:12,System.Void TourManagement.Infrastructure.Data.Configurations.TourConfiguration::Configure(Microsoft.EntityFrameworkCore.Metadata.Builders.EntityTypeBuilder`1<TourManagement.Domain.Entities.Tour>)
FNDA:0,System.Void TourManagement.Infrastructure.Data.Configurations.TourConfiguration::Configure(Microsoft.EntityFrameworkCore.Metadata.Builders.EntityTypeBuilder`1<TourManagement.Domain.Entities.Tour>)
DA:13,0
DA:14,0
DA:16,0
DA:18,0
DA:19,0
DA:20,0
DA:22,0
DA:23,0
DA:24,0
DA:25,0
DA:27,0
DA:28,0
DA:29,0
DA:30,0
DA:32,0
DA:33,0
DA:34,0
DA:36,0
DA:37,0
DA:38,0
DA:39,0
DA:41,0
DA:42,0
DA:43,0
DA:44,0
DA:46,0
DA:47,0
DA:48,0
DA:49,0
DA:51,0
DA:52,0
DA:53,0
DA:55,0
DA:56,0
DA:58,0
DA:59,0
DA:61,0
DA:62,0
DA:63,0
DA:64,0
DA:66,0
DA:67,0
DA:68,0
LF:43
LH:0
BRF:0
BRH:0
FNF:1
FNH:0
end_of_record
SF:/modernize-data/studio-data/TNT1001/APP1422/transformed-code/475/studio-workspace/legacy otnet app tour check/TourManagement.Net8/src/TourManagement.Infrastructure/Data/Configurations/UserInfoConfiguration.cs
FN:12,System.Void TourManagement.Infrastructure.Data.Configurations.UserInfoConfiguration::Configure(Microsoft.EntityFrameworkCore.Metadata.Builders.EntityTypeBuilder`1<TourManagement.Domain.Entities.UserInfo>)
FNDA:0,System.Void TourManagement.Infrastructure.Data.Configurations.UserInfoConfiguration::Configure(Microsoft.EntityFrameworkCore.Metadata.Builders.EntityTypeBuilder`1<TourManagement.Domain.Entities.UserInfo>)
DA:13,0
DA:14,0
DA:16,0
DA:18,0
DA:19,0
DA:20,0
DA:21,0
DA:23,0
DA:24,0
DA:25,0
DA:26,0
DA:28,0
DA:29,0
DA:30,0
DA:31,0
DA:33,0
DA:34,0
DA:35,0
DA:36,0
DA:38,0
DA:39,0
DA:40,0
DA:41,0
DA:43,0
DA:44,0
DA:45,0
DA:47,0
DA:48,0
DA:49,0
DA:50,0
DA:52,0
DA:53,0
DA:54,0
DA:55,0
DA:57,0
DA:58,0
DA:59,0
DA:60,0
DA:62,0
DA:63,0
DA:65,0
DA:66,0
DA:68,0
DA:69,0
DA:70,0
DA:71,0
DA:73,0
DA:74,0
LF:48
LH:0
BRF:0
BRH:0
FNF:1
FNH:0
end_of_record
SF:/modernize-data/studio-data/TNT1001/APP1422/transformed-code/475/studio-workspace/legacy otnet app tour check/TourManagement.Net8/src/TourManagement.Web/Program.cs
FN:5,System.Void Program::<Main>$(System.String[])
FNDA:0,System.Void Program::<Main>$(System.String[])
DA:6,0
DA:8,0
DA:9,0
DA:11,0
DA:13,0
DA:14,0
DA:16,0
DA:17,0
DA:18,0
DA:19,0
DA:20,0
DA:21,0
DA:23,0
DA:25,0
DA:27,0
DA:28,0
DA:29,0
DA:30,0
DA:31,0
DA:33,0
DA:34,0
DA:36,0
DA:38,0
DA:40,0
DA:42,0
DA:44,0
DA:46,0
BRDA:27,172,0,0
BRDA:27,172,1,0
LF:27
LH:0
BRF:2
BRH:0
FNF:1
FNH:0
end_of_record
SF:/modernize-data/studio-data/TNT1001/APP1422/transformed-code/475/studio-workspace/legacy otnet app tour check/TourManagement.Net8/src/TourManagement.Web/Pages/Error.cshtml.cs
FN:11,System.String TourManagement.Web.Pages.ErrorModel::get_RequestId()
FNDA:0,System.String TourManagement.Web.Pages.ErrorModel::get_RequestId()
DA:12,0
FN:13,System.Boolean TourManagement.Web.Pages.ErrorModel::get_ShowRequestId()
FNDA:0,System.Boolean TourManagement.Web.Pages.ErrorModel::get_ShowRequestId()
DA:14,0
FN:23,System.Void TourManagement.Web.Pages.ErrorModel::OnGet()
FNDA:0,System.Void TourManagement.Web.Pages.ErrorModel::OnGet()
DA:24,0
DA:25,0
DA:26,0
BRDA:25,8,0,0
BRDA:25,8,1,0
BRDA:25,20,0,0
BRDA:25,20,1,0
FN:17,System.Void TourManagement.Web.Pages.ErrorModel::.ctor(Microsoft.Extensions.Logging.ILogger`1<TourManagement.Web.Pages.ErrorModel>)
FNDA:0,System.Void TourManagement.Web.Pages.ErrorModel::.ctor(Microsoft.Extensions.Logging.ILogger`1<TourManagement.Web.Pages.ErrorModel>)
DA:18,0
DA:19,0
DA:20,0
DA:21,0
LF:9
LH:0
BRF:4
BRH:0
FNF:4
FNH:0
end_of_record
SF:/modernize-data/studio-data/TNT1001/APP1422/transformed-code/475/studio-workspace/legacy otnet app tour check/TourManagement.Net8/src/TourManagement.Web/Pages/Index.cshtml.cs
FN:15,System.Void TourManagement.Web.Pages.IndexModel::OnGet()
FNDA:0,System.Void TourManagement.Web.Pages.IndexModel::OnGet()
DA:16,0
DA:17,0
DA:18,0
FN:9,System.Void TourManagement.Web.Pages.IndexModel::.ctor(Microsoft.Extensions.Logging.ILogger`1<TourManagement.Web.Pages.IndexModel>)
FNDA:0,System.Void TourManagement.Web.Pages.IndexModel::.ctor(Microsoft.Extensions.Logging.ILogger`1<TourManagement.Web.Pages.IndexModel>)
DA:10,0
DA:11,0
DA:12,0
DA:13,0
LF:7
LH:0
BRF:0
BRH:0
FNF:2
FNH:0
end_of_record
SF:/modernize-data/studio-data/TNT1001/APP1422/transformed-code/475/studio-workspace/legacy otnet app tour check/TourManagement.Net8/src/TourManagement.Web/Pages/Error.cshtml
FN:3,System.Void TourManagement.Web.Pages.Pages_Error/<ExecuteAsync>d__0::MoveNext()
FNDA:0,System.Void TourManagement.Web.Pages.Pages_Error/<ExecuteAsync>d__0::MoveNext()
DA:4,0
DA:10,0
DA:11,0
DA:15,0
BRDA:10,70,0,0
BRDA:10,70,1,0
LF:4
LH:0
BRF:2
BRH:0
FNF:1
FNH:0
end_of_record
SF:/modernize-data/studio-data/TNT1001/APP1422/transformed-code/475/studio-workspace/legacy otnet app tour check/TourManagement.Net8/src/TourManagement.Web/Pages/Index.cshtml
FN:3,System.Void TourManagement.Web.Pages.Pages_Index/<ExecuteAsync>d__11::MoveNext()
FNDA:0,System.Void TourManagement.Web.Pages.Pages_Index/<ExecuteAsync>d__11::MoveNext()
DA:4,0
BRDA:4,438,0,0
BRDA:4,438,1,0
BRDA:4,952,0,0
BRDA:4,952,1,0
BRDA:4,1466,0,0
BRDA:4,1466,1,0
LF:1
LH:0
BRF:6
BRH:0
FNF:1
FNH:0
end_of_record
SF:/modernize-data/studio-data/TNT1001/APP1422/transformed-code/475/studio-workspace/legacy otnet app tour check/TourManagement.Net8/src/TourManagement.Web/Pages/_ViewStart.cshtml
FN:1,System.Void TourManagement.Web.Pages.Pages__ViewStart/<ExecuteAsync>d__0::MoveNext()
FNDA:0,System.Void TourManagement.Web.Pages.Pages__ViewStart/<ExecuteAsync>d__0::MoveNext()
DA:2,0
LF:1
LH:0
BRF:0
BRH:0
FNF:1
FNH:0
end_of_record
SF:/modernize-data/studio-data/TNT1001/APP1422/transformed-code/475/studio-workspace/legacy otnet app tour check/TourManagement.Net8/src/TourManagement.Web/Pages/Users/Index.cshtml.cs
FN:8,System.Void TourManagement.Web.Pages.Users.IndexModel::OnGet()
FNDA:0,System.Void TourManagement.Web.Pages.Users.IndexModel::OnGet()
DA:9,0
DA:10,0
LF:2
LH:0
BRF:0
BRH:0
FNF:1
FNH:0
end_of_record
SF:/modernize-data/studio-data/TNT1001/APP1422/transformed-code/475/studio-workspace/legacy otnet app tour check/TourManagement.Net8/src/TourManagement.Web/Pages/Users/Index.cshtml
FN:2,System.Void TourManagement.Web.Pages.Users.Pages_Users_Index/<ExecuteAsync>d__9::MoveNext()
FNDA:0,System.Void TourManagement.Web.Pages.Users.Pages_Users_Index/<ExecuteAsync>d__9::MoveNext()
DA:3,0
BRDA:3,397,0,0
BRDA:3,397,1,0
LF:1
LH:0
BRF:2
BRH:0
FNF:1
FNH:0
end_of_record
SF:/modernize-data/studio-data/TNT1001/APP1422/transformed-code/475/studio-workspace/legacy otnet app tour check/TourManagement.Net8/src/TourManagement.Web/Pages/Tours/Create.cshtml.cs
FN:24,System.String TourManagement.Web.Pages.Tours.CreateModel::get_TourName()
FNDA:0,System.String TourManagement.Web.Pages.Tours.CreateModel::get_TourName()
DA:25,0
FN:29,System.String TourManagement.Web.Pages.Tours.CreateModel::get_Place()
FNDA:0,System.String TourManagement.Web.Pages.Tours.CreateModel::get_Place()
DA:30,0
FN:34,System.Int32 TourManagement.Web.Pages.Tours.CreateModel::get_Days()
FNDA:0,System.Int32 TourManagement.Web.Pages.Tours.CreateModel::get_Days()
DA:35,0
FN:39,System.Decimal TourManagement.Web.Pages.Tours.CreateModel::get_Price()
FNDA:0,System.Decimal TourManagement.Web.Pages.Tours.CreateModel::get_Price()
DA:40,0
FN:44,System.String TourManagement.Web.Pages.Tours.CreateModel::get_Locations()
FNDA:0,System.String TourManagement.Web.Pages.Tours.CreateModel::get_Locations()
DA:45,0
FN:49,System.String TourManagement.Web.Pages.Tours.CreateModel::get_TourInfo()
FNDA:0,System.String TourManagement.Web.Pages.Tours.CreateModel::get_TourInfo()
DA:50,0
FN:52,Microsoft.AspNetCore.Http.IFormFile TourManagement.Web.Pages.Tours.CreateModel::get_PictureFile()
FNDA:0,Microsoft.AspNetCore.Http.IFormFile TourManagement.Web.Pages.Tours.CreateModel::get_PictureFile()
DA:53,0
FN:55,System.Void TourManagement.Web.Pages.Tours.CreateModel::OnGet()
FNDA:0,System.Void TourManagement.Web.Pages.Tours.CreateModel::OnGet()
DA:56,0
DA:57,0
FN:14,System.Void TourManagement.Web.Pages.Tours.CreateModel::.ctor(TourManagement.Domain.Interfaces.Services.ITourService,Microsoft.AspNetCore.Hosting.IWebHostEnvironment,Microsoft.Extensions.Logging.ILogger`1<TourManagement.Web.Pages.Tours.CreateModel>)
FNDA:0,System.Void TourManagement.Web.Pages.Tours.CreateModel::.ctor(TourManagement.Domain.Interfaces.Services.ITourService,Microsoft.AspNetCore.Hosting.IWebHostEnvironment,Microsoft.Extensions.Logging.ILogger`1<TourManagement.Web.Pages.Tours.CreateModel>)
DA:15,0
DA:16,0
DA:17,0
DA:18,0
DA:19,0
DA:20,0
FN:59,System.Void TourManagement.Web.Pages.Tours.CreateModel/<OnPostAsync>d__33::MoveNext()
FNDA:0,System.Void TourManagement.Web.Pages.Tours.CreateModel/<OnPostAsync>d__33::MoveNext()
DA:60,0
DA:61,0
DA:62,0
DA:63,0
DA:67,0
DA:68,0
DA:70,0
DA:71,0
DA:72,0
DA:73,0
DA:75,0
DA:76,0
DA:77,0
DA:78,0
DA:81,0
DA:82,0
DA:83,0
DA:84,0
DA:87,0
DA:88,0
DA:90,0
DA:91,0
DA:92,0
DA:93,0
DA:95,0
DA:97,0
DA:98,0
DA:99,0
DA:100,0
DA:102,0
DA:103,0
DA:105,0
DA:106,0
DA:107,0
DA:108,0
DA:109,0
DA:110,0
DA:111,0
DA:112,0
DA:113,0
DA:114,0
DA:116,0
DA:118,0
DA:119,0
DA:121,0
DA:122,0
DA:123,0
DA:124,0
DA:125,0
DA:127,0
BRDA:61,37,0,0
BRDA:61,37,1,0
BRDA:70,98,0,0
BRDA:70,98,1,0
BRDA:70,125,0,0
BRDA:75,236,0,0
BRDA:75,236,1,0
BRDA:81,311,0,0
BRDA:81,311,1,0
BRDA:90,457,0,0
BRDA:90,457,1,0
BRDA:70,125,1,0
LF:65
LH:0
BRF:12
BRH:0
FNF:10
FNH:0
end_of_record
SF:/modernize-data/studio-data/TNT1001/APP1422/transformed-code/475/studio-workspace/legacy otnet app tour check/TourManagement.Net8/src/TourManagement.Web/Pages/Tours/Delete.cshtml.cs
FN:19,System.Int32 TourManagement.Web.Pages.Tours.DeleteModel::get_Id()
FNDA:0,System.Int32 TourManagement.Web.Pages.Tours.DeleteModel::get_Id()
DA:20,0
FN:21,TourManagement.Domain.DTOs.TourDto TourManagement.Web.Pages.Tours.DeleteModel::get_Tour()
FNDA:0,TourManagement.Domain.DTOs.TourDto TourManagement.Web.Pages.Tours.DeleteModel::get_Tour()
DA:22,0
FN:12,System.Void TourManagement.Web.Pages.Tours.DeleteModel::.ctor(TourManagement.Domain.Interfaces.Services.ITourService,Microsoft.Extensions.Logging.ILogger`1<TourManagement.Web.Pages.Tours.DeleteModel>)
FNDA:0,System.Void TourManagement.Web.Pages.Tours.DeleteModel::.ctor(TourManagement.Domain.Interfaces.Services.ITourService,Microsoft.Extensions.Logging.ILogger`1<TourManagement.Web.Pages.Tours.DeleteModel>)
DA:13,0
DA:14,0
DA:15,0
DA:16,0
DA:17,0
FN:24,System.Void TourManagement.Web.Pages.Tours.DeleteModel/<OnGetAsync>d__11::MoveNext()
FNDA:0,System.Void TourManagement.Web.Pages.Tours.DeleteModel/<OnGetAsync>d__11::MoveNext()
DA:25,0
DA:27,0
DA:28,0
DA:30,0
DA:31,0
DA:32,0
DA:35,0
DA:36,0
DA:38,0
DA:39,0
DA:40,0
DA:41,0
DA:43,0
BRDA:30,190,0,0
BRDA:30,190,1,0
FN:45,System.Void TourManagement.Web.Pages.Tours.DeleteModel/<OnPostAsync>d__12::MoveNext()
FNDA:0,System.Void TourManagement.Web.Pages.Tours.DeleteModel/<OnPostAsync>d__12::MoveNext()
DA:46,0
DA:48,0
DA:49,0
DA:51,0
DA:52,0
DA:53,0
DA:56,0
DA:57,0
DA:59,0
DA:60,0
DA:61,0
DA:62,0
DA:63,0
DA:65,0
BRDA:51,177,0,0
BRDA:51,177,1,0
LF:34
LH:0
BRF:4
BRH:0
FNF:5
FNH:0
end_of_record
SF:/modernize-data/studio-data/TNT1001/APP1422/transformed-code/475/studio-workspace/legacy otnet app tour check/TourManagement.Net8/src/TourManagement.Web/Pages/Tours/Details.cshtml.cs
FN:18,TourManagement.Domain.DTOs.TourDto TourManagement.Web.Pages.Tours.DetailsModel::get_Tour()
FNDA:0,TourManagement.Domain.DTOs.TourDto TourManagement.Web.Pages.Tours.DetailsModel::get_Tour()
DA:19,0
FN:12,System.Void TourManagement.Web.Pages.Tours.DetailsModel::.ctor(TourManagement.Domain.Interfaces.Services.ITourService,Microsoft.Extensions.Logging.ILogger`1<TourManagement.Web.Pages.Tours.DetailsModel>)
FNDA:0,System.Void TourManagement.Web.Pages.Tours.DetailsModel::.ctor(TourManagement.Domain.Interfaces.Services.ITourService,Microsoft.Extensions.Logging.ILogger`1<TourManagement.Web.Pages.Tours.DetailsModel>)
DA:13,0
DA:14,0
DA:15,0
DA:16,0
DA:17,0
FN:21,System.Void TourManagement.Web.Pages.Tours.DetailsModel/<OnGetAsync>d__7::MoveNext()
FNDA:0,System.Void TourManagement.Web.Pages.Tours.DetailsModel/<OnGetAsync>d__7::MoveNext()
DA:22,0
DA:24,0
DA:25,0
DA:27,0
DA:28,0
DA:29,0
DA:32,0
DA:34,0
DA:35,0
DA:36,0
DA:37,0
DA:39,0
BRDA:27,190,0,0
BRDA:27,190,1,0
LF:18
LH:0
BRF:2
BRH:0
FNF:3
FNH:0
end_of_record
SF:/modernize-data/studio-data/TNT1001/APP1422/transformed-code/475/studio-workspace/legacy otnet app tour check/TourManagement.Net8/src/TourManagement.Web/Pages/Tours/Edit.cshtml.cs
FN:22,System.Int32 TourManagement.Web.Pages.Tours.EditModel::get_Id()
FNDA:0,System.Int32 TourManagement.Web.Pages.Tours.EditModel::get_Id()
DA:23,0
FN:27,System.String TourManagement.Web.Pages.Tours.EditModel::get_TourName()
FNDA:0,System.String TourManagement.Web.Pages.Tours.EditModel::get_TourName()
DA:28,0
FN:32,System.String TourManagement.Web.Pages.Tours.EditModel::get_Place()
FNDA:0,System.String TourManagement.Web.Pages.Tours.EditModel::get_Place()
DA:33,0
FN:37,System.Int32 TourManagement.Web.Pages.Tours.EditModel::get_Days()
FNDA:0,System.Int32 TourManagement.Web.Pages.Tours.EditModel::get_Days()
DA:38,0
FN:42,System.Decimal TourManagement.Web.Pages.Tours.EditModel::get_Price()
FNDA:0,System.Decimal TourManagement.Web.Pages.Tours.EditModel::get_Price()
DA:43,0
FN:47,System.String TourManagement.Web.Pages.Tours.EditModel::get_Locations()
FNDA:0,System.String TourManagement.Web.Pages.Tours.EditModel::get_Locations()
DA:48,0
FN:52,System.String TourManagement.Web.Pages.Tours.EditModel::get_TourInfo()
FNDA:0,System.String TourManagement.Web.Pages.Tours.EditModel::get_TourInfo()
DA:53,0
FN:55,Microsoft.AspNetCore.Http.IFormFile TourManagement.Web.Pages.Tours.EditModel::get_PictureFile()
FNDA:0,Microsoft.AspNetCore.Http.IFormFile TourManagement.Web.Pages.Tours.EditModel::get_PictureFile()
DA:56,0
FN:58,System.Boolean TourManagement.Web.Pages.Tours.EditModel::get_IsActive()
FNDA:0,System.Boolean TourManagement.Web.Pages.Tours.EditModel::get_IsActive()
DA:59,0
FN:60,System.String TourManagement.Web.Pages.Tours.EditModel::get_ExistingPictureFileName()
FNDA:0,System.String TourManagement.Web.Pages.Tours.EditModel::get_ExistingPictureFileName()
DA:61,0
FN:14,System.Void TourManagement.Web.Pages.Tours.EditModel::.ctor(TourManagement.Domain.Interfaces.Services.ITourService,Microsoft.AspNetCore.Hosting.IWebHostEnvironment,Microsoft.Extensions.Logging.ILogger`1<TourManagement.Web.Pages.Tours.EditModel>)
FNDA:0,System.Void TourManagement.Web.Pages.Tours.EditModel::.ctor(TourManagement.Domain.Interfaces.Services.ITourService,Microsoft.AspNetCore.Hosting.IWebHostEnvironment,Microsoft.Extensions.Logging.ILogger`1<TourManagement.Web.Pages.Tours.EditModel>)
DA:15,0
DA:16,0
DA:17,0
DA:18,0
DA:19,0
DA:20,0
FN:63,System.Void TourManagement.Web.Pages.Tours.EditModel/<OnGetAsync>d__44::MoveNext()
FNDA:0,System.Void TourManagement.Web.Pages.Tours.EditModel/<OnGetAsync>d__44::MoveNext()
DA:64,0
DA:66,0
DA:67,0
DA:69,0
DA:70,0
DA:71,0
DA:74,0
DA:75,0
DA:76,0
DA:77,0
DA:78,0
DA:79,0
DA:80,0
DA:81,0
DA:82,0
DA:84,0
DA:86,0
DA:87,0
DA:88,0
DA:89,0
DA:91,0
BRDA:69,179,0,0
BRDA:69,179,1,0
FN:93,System.Void TourManagement.Web.Pages.Tours.EditModel/<OnPostAsync>d__45::MoveNext()
FNDA:0,System.Void TourManagement.Web.Pages.Tours.EditModel/<OnPostAsync>d__45::MoveNext()
DA:94,0
DA:95,0
DA:96,0
DA:97,0
DA:101,0
DA:102,0
DA:103,0
DA:104,0
DA:105,0
DA:108,0
DA:110,0
DA:111,0
DA:112,0
DA:113,0
DA:115,0
DA:116,0
DA:117,0
DA:118,0
DA:119,0
DA:122,0
DA:123,0
DA:124,0
DA:125,0
DA:126,0
DA:129,0
DA:130,0
DA:132,0
DA:133,0
DA:134,0
DA:135,0
DA:137,0
DA:139,0
DA:140,0
DA:141,0
DA:142,0
DA:144,0
DA:145,0
DA:146,0
DA:147,0
DA:148,0
DA:149,0
DA:150,0
DA:151,0
DA:153,0
DA:154,0
DA:156,0
DA:157,0
DA:158,0
DA:159,0
DA:160,0
DA:161,0
DA:162,0
DA:163,0
DA:164,0
DA:165,0
DA:166,0
DA:168,0
DA:170,0
DA:171,0
DA:173,0
DA:174,0
DA:175,0
DA:176,0
DA:177,0
DA:179,0
BRDA:95,37,0,0
BRDA:95,37,1,0
BRDA:103,252,0,0
BRDA:103,252,1,0
BRDA:110,300,0,0
BRDA:110,300,1,0
BRDA:110,329,0,0
BRDA:115,440,0,0
BRDA:115,440,1,0
BRDA:122,538,0,0
BRDA:122,538,1,0
BRDA:132,707,0,0
BRDA:132,707,1,0
BRDA:144,954,0,0
BRDA:147,1000,0,0
BRDA:147,1000,1,0
BRDA:144,954,1,0
BRDA:110,329,1,0
LF:102
LH:0
BRF:20
BRH:0
FNF:13
FNH:0
end_of_record
SF:/modernize-data/studio-data/TNT1001/APP1422/transformed-code/475/studio-workspace/legacy otnet app tour check/TourManagement.Net8/src/TourManagement.Web/Pages/Tours/Index.cshtml.cs
FN:17,System.Collections.Generic.IEnumerable`1<TourManagement.Domain.DTOs.TourDto> TourManagement.Web.Pages.Tours.IndexModel::get_Tours()
FNDA:0,System.Collections.Generic.IEnumerable`1<TourManagement.Domain.DTOs.TourDto> TourManagement.Web.Pages.Tours.IndexModel::get_Tours()
DA:18,0
FN:11,System.Void TourManagement.Web.Pages.Tours.IndexModel::.ctor(TourManagement.Domain.Interfaces.Services.ITourService,Microsoft.Extensions.Logging.ILogger`1<TourManagement.Web.Pages.Tours.IndexModel>)
FNDA:0,System.Void TourManagement.Web.Pages.Tours.IndexModel::.ctor(TourManagement.Domain.Interfaces.Services.ITourService,Microsoft.Extensions.Logging.ILogger`1<TourManagement.Web.Pages.Tours.IndexModel>)
DA:12,0
DA:13,0
DA:14,0
DA:15,0
DA:16,0
FN:20,System.Void TourManagement.Web.Pages.Tours.IndexModel/<OnGetAsync>d__7::MoveNext()
FNDA:0,System.Void TourManagement.Web.Pages.Tours.IndexModel/<OnGetAsync>d__7::MoveNext()
DA:21,0
DA:23,0
DA:24,0
DA:25,0
DA:26,0
DA:27,0
DA:28,0
DA:29,0
DA:30,0
DA:31,0
LF:16
LH:0
BRF:0
BRH:0
FNF:3
FNH:0
end_of_record
SF:/modernize-data/studio-data/TNT1001/APP1422/transformed-code/475/studio-workspace/legacy otnet app tour check/TourManagement.Net8/src/TourManagement.Web/Pages/Tours/Create.cshtml
FN:3,System.Void TourManagement.Web.Pages.Tours.Pages_Tours_Create/<ExecuteAsync>d__29::MoveNext()
FNDA:0,System.Void TourManagement.Web.Pages.Tours.Pages_Tours_Create/<ExecuteAsync>d__29::MoveNext()
DA:4,0
BRDA:4,447,0,0
BRDA:4,447,1,0
LF:1
LH:0
BRF:2
BRH:0
FNF:1
FNH:0
end_of_record
SF:/modernize-data/studio-data/TNT1001/APP1422/transformed-code/475/studio-workspace/legacy otnet app tour check/TourManagement.Net8/src/TourManagement.Web/Pages/Tours/Delete.cshtml
FN:3,System.Void TourManagement.Web.Pages.Tours.Pages_Tours_Delete/<ExecuteAsync>d__15::MoveNext()
FNDA:0,System.Void TourManagement.Web.Pages.Tours.Pages_Tours_Delete/<ExecuteAsync>d__15::MoveNext()
DA:4,0
DA:11,0
DA:12,0
DA:39,0
DA:41,0
DA:44,0
BRDA:11,117,0,0
BRDA:12,802,0,0
BRDA:12,802,1,0
BRDA:11,117,1,0
BRDA:41,1342,0,0
BRDA:41,1342,1,0
LF:6
LH:0
BRF:6
BRH:0
FNF:1
FNH:0
end_of_record
SF:/modernize-data/studio-data/TNT1001/APP1422/transformed-code/475/studio-workspace/legacy otnet app tour check/TourManagement.Net8/src/TourManagement.Web/Pages/Tours/Details.cshtml
FN:3,System.Void TourManagement.Web.Pages.Tours.Pages_Tours_Details/<ExecuteAsync>d__14::MoveNext()
FNDA:0,System.Void TourManagement.Web.Pages.Tours.Pages_Tours_Details/<ExecuteAsync>d__14::MoveNext()
DA:4,0
DA:9,0
DA:10,0
DA:12,0
DA:14,0
DA:36,0
DA:37,0
DA:42,0
DA:47,0
DA:48,0
DA:51,0
DA:63,0
BRDA:9,135,0,0
BRDA:9,135,1,0
BRDA:36,528,0,0
BRDA:37,1106,0,0
BRDA:37,1106,1,0
BRDA:36,528,1,0
BRDA:47,1408,0,0
BRDA:47,1408,1,0
BRDA:51,1546,0,0
BRDA:51,1546,1,0
BRDA:51,1782,0,0
BRDA:51,1782,1,0
BRDA:51,2147,0,0
BRDA:51,2147,1,0
BRDA:51,2663,0,0
BRDA:51,2663,1,0
LF:12
LH:0
BRF:16
BRH:0
FNF:1
FNH:0
end_of_record
SF:/modernize-data/studio-data/TNT1001/APP1422/transformed-code/475/studio-workspace/legacy otnet app tour check/TourManagement.Net8/src/TourManagement.Web/Pages/Tours/Edit.cshtml
FN:51,System.Void TourManagement.Web.Pages.Tours.Pages_Tours_Edit/<<ExecuteAsync>b__37_0>d::MoveNext()
FNDA:0,System.Void TourManagement.Web.Pages.Tours.Pages_Tours_Edit/<<ExecuteAsync>b__37_0>d::MoveNext()
DA:52,0
DA:53,0
DA:60,0
BRDA:52,980,0,0
BRDA:52,980,1,0
BRDA:52,1516,0,0
BRDA:52,1516,1,0
BRDA:52,2130,0,0
BRDA:52,2130,1,0
BRDA:52,2744,0,0
BRDA:52,2744,1,0
BRDA:52,3358,0,0
BRDA:52,3358,1,0
BRDA:52,3974,0,0
BRDA:52,3974,1,0
BRDA:52,4590,0,0
BRDA:52,4590,1,0
BRDA:52,5206,0,0
BRDA:52,5206,1,0
BRDA:52,5822,0,0
BRDA:52,5822,1,0
BRDA:52,6492,0,0
BRDA:52,6492,1,0
BRDA:52,7108,0,0
BRDA:52,7108,1,0
BRDA:52,7724,0,0
BRDA:52,7724,1,0
BRDA:52,8416,0,0
BRDA:52,8416,1,0
BRDA:52,9032,0,0
BRDA:52,9032,1,0
BRDA:52,9648,0,0
BRDA:52,9648,1,0
BRDA:52,10264,0,0
BRDA:52,10264,1,0
BRDA:52,10880,0,0
BRDA:52,10880,1,0
BRDA:52,11496,0,0
BRDA:52,11496,1,0
BRDA:52,12156,0,0
BRDA:52,12156,1,0
BRDA:52,12772,0,0
BRDA:52,12772,1,0
BRDA:52,12986,0,0
BRDA:53,13477,0,0
BRDA:53,13477,1,0
BRDA:52,12986,1,0
BRDA:60,14097,0,0
BRDA:60,14097,1,0
BRDA:60,14789,0,0
BRDA:60,14789,1,0
BRDA:60,15405,0,0
BRDA:60,15405,1,0
BRDA:60,16075,0,0
BRDA:60,16075,1,0
BRDA:60,16691,0,0
BRDA:60,16691,1,0
BRDA:60,17207,0,0
BRDA:60,17207,1,0
FN:3,System.Void TourManagement.Web.Pages.Tours.Pages_Tours_Edit/<ExecuteAsync>d__37::MoveNext()
FNDA:0,System.Void TourManagement.Web.Pages.Tours.Pages_Tours_Edit/<ExecuteAsync>d__37::MoveNext()
DA:4,0
BRDA:4,447,0,0
BRDA:4,447,1,0
LF:4
LH:0
BRF:58
BRH:0
FNF:2
FNH:0
end_of_record
SF:/modernize-data/studio-data/TNT1001/APP1422/transformed-code/475/studio-workspace/legacy otnet app tour check/TourManagement.Net8/src/TourManagement.Web/Pages/Tours/Index.cshtml
FN:3,System.Void TourManagement.Web.Pages.Tours.Pages_Tours_Index/<ExecuteAsync>d__15::MoveNext()
FNDA:0,System.Void TourManagement.Web.Pages.Tours.Pages_Tours_Index/<ExecuteAsync>d__15::MoveNext()
DA:4,0
DA:13,0
DA:14,0
DA:16,0
DA:18,0
DA:31,0
DA:32,0
DA:45,0
DA:48,0
BRDA:4,431,0,0
BRDA:4,431,1,0
BRDA:13,632,0,0
BRDA:13,632,1,0
BRDA:13,665,0,0
BRDA:13,665,1,0
BRDA:31,3243,1,0
BRDA:32,1243,0,0
BRDA:32,1243,1,0
BRDA:32,1597,0,0
BRDA:32,1597,1,0
BRDA:32,1964,0,0
BRDA:32,1964,1,0
BRDA:32,2318,0,0
BRDA:32,2318,1,0
BRDA:32,2685,0,0
BRDA:32,2685,1,0
BRDA:32,3039,0,0
BRDA:32,3039,1,0
BRDA:31,3243,0,0
LF:9
LH:0
BRF:20
BRH:0
FNF:1
FNH:0
end_of_record
SF:/modernize-data/studio-data/TNT1001/APP1422/transformed-code/475/studio-workspace/legacy otnet app tour check/TourManagement.Net8/src/TourManagement.Web/Pages/Bookings/Index.cshtml.cs
FN:8,System.Void TourManagement.Web.Pages.Bookings.IndexModel::OnGet()
FNDA:0,System.Void TourManagement.Web.Pages.Bookings.IndexModel::OnGet()
DA:9,0
DA:10,0
LF:2
LH:0
BRF:0
BRH:0
FNF:1
FNH:0
end_of_record
SF:/modernize-data/studio-data/TNT1001/APP1422/transformed-code/475/studio-workspace/legacy otnet app tour check/TourManagement.Net8/src/TourManagement.Web/Pages/Bookings/Index.cshtml
FN:2,System.Void TourManagement.Web.Pages.Bookings.Pages_Bookings_Index/<ExecuteAsync>d__9::MoveNext()
FNDA:0,System.Void TourManagement.Web.Pages.Bookings.Pages_Bookings_Index/<ExecuteAsync>d__9::MoveNext()
DA:3,0
BRDA:3,397,0,0
BRDA:3,397,1,0
LF:1
LH:0
BRF:2
BRH:0
FNF:1
FNH:0
end_of_record
SF:/modernize-data/studio-data/TNT1001/APP1422/transformed-code/475/studio-workspace/legacy otnet app tour check/TourManagement.Net8/src/TourManagement.Domain/Entities/Booking.cs
FN:7,System.Int32 TourManagement.Domain.Entities.Booking::get_Id()
FNDA:0,System.Int32 TourManagement.Domain.Entities.Booking::get_Id()
DA:8,0
FN:8,System.Int32 TourManagement.Domain.Entities.Booking::get_TourId()
FNDA:0,System.Int32 TourManagement.Domain.Entities.Booking::get_TourId()
DA:9,0
FN:9,System.String TourManagement.Domain.Entities.Booking::get_TourName()
FNDA:0,System.String TourManagement.Domain.Entities.Booking::get_TourName()
DA:10,0
FN:10,System.String TourManagement.Domain.Entities.Booking::get_Place()
FNDA:0,System.String TourManagement.Domain.Entities.Booking::get_Place()
DA:11,0
FN:11,System.String TourManagement.Domain.Entities.Booking::get_Email()
FNDA:0,System.String TourManagement.Domain.Entities.Booking::get_Email()
DA:12,0
FN:12,System.String TourManagement.Domain.Entities.Booking::get_FirstName()
FNDA:0,System.String TourManagement.Domain.Entities.Booking::get_FirstName()
DA:13,0
FN:13,System.DateTime TourManagement.Domain.Entities.Booking::get_BookingDate()
FNDA:0,System.DateTime TourManagement.Domain.Entities.Booking::get_BookingDate()
DA:14,0
FN:14,System.DateTime TourManagement.Domain.Entities.Booking::get_CreatedDate()
FNDA:0,System.DateTime TourManagement.Domain.Entities.Booking::get_CreatedDate()
DA:15,0
FN:15,System.Nullable`1<System.DateTime> TourManagement.Domain.Entities.Booking::get_ModifiedDate()
FNDA:0,System.Nullable`1<System.DateTime> TourManagement.Domain.Entities.Booking::get_ModifiedDate()
DA:16,0
FN:16,System.Boolean TourManagement.Domain.Entities.Booking::get_IsActive()
FNDA:0,System.Boolean TourManagement.Domain.Entities.Booking::get_IsActive()
DA:17,0
FN:17,System.String TourManagement.Domain.Entities.Booking::get_CreatedBy()
FNDA:0,System.String TourManagement.Domain.Entities.Booking::get_CreatedBy()
DA:18,0
FN:18,System.String TourManagement.Domain.Entities.Booking::get_ModifiedBy()
FNDA:0,System.String TourManagement.Domain.Entities.Booking::get_ModifiedBy()
DA:19,0
FN:20,TourManagement.Domain.Entities.Tour TourManagement.Domain.Entities.Booking::get_Tour()
FNDA:0,TourManagement.Domain.Entities.Tour TourManagement.Domain.Entities.Booking::get_Tour()
DA:21,0
FN:21,TourManagement.Domain.Entities.UserInfo TourManagement.Domain.Entities.Booking::get_User()
FNDA:0,TourManagement.Domain.Entities.UserInfo TourManagement.Domain.Entities.Booking::get_User()
DA:22,0
LF:14
LH:0
BRF:0
BRH:0
FNF:14
FNH:0
end_of_record
SF:/modernize-data/studio-data/TNT1001/APP1422/transformed-code/475/studio-workspace/legacy otnet app tour check/TourManagement.Net8/src/TourManagement.Domain/Entities/Tour.cs
FN:7,System.Int32 TourManagement.Domain.Entities.Tour::get_Id()
FNDA:0,System.Int32 TourManagement.Domain.Entities.Tour::get_Id()
DA:8,0
FN:8,System.String TourManagement.Domain.Entities.Tour::get_TourName()
FNDA:0,System.String TourManagement.Domain.Entities.Tour::get_TourName()
DA:9,0
FN:9,System.String TourManagement.Domain.Entities.Tour::get_Place()
FNDA:0,System.String TourManagement.Domain.Entities.Tour::get_Place()
DA:10,0
FN:10,System.Int32 TourManagement.Domain.Entities.Tour::get_Days()
FNDA:0,System.Int32 TourManagement.Domain.Entities.Tour::get_Days()
DA:11,0
FN:11,System.Decimal TourManagement.Domain.Entities.Tour::get_Price()
FNDA:0,System.Decimal TourManagement.Domain.Entities.Tour::get_Price()
DA:12,0
FN:12,System.String TourManagement.Domain.Entities.Tour::get_Locations()
FNDA:0,System.String TourManagement.Domain.Entities.Tour::get_Locations()
DA:13,0
FN:13,System.String TourManagement.Domain.Entities.Tour::get_TourInfo()
FNDA:0,System.String TourManagement.Domain.Entities.Tour::get_TourInfo()
DA:14,0
FN:14,System.String TourManagement.Domain.Entities.Tour::get_PictureFileName()
FNDA:0,System.String TourManagement.Domain.Entities.Tour::get_PictureFileName()
DA:15,0
FN:15,System.DateTime TourManagement.Domain.Entities.Tour::get_CreatedDate()
FNDA:0,System.DateTime TourManagement.Domain.Entities.Tour::get_CreatedDate()
DA:16,0
FN:16,System.Nullable`1<System.DateTime> TourManagement.Domain.Entities.Tour::get_ModifiedDate()
FNDA:0,System.Nullable`1<System.DateTime> TourManagement.Domain.Entities.Tour::get_ModifiedDate()
DA:17,0
FN:17,System.Boolean TourManagement.Domain.Entities.Tour::get_IsActive()
FNDA:0,System.Boolean TourManagement.Domain.Entities.Tour::get_IsActive()
DA:18,0
FN:18,System.String TourManagement.Domain.Entities.Tour::get_CreatedBy()
FNDA:0,System.String TourManagement.Domain.Entities.Tour::get_CreatedBy()
DA:19,0
FN:19,System.String TourManagement.Domain.Entities.Tour::get_ModifiedBy()
FNDA:0,System.String TourManagement.Domain.Entities.Tour::get_ModifiedBy()
DA:20,0
FN:21,System.Collections.Generic.ICollection`1<TourManagement.Domain.Entities.Booking> TourManagement.Domain.Entities.Tour::get_Bookings()
FNDA:0,System.Collections.Generic.ICollection`1<TourManagement.Domain.Entities.Booking> TourManagement.Domain.Entities.Tour::get_Bookings()
DA:22,0
LF:14
LH:0
BRF:0
BRH:0
FNF:14
FNH:0
end_of_record
SF:/modernize-data/studio-data/TNT1001/APP1422/transformed-code/475/studio-workspace/legacy otnet app tour check/TourManagement.Net8/src/TourManagement.Domain/Entities/UserInfo.cs
FN:7,System.String TourManagement.Domain.Entities.UserInfo::get_Email()
FNDA:0,System.String TourManagement.Domain.Entities.UserInfo::get_Email()
DA:8,0
FN:8,System.String TourManagement.Domain.Entities.UserInfo::get_FirstName()
FNDA:0,System.String TourManagement.Domain.Entities.UserInfo::get_FirstName()
DA:9,0
FN:9,System.String TourManagement.Domain.Entities.UserInfo::get_LastName()
FNDA:0,System.String TourManagement.Domain.Entities.UserInfo::get_LastName()
DA:10,0
FN:10,System.String TourManagement.Domain.Entities.UserInfo::get_Gender()
FNDA:0,System.String TourManagement.Domain.Entities.UserInfo::get_Gender()
DA:11,0
FN:11,System.String TourManagement.Domain.Entities.UserInfo::get_PasswordHash()
FNDA:0,System.String TourManagement.Domain.Entities.UserInfo::get_PasswordHash()
DA:12,0
FN:12,System.DateTime TourManagement.Domain.Entities.UserInfo::get_DateOfBirth()
FNDA:0,System.DateTime TourManagement.Domain.Entities.UserInfo::get_DateOfBirth()
DA:13,0
FN:13,System.String TourManagement.Domain.Entities.UserInfo::get_Street()
FNDA:0,System.String TourManagement.Domain.Entities.UserInfo::get_Street()
DA:14,0
FN:14,System.String TourManagement.Domain.Entities.UserInfo::get_City()
FNDA:0,System.String TourManagement.Domain.Entities.UserInfo::get_City()
DA:15,0
FN:15,System.String TourManagement.Domain.Entities.UserInfo::get_State()
FNDA:0,System.String TourManagement.Domain.Entities.UserInfo::get_State()
DA:16,0
FN:16,System.DateTime TourManagement.Domain.Entities.UserInfo::get_CreatedDate()
FNDA:0,System.DateTime TourManagement.Domain.Entities.UserInfo::get_CreatedDate()
DA:17,0
FN:17,System.Nullable`1<System.DateTime> TourManagement.Domain.Entities.UserInfo::get_ModifiedDate()
FNDA:0,System.Nullable`1<System.DateTime> TourManagement.Domain.Entities.UserInfo::get_ModifiedDate()
DA:18,0
FN:18,System.Boolean TourManagement.Domain.Entities.UserInfo::get_IsActive()
FNDA:0,System.Boolean TourManagement.Domain.Entities.UserInfo::get_IsActive()
DA:19,0
FN:19,System.String TourManagement.Domain.Entities.UserInfo::get_CreatedBy()
FNDA:0,System.String TourManagement.Domain.Entities.UserInfo::get_CreatedBy()
DA:20,0
FN:20,System.String TourManagement.Domain.Entities.UserInfo::get_ModifiedBy()
FNDA:0,System.String TourManagement.Domain.Entities.UserInfo::get_ModifiedBy()
DA:21,0
FN:22,System.Collections.Generic.ICollection`1<TourManagement.Domain.Entities.Booking> TourManagement.Domain.Entities.UserInfo::get_Bookings()
FNDA:0,System.Collections.Generic.ICollection`1<TourManagement.Domain.Entities.Booking> TourManagement.Domain.Entities.UserInfo::get_Bookings()
DA:23,0
LF:15
LH:0
BRF:0
BRH:0
FNF:15
FNH:0
end_of_record
SF:/modernize-data/studio-data/TNT1001/APP1422/transformed-code/475/studio-workspace/legacy otnet app tour check/TourManagement.Net8/src/TourManagement.Domain/DTOs/BookingDto.cs
FN:4,System.Int32 TourManagement.Domain.DTOs.BookingDto::get_Id()
FNDA:0,System.Int32 TourManagement.Domain.DTOs.BookingDto::get_Id()
DA:5,0
FN:5,System.Int32 TourManagement.Domain.DTOs.BookingDto::get_TourId()
FNDA:0,System.Int32 TourManagement.Domain.DTOs.BookingDto::get_TourId()
DA:6,0
FN:6,System.String TourManagement.Domain.DTOs.BookingDto::get_TourName()
FNDA:0,System.String TourManagement.Domain.DTOs.BookingDto::get_TourName()
DA:7,0
FN:7,System.String TourManagement.Domain.DTOs.BookingDto::get_Place()
FNDA:0,System.String TourManagement.Domain.DTOs.BookingDto::get_Place()
DA:8,0
FN:8,System.String TourManagement.Domain.DTOs.BookingDto::get_Email()
FNDA:0,System.String TourManagement.Domain.DTOs.BookingDto::get_Email()
DA:9,0
FN:9,System.String TourManagement.Domain.DTOs.BookingDto::get_FirstName()
FNDA:0,System.String TourManagement.Domain.DTOs.BookingDto::get_FirstName()
DA:10,0
FN:10,System.DateTime TourManagement.Domain.DTOs.BookingDto::get_BookingDate()
FNDA:0,System.DateTime TourManagement.Domain.DTOs.BookingDto::get_BookingDate()
DA:11,0
FN:11,System.DateTime TourManagement.Domain.DTOs.BookingDto::get_CreatedDate()
FNDA:0,System.DateTime TourManagement.Domain.DTOs.BookingDto::get_CreatedDate()
DA:12,0
FN:12,System.Nullable`1<System.DateTime> TourManagement.Domain.DTOs.BookingDto::get_ModifiedDate()
FNDA:0,System.Nullable`1<System.DateTime> TourManagement.Domain.DTOs.BookingDto::get_ModifiedDate()
DA:13,0
FN:13,System.Boolean TourManagement.Domain.DTOs.BookingDto::get_IsActive()
FNDA:0,System.Boolean TourManagement.Domain.DTOs.BookingDto::get_IsActive()
DA:14,0
FN:18,System.Int32 TourManagement.Domain.DTOs.BookingCreateDto::get_TourId()
FNDA:0,System.Int32 TourManagement.Domain.DTOs.BookingCreateDto::get_TourId()
DA:19,0
FN:19,System.String TourManagement.Domain.DTOs.BookingCreateDto::get_Email()
FNDA:0,System.String TourManagement.Domain.DTOs.BookingCreateDto::get_Email()
DA:20,0
FN:24,System.Int32 TourManagement.Domain.DTOs.BookingUpdateDto::get_TourId()
FNDA:0,System.Int32 TourManagement.Domain.DTOs.BookingUpdateDto::get_TourId()
DA:25,0
FN:25,System.String TourManagement.Domain.DTOs.BookingUpdateDto::get_Email()
FNDA:0,System.String TourManagement.Domain.DTOs.BookingUpdateDto::get_Email()
DA:26,0
FN:26,System.Boolean TourManagement.Domain.DTOs.BookingUpdateDto::get_IsActive()
FNDA:0,System.Boolean TourManagement.Domain.DTOs.BookingUpdateDto::get_IsActive()
DA:27,0
LF:15
LH:0
BRF:0
BRH:0
FNF:15
FNH:0
end_of_record
SF:/modernize-data/studio-data/TNT1001/APP1422/transformed-code/475/studio-workspace/legacy otnet app tour check/TourManagement.Net8/src/TourManagement.Domain/DTOs/TourDto.cs
FN:4,System.Int32 TourManagement.Domain.DTOs.TourDto::get_Id()
FNDA:0,System.Int32 TourManagement.Domain.DTOs.TourDto::get_Id()
DA:5,0
FN:5,System.String TourManagement.Domain.DTOs.TourDto::get_TourName()
FNDA:0,System.String TourManagement.Domain.DTOs.TourDto::get_TourName()
DA:6,0
FN:6,System.String TourManagement.Domain.DTOs.TourDto::get_Place()
FNDA:0,System.String TourManagement.Domain.DTOs.TourDto::get_Place()
DA:7,0
FN:7,System.Int32 TourManagement.Domain.DTOs.TourDto::get_Days()
FNDA:0,System.Int32 TourManagement.Domain.DTOs.TourDto::get_Days()
DA:8,0
FN:8,System.Decimal TourManagement.Domain.DTOs.TourDto::get_Price()
FNDA:0,System.Decimal TourManagement.Domain.DTOs.TourDto::get_Price()
DA:9,0
FN:9,System.String TourManagement.Domain.DTOs.TourDto::get_Locations()
FNDA:0,System.String TourManagement.Domain.DTOs.TourDto::get_Locations()
DA:10,0
FN:10,System.String TourManagement.Domain.DTOs.TourDto::get_TourInfo()
FNDA:0,System.String TourManagement.Domain.DTOs.TourDto::get_TourInfo()
DA:11,0
FN:11,System.String TourManagement.Domain.DTOs.TourDto::get_PictureFileName()
FNDA:0,System.String TourManagement.Domain.DTOs.TourDto::get_PictureFileName()
DA:12,0
FN:12,System.DateTime TourManagement.Domain.DTOs.TourDto::get_CreatedDate()
FNDA:0,System.DateTime TourManagement.Domain.DTOs.TourDto::get_CreatedDate()
DA:13,0
FN:13,System.Nullable`1<System.DateTime> TourManagement.Domain.DTOs.TourDto::get_ModifiedDate()
FNDA:0,System.Nullable`1<System.DateTime> TourManagement.Domain.DTOs.TourDto::get_ModifiedDate()
DA:14,0
FN:14,System.Boolean TourManagement.Domain.DTOs.TourDto::get_IsActive()
FNDA:0,System.Boolean TourManagement.Domain.DTOs.TourDto::get_IsActive()
DA:15,0
FN:19,System.String TourManagement.Domain.DTOs.TourCreateDto::get_TourName()
FNDA:0,System.String TourManagement.Domain.DTOs.TourCreateDto::get_TourName()
DA:20,0
FN:20,System.String TourManagement.Domain.DTOs.TourCreateDto::get_Place()
FNDA:0,System.String TourManagement.Domain.DTOs.TourCreateDto::get_Place()
DA:21,0
FN:21,System.Int32 TourManagement.Domain.DTOs.TourCreateDto::get_Days()
FNDA:0,System.Int32 TourManagement.Domain.DTOs.TourCreateDto::get_Days()
DA:22,0
FN:22,System.Decimal TourManagement.Domain.DTOs.TourCreateDto::get_Price()
FNDA:0,System.Decimal TourManagement.Domain.DTOs.TourCreateDto::get_Price()
DA:23,0
FN:23,System.String TourManagement.Domain.DTOs.TourCreateDto::get_Locations()
FNDA:0,System.String TourManagement.Domain.DTOs.TourCreateDto::get_Locations()
DA:24,0
FN:24,System.String TourManagement.Domain.DTOs.TourCreateDto::get_TourInfo()
FNDA:0,System.String TourManagement.Domain.DTOs.TourCreateDto::get_TourInfo()
DA:25,0
FN:25,System.String TourManagement.Domain.DTOs.TourCreateDto::get_PictureFileName()
FNDA:0,System.String TourManagement.Domain.DTOs.TourCreateDto::get_PictureFileName()
DA:26,0
FN:30,System.String TourManagement.Domain.DTOs.TourUpdateDto::get_TourName()
FNDA:0,System.String TourManagement.Domain.DTOs.TourUpdateDto::get_TourName()
DA:31,0
FN:31,System.String TourManagement.Domain.DTOs.TourUpdateDto::get_Place()
FNDA:0,System.String TourManagement.Domain.DTOs.TourUpdateDto::get_Place()
DA:32,0
FN:32,System.Int32 TourManagement.Domain.DTOs.TourUpdateDto::get_Days()
FNDA:0,System.Int32 TourManagement.Domain.DTOs.TourUpdateDto::get_Days()
DA:33,0
FN:33,System.Decimal TourManagement.Domain.DTOs.TourUpdateDto::get_Price()
FNDA:0,System.Decimal TourManagement.Domain.DTOs.TourUpdateDto::get_Price()
DA:34,0
FN:34,System.String TourManagement.Domain.DTOs.TourUpdateDto::get_Locations()
FNDA:0,System.String TourManagement.Domain.DTOs.TourUpdateDto::get_Locations()
DA:35,0
FN:35,System.String TourManagement.Domain.DTOs.TourUpdateDto::get_TourInfo()
FNDA:0,System.String TourManagement.Domain.DTOs.TourUpdateDto::get_TourInfo()
DA:36,0
FN:36,System.String TourManagement.Domain.DTOs.TourUpdateDto::get_PictureFileName()
FNDA:0,System.String TourManagement.Domain.DTOs.TourUpdateDto::get_PictureFileName()
DA:37,0
FN:37,System.Boolean TourManagement.Domain.DTOs.TourUpdateDto::get_IsActive()
FNDA:0,System.Boolean TourManagement.Domain.DTOs.TourUpdateDto::get_IsActive()
DA:38,0
LF:26
LH:0
BRF:0
BRH:0
FNF:26
FNH:0
end_of_record
SF:/modernize-data/studio-data/TNT1001/APP1422/transformed-code/475/studio-workspace/legacy otnet app tour check/TourManagement.Net8/src/TourManagement.Domain/DTOs/UserInfoDto.cs
FN:4,System.String TourManagement.Domain.DTOs.UserInfoDto::get_Email()
FNDA:0,System.String TourManagement.Domain.DTOs.UserInfoDto::get_Email()
DA:5,0
FN:5,System.String TourManagement.Domain.DTOs.UserInfoDto::get_FirstName()
FNDA:0,System.String TourManagement.Domain.DTOs.UserInfoDto::get_FirstName()
DA:6,0
FN:6,System.String TourManagement.Domain.DTOs.UserInfoDto::get_LastName()
FNDA:0,System.String TourManagement.Domain.DTOs.UserInfoDto::get_LastName()
DA:7,0
FN:7,System.String TourManagement.Domain.DTOs.UserInfoDto::get_Gender()
FNDA:0,System.String TourManagement.Domain.DTOs.UserInfoDto::get_Gender()
DA:8,0
FN:8,System.DateTime TourManagement.Domain.DTOs.UserInfoDto::get_DateOfBirth()
FNDA:0,System.DateTime TourManagement.Domain.DTOs.UserInfoDto::get_DateOfBirth()
DA:9,0
FN:9,System.String TourManagement.Domain.DTOs.UserInfoDto::get_Street()
FNDA:0,System.String TourManagement.Domain.DTOs.UserInfoDto::get_Street()
DA:10,0
FN:10,System.String TourManagement.Domain.DTOs.UserInfoDto::get_City()
FNDA:0,System.String TourManagement.Domain.DTOs.UserInfoDto::get_City()
DA:11,0
FN:11,System.String TourManagement.Domain.DTOs.UserInfoDto::get_State()
FNDA:0,System.String TourManagement.Domain.DTOs.UserInfoDto::get_State()
DA:12,0
FN:12,System.DateTime TourManagement.Domain.DTOs.UserInfoDto::get_CreatedDate()
FNDA:0,System.DateTime TourManagement.Domain.DTOs.UserInfoDto::get_CreatedDate()
DA:13,0
FN:13,System.Nullable`1<System.DateTime> TourManagement.Domain.DTOs.UserInfoDto::get_ModifiedDate()
FNDA:0,System.Nullable`1<System.DateTime> TourManagement.Domain.DTOs.UserInfoDto::get_ModifiedDate()
DA:14,0
FN:14,System.Boolean TourManagement.Domain.DTOs.UserInfoDto::get_IsActive()
FNDA:0,System.Boolean TourManagement.Domain.DTOs.UserInfoDto::get_IsActive()
DA:15,0
FN:19,System.String TourManagement.Domain.DTOs.UserInfoCreateDto::get_Email()
FNDA:0,System.String TourManagement.Domain.DTOs.UserInfoCreateDto::get_Email()
DA:20,0
FN:20,System.String TourManagement.Domain.DTOs.UserInfoCreateDto::get_FirstName()
FNDA:0,System.String TourManagement.Domain.DTOs.UserInfoCreateDto::get_FirstName()
DA:21,0
FN:21,System.String TourManagement.Domain.DTOs.UserInfoCreateDto::get_LastName()
FNDA:0,System.String TourManagement.Domain.DTOs.UserInfoCreateDto::get_LastName()
DA:22,0
FN:22,System.String TourManagement.Domain.DTOs.UserInfoCreateDto::get_Gender()
FNDA:0,System.String TourManagement.Domain.DTOs.UserInfoCreateDto::get_Gender()
DA:23,0
FN:23,System.String TourManagement.Domain.DTOs.UserInfoCreateDto::get_Password()
FNDA:0,System.String TourManagement.Domain.DTOs.UserInfoCreateDto::get_Password()
DA:24,0
FN:24,System.DateTime TourManagement.Domain.DTOs.UserInfoCreateDto::get_DateOfBirth()
FNDA:0,System.DateTime TourManagement.Domain.DTOs.UserInfoCreateDto::get_DateOfBirth()
DA:25,0
FN:25,System.String TourManagement.Domain.DTOs.UserInfoCreateDto::get_Street()
FNDA:0,System.String TourManagement.Domain.DTOs.UserInfoCreateDto::get_Street()
DA:26,0
FN:26,System.String TourManagement.Domain.DTOs.UserInfoCreateDto::get_City()
FNDA:0,System.String TourManagement.Domain.DTOs.UserInfoCreateDto::get_City()
DA:27,0
FN:27,System.String TourManagement.Domain.DTOs.UserInfoCreateDto::get_State()
FNDA:0,System.String TourManagement.Domain.DTOs.UserInfoCreateDto::get_State()
DA:28,0
FN:32,System.String TourManagement.Domain.DTOs.UserInfoUpdateDto::get_FirstName()
FNDA:0,System.String TourManagement.Domain.DTOs.UserInfoUpdateDto::get_FirstName()
DA:33,0
FN:33,System.String TourManagement.Domain.DTOs.UserInfoUpdateDto::get_LastName()
FNDA:0,System.String TourManagement.Domain.DTOs.UserInfoUpdateDto::get_LastName()
DA:34,0
FN:34,System.String TourManagement.Domain.DTOs.UserInfoUpdateDto::get_Gender()
FNDA:0,System.String TourManagement.Domain.DTOs.UserInfoUpdateDto::get_Gender()
DA:35,0
FN:35,System.DateTime TourManagement.Domain.DTOs.UserInfoUpdateDto::get_DateOfBirth()
FNDA:0,System.DateTime TourManagement.Domain.DTOs.UserInfoUpdateDto::get_DateOfBirth()
DA:36,0
FN:36,System.String TourManagement.Domain.DTOs.UserInfoUpdateDto::get_Street()
FNDA:0,System.String TourManagement.Domain.DTOs.UserInfoUpdateDto::get_Street()
DA:37,0
FN:37,System.String TourManagement.Domain.DTOs.UserInfoUpdateDto::get_City()
FNDA:0,System.String TourManagement.Domain.DTOs.UserInfoUpdateDto::get_City()
DA:38,0
FN:38,System.String TourManagement.Domain.DTOs.UserInfoUpdateDto::get_State()
FNDA:0,System.String TourManagement.Domain.DTOs.UserInfoUpdateDto::get_State()
DA:39,0
FN:39,System.Boolean TourManagement.Domain.DTOs.UserInfoUpdateDto::get_IsActive()
FNDA:0,System.Boolean TourManagement.Domain.DTOs.UserInfoUpdateDto::get_IsActive()
DA:40,0
FN:44,System.String TourManagement.Domain.DTOs.UserLoginDto::get_Email()
FNDA:0,System.String TourManagement.Domain.DTOs.UserLoginDto::get_Email()
DA:45,0
FN:45,System.String TourManagement.Domain.DTOs.UserLoginDto::get_Password()
FNDA:0,System.String TourManagement.Domain.DTOs.UserLoginDto::get_Password()
DA:46,0
LF:30
LH:0
BRF:0
BRH:0
FNF:30
FNH:0
end_of_record