SF:/home/studioai/.nuget/packages/microsoft.net.test.sdk/17.8.0/build/netcoreapp3.1/Microsoft.NET.Test.Sdk.Program.cs
FN:3,System.Void AutoGeneratedProgram::Main(System.String[])
FNDA:0,System.Void AutoGeneratedProgram::Main(System.String[])
DA:4,0
LF:1
LH:0
BRF:0
BRH:0
FNF:1
FNH:0
end_of_record
SF:/modernize-data/studio-data/TNT1001/APP1425/transformed-code/480/studio-workspace/C123/DotNetFrameworkProject_CE040_CE087/Tour_Management/SystemWebUICompat.cs
FN:151,System.Web.HttpCookieCollection System.Web.HttpRequest::get_Cookies()
FNDA:0,System.Web.HttpCookieCollection System.Web.HttpRequest::get_Cookies()
DA:152,0
FN:152,System.Collections.Specialized.NameValueCollection System.Web.HttpRequest::get_QueryString()
FNDA:0,System.Collections.Specialized.NameValueCollection System.Web.HttpRequest::get_QueryString()
DA:153,0
FN:153,System.Collections.Specialized.NameValueCollection System.Web.HttpRequest::get_Form()
FNDA:0,System.Collections.Specialized.NameValueCollection System.Web.HttpRequest::get_Form()
DA:154,0
FN:158,System.Web.HttpCookieCollection System.Web.HttpResponse::get_Cookies()
FNDA:0,System.Web.HttpCookieCollection System.Web.HttpResponse::get_Cookies()
DA:159,0
FN:159,System.Void System.Web.HttpResponse::Redirect(System.String)
FNDA:0,System.Void System.Web.HttpResponse::Redirect(System.String)
DA:160,0
FN:160,System.Void System.Web.HttpResponse::Write(System.String)
FNDA:0,System.Void System.Web.HttpResponse::Write(System.String)
DA:161,0
FN:165,System.String System.Web.HttpServerUtility::MapPath(System.String)
FNDA:0,System.String System.Web.HttpServerUtility::MapPath(System.String)
DA:166,0
FN:166,System.Void System.Web.HttpServerUtility::Transfer(System.String)
FNDA:0,System.Void System.Web.HttpServerUtility::Transfer(System.String)
DA:167,0
FN:173,System.Object System.Web.HttpSessionState::get_Item(System.String)
FNDA:0,System.Object System.Web.HttpSessionState::get_Item(System.String)
DA:174,0
FN:174,System.Void System.Web.HttpSessionState::set_Item(System.String,System.Object)
FNDA:0,System.Void System.Web.HttpSessionState::set_Item(System.String,System.Object)
DA:175,0
FN:182,System.Object System.Web.HttpApplicationState::get_Item(System.String)
FNDA:0,System.Object System.Web.HttpApplicationState::get_Item(System.String)
DA:183,0
FN:183,System.Void System.Web.HttpApplicationState::set_Item(System.String,System.Object)
FNDA:0,System.Void System.Web.HttpApplicationState::set_Item(System.String,System.Object)
DA:184,0
FN:189,System.String System.Web.HttpCookie::get_Name()
FNDA:0,System.String System.Web.HttpCookie::get_Name()
DA:190,0
FN:190,System.String System.Web.HttpCookie::get_Value()
FNDA:0,System.String System.Web.HttpCookie::get_Value()
DA:191,0
FN:197,System.Web.HttpCookie System.Web.HttpCookieCollection::get_Item(System.String)
FNDA:0,System.Web.HttpCookie System.Web.HttpCookieCollection::get_Item(System.String)
DA:198,0
FN:200,System.Void System.Web.HttpCookieCollection::Add(System.Web.HttpCookie)
FNDA:0,System.Void System.Web.HttpCookieCollection::Add(System.Web.HttpCookie)
DA:201,0
FN:6,System.Boolean System.Web.UI.Page::get_IsPostBack()
FNDA:0,System.Boolean System.Web.UI.Page::get_IsPostBack()
DA:7,0
FN:7,System.Web.HttpRequest System.Web.UI.Page::get_Request()
FNDA:0,System.Web.HttpRequest System.Web.UI.Page::get_Request()
DA:8,0
FN:8,System.Web.HttpResponse System.Web.UI.Page::get_Response()
FNDA:0,System.Web.HttpResponse System.Web.UI.Page::get_Response()
DA:9,0
FN:9,System.Web.HttpServerUtility System.Web.UI.Page::get_Server()
FNDA:0,System.Web.HttpServerUtility System.Web.UI.Page::get_Server()
DA:10,0
FN:10,System.Web.HttpSessionState System.Web.UI.Page::get_Session()
FNDA:0,System.Web.HttpSessionState System.Web.UI.Page::get_Session()
DA:11,0
FN:11,System.Web.HttpApplicationState System.Web.UI.Page::get_Application()
FNDA:0,System.Web.HttpApplicationState System.Web.UI.Page::get_Application()
DA:12,0
FN:13,System.Void System.Web.UI.Page::Page_Load(System.Object,System.EventArgs)
FNDA:0,System.Void System.Web.UI.Page::Page_Load(System.Object,System.EventArgs)
DA:14,0
FN:124,System.String System.Web.UI.HtmlControls.HtmlForm::get_ID()
FNDA:0,System.String System.Web.UI.HtmlControls.HtmlForm::get_ID()
DA:125,0
FN:129,System.String System.Web.UI.HtmlControls.HtmlInputText::get_Value()
FNDA:0,System.String System.Web.UI.HtmlControls.HtmlInputText::get_Value()
DA:130,0
FN:130,System.String System.Web.UI.HtmlControls.HtmlInputText::get_ID()
FNDA:0,System.String System.Web.UI.HtmlControls.HtmlInputText::get_ID()
DA:131,0
FN:135,System.String System.Web.UI.HtmlControls.HtmlInputFile::get_ID()
FNDA:0,System.String System.Web.UI.HtmlControls.HtmlInputFile::get_ID()
DA:136,0
FN:140,System.String System.Web.UI.HtmlControls.HtmlGenericControl::get_InnerText()
FNDA:0,System.String System.Web.UI.HtmlControls.HtmlGenericControl::get_InnerText()
DA:141,0
FN:141,System.String System.Web.UI.HtmlControls.HtmlGenericControl::get_InnerHtml()
FNDA:0,System.String System.Web.UI.HtmlControls.HtmlGenericControl::get_InnerHtml()
DA:142,0
FN:142,System.String System.Web.UI.HtmlControls.HtmlGenericControl::get_ID()
FNDA:0,System.String System.Web.UI.HtmlControls.HtmlGenericControl::get_ID()
DA:143,0
FN:20,System.String System.Web.UI.WebControls.TextBox::get_Text()
FNDA:0,System.String System.Web.UI.WebControls.TextBox::get_Text()
DA:21,0
FN:21,System.String System.Web.UI.WebControls.TextBox::get_ID()
FNDA:0,System.String System.Web.UI.WebControls.TextBox::get_ID()
DA:22,0
FN:26,System.String System.Web.UI.WebControls.Button::get_Text()
FNDA:0,System.String System.Web.UI.WebControls.Button::get_Text()
DA:27,0
FN:27,System.String System.Web.UI.WebControls.Button::get_ID()
FNDA:0,System.String System.Web.UI.WebControls.Button::get_ID()
DA:28,0
FN:32,System.String System.Web.UI.WebControls.Label::get_Text()
FNDA:0,System.String System.Web.UI.WebControls.Label::get_Text()
DA:33,0
FN:33,System.String System.Web.UI.WebControls.Label::get_ID()
FNDA:0,System.String System.Web.UI.WebControls.Label::get_ID()
DA:34,0
FN:34,System.Boolean System.Web.UI.WebControls.Label::get_Visible()
FNDA:0,System.Boolean System.Web.UI.WebControls.Label::get_Visible()
DA:35,0
FN:39,System.String System.Web.UI.WebControls.DropDownList::get_SelectedValue()
FNDA:0,System.String System.Web.UI.WebControls.DropDownList::get_SelectedValue()
DA:40,0
FN:40,System.String System.Web.UI.WebControls.DropDownList::get_Text()
FNDA:0,System.String System.Web.UI.WebControls.DropDownList::get_Text()
DA:41,0
FN:41,System.String System.Web.UI.WebControls.DropDownList::get_ID()
FNDA:0,System.String System.Web.UI.WebControls.DropDownList::get_ID()
DA:42,0
FN:46,System.Object System.Web.UI.WebControls.GridView::get_DataSource()
FNDA:0,System.Object System.Web.UI.WebControls.GridView::get_DataSource()
DA:47,0
FN:47,System.String System.Web.UI.WebControls.GridView::get_ID()
FNDA:0,System.String System.Web.UI.WebControls.GridView::get_ID()
DA:48,0
FN:48,System.Void System.Web.UI.WebControls.GridView::DataBind()
FNDA:0,System.Void System.Web.UI.WebControls.GridView::DataBind()
DA:49,0
FN:53,System.Boolean System.Web.UI.WebControls.FileUpload::get_HasFile()
FNDA:0,System.Boolean System.Web.UI.WebControls.FileUpload::get_HasFile()
DA:54,0
FN:54,System.String System.Web.UI.WebControls.FileUpload::get_FileName()
FNDA:0,System.String System.Web.UI.WebControls.FileUpload::get_FileName()
DA:55,0
FN:55,System.String System.Web.UI.WebControls.FileUpload::get_ID()
FNDA:0,System.String System.Web.UI.WebControls.FileUpload::get_ID()
DA:56,0
FN:56,System.Void System.Web.UI.WebControls.FileUpload::SaveAs(System.String)
FNDA:0,System.Void System.Web.UI.WebControls.FileUpload::SaveAs(System.String)
DA:57,0
FN:61,System.String System.Web.UI.WebControls.RequiredFieldValidator::get_ControlToValidate()
FNDA:0,System.String System.Web.UI.WebControls.RequiredFieldValidator::get_ControlToValidate()
DA:62,0
FN:62,System.String System.Web.UI.WebControls.RequiredFieldValidator::get_ErrorMessage()
FNDA:0,System.String System.Web.UI.WebControls.RequiredFieldValidator::get_ErrorMessage()
DA:63,0
FN:63,System.String System.Web.UI.WebControls.RequiredFieldValidator::get_ID()
FNDA:0,System.String System.Web.UI.WebControls.RequiredFieldValidator::get_ID()
DA:64,0
FN:68,System.String System.Web.UI.WebControls.CompareValidator::get_ControlToValidate()
FNDA:0,System.String System.Web.UI.WebControls.CompareValidator::get_ControlToValidate()
DA:69,0
FN:69,System.String System.Web.UI.WebControls.CompareValidator::get_ControlToCompare()
FNDA:0,System.String System.Web.UI.WebControls.CompareValidator::get_ControlToCompare()
DA:70,0
FN:70,System.String System.Web.UI.WebControls.CompareValidator::get_ErrorMessage()
FNDA:0,System.String System.Web.UI.WebControls.CompareValidator::get_ErrorMessage()
DA:71,0
FN:71,System.String System.Web.UI.WebControls.CompareValidator::get_ID()
FNDA:0,System.String System.Web.UI.WebControls.CompareValidator::get_ID()
DA:72,0
FN:76,System.String System.Web.UI.WebControls.RegularExpressionValidator::get_ControlToValidate()
FNDA:0,System.String System.Web.UI.WebControls.RegularExpressionValidator::get_ControlToValidate()
DA:77,0
FN:77,System.String System.Web.UI.WebControls.RegularExpressionValidator::get_ValidationExpression()
FNDA:0,System.String System.Web.UI.WebControls.RegularExpressionValidator::get_ValidationExpression()
DA:78,0
FN:78,System.String System.Web.UI.WebControls.RegularExpressionValidator::get_ErrorMessage()
FNDA:0,System.String System.Web.UI.WebControls.RegularExpressionValidator::get_ErrorMessage()
DA:79,0
FN:79,System.String System.Web.UI.WebControls.RegularExpressionValidator::get_ID()
FNDA:0,System.String System.Web.UI.WebControls.RegularExpressionValidator::get_ID()
DA:80,0
FN:84,System.String System.Web.UI.WebControls.RangeValidator::get_ControlToValidate()
FNDA:0,System.String System.Web.UI.WebControls.RangeValidator::get_ControlToValidate()
DA:85,0
FN:85,System.String System.Web.UI.WebControls.RangeValidator::get_MinimumValue()
FNDA:0,System.String System.Web.UI.WebControls.RangeValidator::get_MinimumValue()
DA:86,0
FN:86,System.String System.Web.UI.WebControls.RangeValidator::get_MaximumValue()
FNDA:0,System.String System.Web.UI.WebControls.RangeValidator::get_MaximumValue()
DA:87,0
FN:87,System.String System.Web.UI.WebControls.RangeValidator::get_ErrorMessage()
FNDA:0,System.String System.Web.UI.WebControls.RangeValidator::get_ErrorMessage()
DA:88,0
FN:88,System.String System.Web.UI.WebControls.RangeValidator::get_ID()
FNDA:0,System.String System.Web.UI.WebControls.RangeValidator::get_ID()
DA:89,0
FN:93,System.String System.Web.UI.WebControls.ValidationSummary::get_ID()
FNDA:0,System.String System.Web.UI.WebControls.ValidationSummary::get_ID()
DA:94,0
FN:98,System.String System.Web.UI.WebControls.HyperLink::get_NavigateUrl()
FNDA:0,System.String System.Web.UI.WebControls.HyperLink::get_NavigateUrl()
DA:99,0
FN:99,System.String System.Web.UI.WebControls.HyperLink::get_Text()
FNDA:0,System.String System.Web.UI.WebControls.HyperLink::get_Text()
DA:100,0
FN:100,System.String System.Web.UI.WebControls.HyperLink::get_ID()
FNDA:0,System.String System.Web.UI.WebControls.HyperLink::get_ID()
DA:101,0
FN:105,System.String System.Web.UI.WebControls.Image::get_ImageUrl()
FNDA:0,System.String System.Web.UI.WebControls.Image::get_ImageUrl()
DA:106,0
FN:106,System.String System.Web.UI.WebControls.Image::get_ID()
FNDA:0,System.String System.Web.UI.WebControls.Image::get_ID()
DA:107,0
FN:111,System.String System.Web.UI.WebControls.SqlDataSource::get_ID()
FNDA:0,System.String System.Web.UI.WebControls.SqlDataSource::get_ID()
DA:112,0
FN:112,System.String System.Web.UI.WebControls.SqlDataSource::get_ConnectionString()
FNDA:0,System.String System.Web.UI.WebControls.SqlDataSource::get_ConnectionString()
DA:113,0
FN:113,System.String System.Web.UI.WebControls.SqlDataSource::get_SelectCommand()
FNDA:0,System.String System.Web.UI.WebControls.SqlDataSource::get_SelectCommand()
DA:114,0
FN:114,System.String System.Web.UI.WebControls.SqlDataSource::get_UpdateCommand()
FNDA:0,System.String System.Web.UI.WebControls.SqlDataSource::get_UpdateCommand()
DA:115,0
FN:115,System.String System.Web.UI.WebControls.SqlDataSource::get_InsertCommand()
FNDA:0,System.String System.Web.UI.WebControls.SqlDataSource::get_InsertCommand()
DA:116,0
FN:116,System.String System.Web.UI.WebControls.SqlDataSource::get_DeleteCommand()
FNDA:0,System.String System.Web.UI.WebControls.SqlDataSource::get_DeleteCommand()
DA:117,0
LF:75
LH:0
BRF:0
BRH:0
FNF:75
FNH:0
end_of_record
SF:/modernize-data/studio-data/TNT1001/APP1425/transformed-code/480/studio-workspace/C123/DotNetFrameworkProject_CE040_CE087/Tour_Management/AddTour.aspx.cs
FN:13,System.Void Tour_Management.AddTour::Page_Load(System.Object,System.EventArgs)
FNDA:0,System.Void Tour_Management.AddTour::Page_Load(System.Object,System.EventArgs)
DA:14,0
DA:16,0
FN:18,System.Void Tour_Management.AddTour::Register_Click(System.Object,System.EventArgs)
FNDA:0,System.Void Tour_Management.AddTour::Register_Click(System.Object,System.EventArgs)
DA:19,0
DA:20,0
DA:21,0
DA:22,0
DA:23,0
DA:25,0
DA:26,0
DA:27,0
DA:28,0
DA:29,0
DA:30,0
DA:32,0
DA:34,0
DA:37,0
DA:38,0
DA:41,0
DA:42,0
LF:19
LH:0
BRF:0
BRH:0
FNF:2
FNH:0
end_of_record
SF:/modernize-data/studio-data/TNT1001/APP1425/transformed-code/480/studio-workspace/C123/DotNetFrameworkProject_CE040_CE087/Tour_Management/AdminLogin2.aspx.cs
FN:11,System.Void Tour_Management.AdminLogin2::Page_Load(System.Object,System.EventArgs)
FNDA:0,System.Void Tour_Management.AdminLogin2::Page_Load(System.Object,System.EventArgs)
DA:12,0
DA:14,0
DA:15,0
DA:16,0
DA:17,0
DA:18,0
DA:20,0
BRDA:14,22,0,0
BRDA:14,22,1,0
BRDA:14,50,0,0
BRDA:14,50,1,0
LF:7
LH:0
BRF:4
BRH:0
FNF:1
FNH:0
end_of_record
SF:/modernize-data/studio-data/TNT1001/APP1425/transformed-code/480/studio-workspace/C123/DotNetFrameworkProject_CE040_CE087/Tour_Management/AdminProfile.aspx.cs
FN:11,System.Void Tour_Management.AdminProfile::Page_Load(System.Object,System.EventArgs)
FNDA:0,System.Void Tour_Management.AdminProfile::Page_Load(System.Object,System.EventArgs)
DA:12,0
DA:14,0
LF:2
LH:0
BRF:0
BRH:0
FNF:1
FNH:0
end_of_record
SF:/modernize-data/studio-data/TNT1001/APP1425/transformed-code/480/studio-workspace/C123/DotNetFrameworkProject_CE040_CE087/Tour_Management/allbooking.aspx.cs
FN:11,System.Void Tour_Management.allbooking::Page_Load(System.Object,System.EventArgs)
FNDA:0,System.Void Tour_Management.allbooking::Page_Load(System.Object,System.EventArgs)
DA:12,0
DA:14,0
LF:2
LH:0
BRF:0
BRH:0
FNF:1
FNH:0
end_of_record
SF:/modernize-data/studio-data/TNT1001/APP1425/transformed-code/480/studio-workspace/C123/DotNetFrameworkProject_CE040_CE087/Tour_Management/DisplayTours.aspx.cs
FN:12,System.Void Tour_Management.DisplayTours::Page_Load(System.Object,System.EventArgs)
FNDA:0,System.Void Tour_Management.DisplayTours::Page_Load(System.Object,System.EventArgs)
DA:13,0
DA:16,0
LF:2
LH:0
BRF:0
BRH:0
FNF:1
FNH:0
end_of_record
SF:/modernize-data/studio-data/TNT1001/APP1425/transformed-code/480/studio-workspace/C123/DotNetFrameworkProject_CE040_CE087/Tour_Management/MainProfilePage.aspx.cs
FN:11,System.Void Tour_Management.MainProfilePage::Page_Load(System.Object,System.EventArgs)
FNDA:0,System.Void Tour_Management.MainProfilePage::Page_Load(System.Object,System.EventArgs)
DA:12,0
DA:14,0
LF:2
LH:0
BRF:0
BRH:0
FNF:1
FNH:0
end_of_record
SF:/modernize-data/studio-data/TNT1001/APP1425/transformed-code/480/studio-workspace/C123/DotNetFrameworkProject_CE040_CE087/Tour_Management/mybooking.aspx.cs
FN:11,System.Void Tour_Management.mybooking::Page_Load(System.Object,System.EventArgs)
FNDA:0,System.Void Tour_Management.mybooking::Page_Load(System.Object,System.EventArgs)
DA:12,0
DA:14,0
LF:2
LH:0
BRF:0
BRH:0
FNF:1
FNH:0
end_of_record
SF:/modernize-data/studio-data/TNT1001/APP1425/transformed-code/480/studio-workspace/C123/DotNetFrameworkProject_CE040_CE087/Tour_Management/Order.aspx.cs
FN:13,System.Void Tour_Management.Order::Page_Load(System.Object,System.EventArgs)
FNDA:0,System.Void Tour_Management.Order::Page_Load(System.Object,System.EventArgs)
DA:14,0
DA:16,0
FN:18,System.Void Tour_Management.Order::btn_click(System.Object,System.EventArgs)
FNDA:0,System.Void Tour_Management.Order::btn_click(System.Object,System.EventArgs)
DA:19,0
DA:20,0
DA:21,0
DA:22,0
DA:23,0
DA:24,0
DA:26,0
DA:28,0
DA:29,0
DA:31,0
DA:32,0
DA:33,0
DA:34,0
DA:35,0
DA:41,0
LF:17
LH:0
BRF:0
BRH:0
FNF:2
FNH:0
end_of_record
SF:/modernize-data/studio-data/TNT1001/APP1425/transformed-code/480/studio-workspace/C123/DotNetFrameworkProject_CE040_CE087/Tour_Management/SignUpForm.aspx.cs
FN:13,System.Void Tour_Management.SignUpForm::Page_Load(System.Object,System.EventArgs)
FNDA:0,System.Void Tour_Management.SignUpForm::Page_Load(System.Object,System.EventArgs)
DA:14,0
DA:16,0
FN:18,System.Void Tour_Management.SignUpForm::Register_Click(System.Object,System.EventArgs)
FNDA:0,System.Void Tour_Management.SignUpForm::Register_Click(System.Object,System.EventArgs)
DA:19,0
DA:20,0
DA:21,0
DA:22,0
DA:23,0
DA:24,0
DA:25,0
DA:26,0
DA:27,0
DA:28,0
DA:29,0
DA:30,0
DA:31,0
DA:32,0
DA:34,0
DA:35,0
DA:36,0
DA:37,0
DA:38,0
DA:40,0
LF:22
LH:0
BRF:0
BRH:0
FNF:2
FNH:0
end_of_record
SF:/modernize-data/studio-data/TNT1001/APP1425/transformed-code/480/studio-workspace/C123/DotNetFrameworkProject_CE040_CE087/Tour_Management/TourCrud.aspx.cs
FN:14,System.Void Tour_Management.TourCrud::Page_Load(System.Object,System.EventArgs)
FNDA:0,System.Void Tour_Management.TourCrud::Page_Load(System.Object,System.EventArgs)
DA:15,0
DA:17,0
DA:18,0
DA:19,0
DA:20,0
DA:21,0
BRDA:17,12,0,0
BRDA:17,12,1,0
FN:22,System.Void Tour_Management.TourCrud::refreshdata()
FNDA:0,System.Void Tour_Management.TourCrud::refreshdata()
DA:23,0
DA:24,0
DA:25,0
DA:26,0
DA:27,0
DA:41,0
LF:12
LH:0
BRF:2
BRH:0
FNF:2
FNH:0
end_of_record
SF:/modernize-data/studio-data/TNT1001/APP1425/transformed-code/480/studio-workspace/C123/DotNetFrameworkProject_CE040_CE087/Tour_Management/usercrud.aspx.cs
FN:11,System.Void Tour_Management.usercrud::Page_Load(System.Object,System.EventArgs)
FNDA:0,System.Void Tour_Management.usercrud::Page_Load(System.Object,System.EventArgs)
DA:12,0
DA:14,0
LF:2
LH:0
BRF:0
BRH:0
FNF:1
FNH:0
end_of_record
SF:/modernize-data/studio-data/TNT1001/APP1425/transformed-code/480/studio-workspace/C123/DotNetFrameworkProject_CE040_CE087/Tour_Management/userlogin.aspx.cs
FN:13,System.Void Tour_Management.userlogin::Page_Load(System.Object,System.EventArgs)
FNDA:0,System.Void Tour_Management.userlogin::Page_Load(System.Object,System.EventArgs)
DA:14,0
DA:16,0
FN:19,System.Void Tour_Management.userlogin::Btn_Submit(System.Object,System.EventArgs)
FNDA:0,System.Void Tour_Management.userlogin::Btn_Submit(System.Object,System.EventArgs)
DA:20,0
DA:24,0
DA:25,0
DA:26,0
DA:27,0
DA:28,0
DA:33,0
DA:34,0
DA:36,0
DA:38,0
DA:39,0
DA:40,0
DA:45,0
DA:46,0
DA:48,0
DA:53,0
BRDA:28,113,0,0
BRDA:28,113,1,0
BRDA:28,125,0,0
BRDA:28,125,1,0
BRDA:33,155,0,0
BRDA:33,155,1,0
FN:55,System.Void Tour_Management.userlogin::Btn_reg(System.Object,System.EventArgs)
FNDA:0,System.Void Tour_Management.userlogin::Btn_reg(System.Object,System.EventArgs)
DA:56,0
DA:57,0
DA:58,0
DA:59,0
LF:22
LH:0
BRF:6
BRH:0
FNF:3
FNH:0
end_of_record