<?xml version="1.0" encoding="utf-8"?>
<coverage line-rate="0.4867" branch-rate="0.076" version="1.9" timestamp="1770718795" lines-covered="532" lines-valid="1093" branches-covered="14" branches-valid="184">
  <sources>
    <source>/</source>
  </sources>
  <packages>
    <package name="TourManagement.Application" line-rate="0.6919" branch-rate="1" complexity="30">
      <classes>
        <class name="AutoGeneratedProgram" filename="home/studioai/.nuget/packages/microsoft.net.test.sdk/17.8.0/build/netcoreapp3.1/Microsoft.NET.Test.Sdk.Program.cs" line-rate="0" branch-rate="1" complexity="1">
          <methods>
            <method name="Main" signature="(System.String[])" line-rate="0" branch-rate="1" complexity="1">
              <lines>
                <line number="4" hits="0" branch="False" />
              </lines>
            </method>
          </methods>
          <lines>
            <line number="4" hits="0" branch="False" />
          </lines>
        </class>
        <class name="TourManagement.Application.Services.BookingService" filename="modernize-data/studio-data/TNT1001/APP1426/transformed-code/476/studio-workspace/C123/TourManagement.Application/Services/BookingService.cs" line-rate="1" branch-rate="1" complexity="1">
          <methods>
            <method name=".ctor" signature="(TourManagement.Domain.Interfaces.Repositories.IBookingRepository,Microsoft.Extensions.Logging.ILogger`1&lt;TourManagement.Application.Services.BookingService&gt;)" line-rate="1" branch-rate="1" complexity="1">
              <lines>
                <line number="16" hits="10" branch="False" />
                <line number="17" hits="10" branch="False" />
                <line number="18" hits="10" branch="False" />
                <line number="19" hits="10" branch="False" />
                <line number="20" hits="10" branch="False" />
              </lines>
            </method>
          </methods>
          <lines>
            <line number="16" hits="10" branch="False" />
            <line number="17" hits="10" branch="False" />
            <line number="18" hits="10" branch="False" />
            <line number="19" hits="10" branch="False" />
            <line number="20" hits="10" branch="False" />
          </lines>
        </class>
        <class name="TourManagement.Application.Services.BookingService/&lt;CreateAsync&gt;d__7" filename="modernize-data/studio-data/TNT1001/APP1426/transformed-code/476/studio-workspace/C123/TourManagement.Application/Services/BookingService.cs" line-rate="0.6923" branch-rate="1" complexity="1">
          <methods>
            <method name="MoveNext" signature="()" line-rate="0.6923" branch-rate="1" complexity="1">
              <lines>
                <line number="79" hits="2" branch="False" />
                <line number="81" hits="2" branch="False" />
                <line number="82" hits="2" branch="False" />
                <line number="83" hits="2" branch="False" />
                <line number="84" hits="2" branch="False" />
                <line number="85" hits="2" branch="False" />
                <line number="86" hits="2" branch="False" />
                <line number="87" hits="2" branch="False" />
                <line number="89" hits="0" branch="False" />
                <line number="90" hits="0" branch="False" />
                <line number="91" hits="0" branch="False" />
                <line number="92" hits="0" branch="False" />
                <line number="94" hits="2" branch="False" />
              </lines>
            </method>
          </methods>
          <lines>
            <line number="79" hits="2" branch="False" />
            <line number="81" hits="2" branch="False" />
            <line number="82" hits="2" branch="False" />
            <line number="83" hits="2" branch="False" />
            <line number="84" hits="2" branch="False" />
            <line number="85" hits="2" branch="False" />
            <line number="86" hits="2" branch="False" />
            <line number="87" hits="2" branch="False" />
            <line number="89" hits="0" branch="False" />
            <line number="90" hits="0" branch="False" />
            <line number="91" hits="0" branch="False" />
            <line number="92" hits="0" branch="False" />
            <line number="94" hits="2" branch="False" />
          </lines>
        </class>
        <class name="TourManagement.Application.Services.BookingService/&lt;DeleteAsync&gt;d__9" filename="modernize-data/studio-data/TNT1001/APP1426/transformed-code/476/studio-workspace/C123/TourManagement.Application/Services/BookingService.cs" line-rate="0.6" branch-rate="1" complexity="1">
          <methods>
            <method name="MoveNext" signature="()" line-rate="0.6" branch-rate="1" complexity="1">
              <lines>
                <line number="112" hits="1" branch="False" />
                <line number="114" hits="1" branch="False" />
                <line number="115" hits="1" branch="False" />
                <line number="116" hits="1" branch="False" />
                <line number="117" hits="1" branch="False" />
                <line number="118" hits="0" branch="False" />
                <line number="119" hits="0" branch="False" />
                <line number="120" hits="0" branch="False" />
                <line number="121" hits="0" branch="False" />
                <line number="123" hits="1" branch="False" />
              </lines>
            </method>
          </methods>
          <lines>
            <line number="112" hits="1" branch="False" />
            <line number="114" hits="1" branch="False" />
            <line number="115" hits="1" branch="False" />
            <line number="116" hits="1" branch="False" />
            <line number="117" hits="1" branch="False" />
            <line number="118" hits="0" branch="False" />
            <line number="119" hits="0" branch="False" />
            <line number="120" hits="0" branch="False" />
            <line number="121" hits="0" branch="False" />
            <line number="123" hits="1" branch="False" />
          </lines>
        </class>
        <class name="TourManagement.Application.Services.BookingService/&lt;GetAllAsync&gt;d__3" filename="modernize-data/studio-data/TNT1001/APP1426/transformed-code/476/studio-workspace/C123/TourManagement.Application/Services/BookingService.cs" line-rate="1" branch-rate="1" complexity="1">
          <methods>
            <method name="MoveNext" signature="()" line-rate="1" branch-rate="1" complexity="1">
              <lines>
                <line number="23" hits="2" branch="False" />
                <line number="25" hits="2" branch="False" />
                <line number="26" hits="2" branch="False" />
                <line number="27" hits="2" branch="False" />
                <line number="29" hits="1" branch="False" />
                <line number="30" hits="1" branch="False" />
                <line number="31" hits="1" branch="False" />
                <line number="32" hits="1" branch="False" />
                <line number="34" hits="1" branch="False" />
              </lines>
            </method>
          </methods>
          <lines>
            <line number="23" hits="2" branch="False" />
            <line number="25" hits="2" branch="False" />
            <line number="26" hits="2" branch="False" />
            <line number="27" hits="2" branch="False" />
            <line number="29" hits="1" branch="False" />
            <line number="30" hits="1" branch="False" />
            <line number="31" hits="1" branch="False" />
            <line number="32" hits="1" branch="False" />
            <line number="34" hits="1" branch="False" />
          </lines>
        </class>
        <class name="TourManagement.Application.Services.BookingService/&lt;GetByIdAsync&gt;d__4" filename="modernize-data/studio-data/TNT1001/APP1426/transformed-code/476/studio-workspace/C123/TourManagement.Application/Services/BookingService.cs" line-rate="0.5555" branch-rate="1" complexity="1">
          <methods>
            <method name="MoveNext" signature="()" line-rate="0.5555" branch-rate="1" complexity="1">
              <lines>
                <line number="37" hits="2" branch="False" />
                <line number="39" hits="2" branch="False" />
                <line number="40" hits="2" branch="False" />
                <line number="41" hits="2" branch="False" />
                <line number="43" hits="0" branch="False" />
                <line number="44" hits="0" branch="False" />
                <line number="45" hits="0" branch="False" />
                <line number="46" hits="0" branch="False" />
                <line number="48" hits="2" branch="False" />
              </lines>
            </method>
          </methods>
          <lines>
            <line number="37" hits="2" branch="False" />
            <line number="39" hits="2" branch="False" />
            <line number="40" hits="2" branch="False" />
            <line number="41" hits="2" branch="False" />
            <line number="43" hits="0" branch="False" />
            <line number="44" hits="0" branch="False" />
            <line number="45" hits="0" branch="False" />
            <line number="46" hits="0" branch="False" />
            <line number="48" hits="2" branch="False" />
          </lines>
        </class>
        <class name="TourManagement.Application.Services.BookingService/&lt;GetByTourIdAsync&gt;d__6" filename="modernize-data/studio-data/TNT1001/APP1426/transformed-code/476/studio-workspace/C123/TourManagement.Application/Services/BookingService.cs" line-rate="0.5555" branch-rate="1" complexity="1">
          <methods>
            <method name="MoveNext" signature="()" line-rate="0.5555" branch-rate="1" complexity="1">
              <lines>
                <line number="65" hits="1" branch="False" />
                <line number="67" hits="1" branch="False" />
                <line number="68" hits="1" branch="False" />
                <line number="69" hits="1" branch="False" />
                <line number="71" hits="0" branch="False" />
                <line number="72" hits="0" branch="False" />
                <line number="73" hits="0" branch="False" />
                <line number="74" hits="0" branch="False" />
                <line number="76" hits="1" branch="False" />
              </lines>
            </method>
          </methods>
          <lines>
            <line number="65" hits="1" branch="False" />
            <line number="67" hits="1" branch="False" />
            <line number="68" hits="1" branch="False" />
            <line number="69" hits="1" branch="False" />
            <line number="71" hits="0" branch="False" />
            <line number="72" hits="0" branch="False" />
            <line number="73" hits="0" branch="False" />
            <line number="74" hits="0" branch="False" />
            <line number="76" hits="1" branch="False" />
          </lines>
        </class>
        <class name="TourManagement.Application.Services.BookingService/&lt;GetByUserIdAsync&gt;d__5" filename="modernize-data/studio-data/TNT1001/APP1426/transformed-code/476/studio-workspace/C123/TourManagement.Application/Services/BookingService.cs" line-rate="0.5555" branch-rate="1" complexity="1">
          <methods>
            <method name="MoveNext" signature="()" line-rate="0.5555" branch-rate="1" complexity="1">
              <lines>
                <line number="51" hits="1" branch="False" />
                <line number="53" hits="1" branch="False" />
                <line number="54" hits="1" branch="False" />
                <line number="55" hits="1" branch="False" />
                <line number="57" hits="0" branch="False" />
                <line number="58" hits="0" branch="False" />
                <line number="59" hits="0" branch="False" />
                <line number="60" hits="0" branch="False" />
                <line number="62" hits="1" branch="False" />
              </lines>
            </method>
          </methods>
          <lines>
            <line number="51" hits="1" branch="False" />
            <line number="53" hits="1" branch="False" />
            <line number="54" hits="1" branch="False" />
            <line number="55" hits="1" branch="False" />
            <line number="57" hits="0" branch="False" />
            <line number="58" hits="0" branch="False" />
            <line number="59" hits="0" branch="False" />
            <line number="60" hits="0" branch="False" />
            <line number="62" hits="1" branch="False" />
          </lines>
        </class>
        <class name="TourManagement.Application.Services.BookingService/&lt;UpdateAsync&gt;d__8" filename="modernize-data/studio-data/TNT1001/APP1426/transformed-code/476/studio-workspace/C123/TourManagement.Application/Services/BookingService.cs" line-rate="0.6363" branch-rate="1" complexity="1">
          <methods>
            <method name="MoveNext" signature="()" line-rate="0.6363" branch-rate="1" complexity="1">
              <lines>
                <line number="97" hits="1" branch="False" />
                <line number="99" hits="1" branch="False" />
                <line number="100" hits="1" branch="False" />
                <line number="101" hits="1" branch="False" />
                <line number="102" hits="1" branch="False" />
                <line number="103" hits="1" branch="False" />
                <line number="104" hits="0" branch="False" />
                <line number="105" hits="0" branch="False" />
                <line number="106" hits="0" branch="False" />
                <line number="107" hits="0" branch="False" />
                <line number="109" hits="1" branch="False" />
              </lines>
            </method>
          </methods>
          <lines>
            <line number="97" hits="1" branch="False" />
            <line number="99" hits="1" branch="False" />
            <line number="100" hits="1" branch="False" />
            <line number="101" hits="1" branch="False" />
            <line number="102" hits="1" branch="False" />
            <line number="103" hits="1" branch="False" />
            <line number="104" hits="0" branch="False" />
            <line number="105" hits="0" branch="False" />
            <line number="106" hits="0" branch="False" />
            <line number="107" hits="0" branch="False" />
            <line number="109" hits="1" branch="False" />
          </lines>
        </class>
        <class name="TourManagement.Application.Services.TourService" filename="modernize-data/studio-data/TNT1001/APP1426/transformed-code/476/studio-workspace/C123/TourManagement.Application/Services/TourService.cs" line-rate="1" branch-rate="1" complexity="1">
          <methods>
            <method name=".ctor" signature="(TourManagement.Domain.Interfaces.Repositories.ITourRepository,Microsoft.Extensions.Logging.ILogger`1&lt;TourManagement.Application.Services.TourService&gt;)" line-rate="1" branch-rate="1" complexity="1">
              <lines>
                <line number="16" hits="9" branch="False" />
                <line number="17" hits="9" branch="False" />
                <line number="18" hits="9" branch="False" />
                <line number="19" hits="9" branch="False" />
                <line number="20" hits="9" branch="False" />
              </lines>
            </method>
          </methods>
          <lines>
            <line number="16" hits="9" branch="False" />
            <line number="17" hits="9" branch="False" />
            <line number="18" hits="9" branch="False" />
            <line number="19" hits="9" branch="False" />
            <line number="20" hits="9" branch="False" />
          </lines>
        </class>
        <class name="TourManagement.Application.Services.TourService/&lt;CreateAsync&gt;d__5" filename="modernize-data/studio-data/TNT1001/APP1426/transformed-code/476/studio-workspace/C123/TourManagement.Application/Services/TourService.cs" line-rate="0.6363" branch-rate="1" complexity="1">
          <methods>
            <method name="MoveNext" signature="()" line-rate="0.6363" branch-rate="1" complexity="1">
              <lines>
                <line number="51" hits="2" branch="False" />
                <line number="53" hits="2" branch="False" />
                <line number="54" hits="2" branch="False" />
                <line number="55" hits="2" branch="False" />
                <line number="56" hits="2" branch="False" />
                <line number="57" hits="2" branch="False" />
                <line number="59" hits="0" branch="False" />
                <line number="60" hits="0" branch="False" />
                <line number="61" hits="0" branch="False" />
                <line number="62" hits="0" branch="False" />
                <line number="64" hits="2" branch="False" />
              </lines>
            </method>
          </methods>
          <lines>
            <line number="51" hits="2" branch="False" />
            <line number="53" hits="2" branch="False" />
            <line number="54" hits="2" branch="False" />
            <line number="55" hits="2" branch="False" />
            <line number="56" hits="2" branch="False" />
            <line number="57" hits="2" branch="False" />
            <line number="59" hits="0" branch="False" />
            <line number="60" hits="0" branch="False" />
            <line number="61" hits="0" branch="False" />
            <line number="62" hits="0" branch="False" />
            <line number="64" hits="2" branch="False" />
          </lines>
        </class>
        <class name="TourManagement.Application.Services.TourService/&lt;DeleteAsync&gt;d__7" filename="modernize-data/studio-data/TNT1001/APP1426/transformed-code/476/studio-workspace/C123/TourManagement.Application/Services/TourService.cs" line-rate="0.6" branch-rate="1" complexity="1">
          <methods>
            <method name="MoveNext" signature="()" line-rate="0.6" branch-rate="1" complexity="1">
              <lines>
                <line number="82" hits="1" branch="False" />
                <line number="84" hits="1" branch="False" />
                <line number="85" hits="1" branch="False" />
                <line number="86" hits="1" branch="False" />
                <line number="87" hits="1" branch="False" />
                <line number="88" hits="0" branch="False" />
                <line number="89" hits="0" branch="False" />
                <line number="90" hits="0" branch="False" />
                <line number="91" hits="0" branch="False" />
                <line number="93" hits="1" branch="False" />
              </lines>
            </method>
          </methods>
          <lines>
            <line number="82" hits="1" branch="False" />
            <line number="84" hits="1" branch="False" />
            <line number="85" hits="1" branch="False" />
            <line number="86" hits="1" branch="False" />
            <line number="87" hits="1" branch="False" />
            <line number="88" hits="0" branch="False" />
            <line number="89" hits="0" branch="False" />
            <line number="90" hits="0" branch="False" />
            <line number="91" hits="0" branch="False" />
            <line number="93" hits="1" branch="False" />
          </lines>
        </class>
        <class name="TourManagement.Application.Services.TourService/&lt;GetAllAsync&gt;d__3" filename="modernize-data/studio-data/TNT1001/APP1426/transformed-code/476/studio-workspace/C123/TourManagement.Application/Services/TourService.cs" line-rate="1" branch-rate="1" complexity="1">
          <methods>
            <method name="MoveNext" signature="()" line-rate="1" branch-rate="1" complexity="1">
              <lines>
                <line number="23" hits="2" branch="False" />
                <line number="25" hits="2" branch="False" />
                <line number="26" hits="2" branch="False" />
                <line number="27" hits="2" branch="False" />
                <line number="29" hits="1" branch="False" />
                <line number="30" hits="1" branch="False" />
                <line number="31" hits="1" branch="False" />
                <line number="32" hits="1" branch="False" />
                <line number="34" hits="1" branch="False" />
              </lines>
            </method>
          </methods>
          <lines>
            <line number="23" hits="2" branch="False" />
            <line number="25" hits="2" branch="False" />
            <line number="26" hits="2" branch="False" />
            <line number="27" hits="2" branch="False" />
            <line number="29" hits="1" branch="False" />
            <line number="30" hits="1" branch="False" />
            <line number="31" hits="1" branch="False" />
            <line number="32" hits="1" branch="False" />
            <line number="34" hits="1" branch="False" />
          </lines>
        </class>
        <class name="TourManagement.Application.Services.TourService/&lt;GetByIdAsync&gt;d__4" filename="modernize-data/studio-data/TNT1001/APP1426/transformed-code/476/studio-workspace/C123/TourManagement.Application/Services/TourService.cs" line-rate="0.5555" branch-rate="1" complexity="1">
          <methods>
            <method name="MoveNext" signature="()" line-rate="0.5555" branch-rate="1" complexity="1">
              <lines>
                <line number="37" hits="2" branch="False" />
                <line number="39" hits="2" branch="False" />
                <line number="40" hits="2" branch="False" />
                <line number="41" hits="2" branch="False" />
                <line number="43" hits="0" branch="False" />
                <line number="44" hits="0" branch="False" />
                <line number="45" hits="0" branch="False" />
                <line number="46" hits="0" branch="False" />
                <line number="48" hits="2" branch="False" />
              </lines>
            </method>
          </methods>
          <lines>
            <line number="37" hits="2" branch="False" />
            <line number="39" hits="2" branch="False" />
            <line number="40" hits="2" branch="False" />
            <line number="41" hits="2" branch="False" />
            <line number="43" hits="0" branch="False" />
            <line number="44" hits="0" branch="False" />
            <line number="45" hits="0" branch="False" />
            <line number="46" hits="0" branch="False" />
            <line number="48" hits="2" branch="False" />
          </lines>
        </class>
        <class name="TourManagement.Application.Services.TourService/&lt;SearchAsync&gt;d__8" filename="modernize-data/studio-data/TNT1001/APP1426/transformed-code/476/studio-workspace/C123/TourManagement.Application/Services/TourService.cs" line-rate="0.5555" branch-rate="1" complexity="1">
          <methods>
            <method name="MoveNext" signature="()" line-rate="0.5555" branch-rate="1" complexity="1">
              <lines>
                <line number="96" hits="1" branch="False" />
                <line number="98" hits="1" branch="False" />
                <line number="99" hits="1" branch="False" />
                <line number="100" hits="1" branch="False" />
                <line number="102" hits="0" branch="False" />
                <line number="103" hits="0" branch="False" />
                <line number="104" hits="0" branch="False" />
                <line number="105" hits="0" branch="False" />
                <line number="107" hits="1" branch="False" />
              </lines>
            </method>
          </methods>
          <lines>
            <line number="96" hits="1" branch="False" />
            <line number="98" hits="1" branch="False" />
            <line number="99" hits="1" branch="False" />
            <line number="100" hits="1" branch="False" />
            <line number="102" hits="0" branch="False" />
            <line number="103" hits="0" branch="False" />
            <line number="104" hits="0" branch="False" />
            <line number="105" hits="0" branch="False" />
            <line number="107" hits="1" branch="False" />
          </lines>
        </class>
        <class name="TourManagement.Application.Services.TourService/&lt;UpdateAsync&gt;d__6" filename="modernize-data/studio-data/TNT1001/APP1426/transformed-code/476/studio-workspace/C123/TourManagement.Application/Services/TourService.cs" line-rate="0.6363" branch-rate="1" complexity="1">
          <methods>
            <method name="MoveNext" signature="()" line-rate="0.6363" branch-rate="1" complexity="1">
              <lines>
                <line number="67" hits="1" branch="False" />
                <line number="69" hits="1" branch="False" />
                <line number="70" hits="1" branch="False" />
                <line number="71" hits="1" branch="False" />
                <line number="72" hits="1" branch="False" />
                <line number="73" hits="1" branch="False" />
                <line number="74" hits="0" branch="False" />
                <line number="75" hits="0" branch="False" />
                <line number="76" hits="0" branch="False" />
                <line number="77" hits="0" branch="False" />
                <line number="79" hits="1" branch="False" />
              </lines>
            </method>
          </methods>
          <lines>
            <line number="67" hits="1" branch="False" />
            <line number="69" hits="1" branch="False" />
            <line number="70" hits="1" branch="False" />
            <line number="71" hits="1" branch="False" />
            <line number="72" hits="1" branch="False" />
            <line number="73" hits="1" branch="False" />
            <line number="74" hits="0" branch="False" />
            <line number="75" hits="0" branch="False" />
            <line number="76" hits="0" branch="False" />
            <line number="77" hits="0" branch="False" />
            <line number="79" hits="1" branch="False" />
          </lines>
        </class>
        <class name="TourManagement.Application.Services.UserService" filename="modernize-data/studio-data/TNT1001/APP1426/transformed-code/476/studio-workspace/C123/TourManagement.Application/Services/UserService.cs" line-rate="1" branch-rate="1" complexity="1">
          <methods>
            <method name=".ctor" signature="(TourManagement.Domain.Interfaces.Repositories.IUserRepository,Microsoft.Extensions.Logging.ILogger`1&lt;TourManagement.Application.Services.UserService&gt;)" line-rate="1" branch-rate="1" complexity="1">
              <lines>
                <line number="16" hits="11" branch="False" />
                <line number="17" hits="11" branch="False" />
                <line number="18" hits="11" branch="False" />
                <line number="19" hits="11" branch="False" />
                <line number="20" hits="11" branch="False" />
              </lines>
            </method>
          </methods>
          <lines>
            <line number="16" hits="11" branch="False" />
            <line number="17" hits="11" branch="False" />
            <line number="18" hits="11" branch="False" />
            <line number="19" hits="11" branch="False" />
            <line number="20" hits="11" branch="False" />
          </lines>
        </class>
        <class name="TourManagement.Application.Services.UserService/&lt;AuthenticateAsync&gt;d__9" filename="modernize-data/studio-data/TNT1001/APP1426/transformed-code/476/studio-workspace/C123/TourManagement.Application/Services/UserService.cs" line-rate="0.75" branch-rate="1" complexity="6">
          <methods>
            <method name="MoveNext" signature="()" line-rate="0.75" branch-rate="1" complexity="6">
              <lines>
                <line number="118" hits="4" branch="False" />
                <line number="120" hits="4" branch="False" />
                <line number="121" hits="4" branch="False" />
                <line number="122" hits="4" branch="False" />
                <line number="124" hits="4" branch="True" condition-coverage="100% (4/4)">
                  <conditions>
                    <condition number="209" type="jump" coverage="100%" />
                    <condition number="232" type="jump" coverage="100%" />
                  </conditions>
                </line>
                <line number="125" hits="2" branch="False" />
                <line number="126" hits="2" branch="False" />
                <line number="129" hits="2" branch="True" condition-coverage="100% (2/2)">
                  <conditions>
                    <condition number="273" type="jump" coverage="100%" />
                  </conditions>
                </line>
                <line number="130" hits="1" branch="False" />
                <line number="131" hits="1" branch="False" />
                <line number="134" hits="1" branch="False" />
                <line number="136" hits="0" branch="False" />
                <line number="137" hits="0" branch="False" />
                <line number="138" hits="0" branch="False" />
                <line number="139" hits="0" branch="False" />
                <line number="141" hits="4" branch="False" />
              </lines>
            </method>
          </methods>
          <lines>
            <line number="118" hits="4" branch="False" />
            <line number="120" hits="4" branch="False" />
            <line number="121" hits="4" branch="False" />
            <line number="122" hits="4" branch="False" />
            <line number="124" hits="4" branch="True" condition-coverage="100% (4/4)">
              <conditions>
                <condition number="209" type="jump" coverage="100%" />
                <condition number="232" type="jump" coverage="100%" />
              </conditions>
            </line>
            <line number="125" hits="2" branch="False" />
            <line number="126" hits="2" branch="False" />
            <line number="129" hits="2" branch="True" condition-coverage="100% (2/2)">
              <conditions>
                <condition number="273" type="jump" coverage="100%" />
              </conditions>
            </line>
            <line number="130" hits="1" branch="False" />
            <line number="131" hits="1" branch="False" />
            <line number="134" hits="1" branch="False" />
            <line number="136" hits="0" branch="False" />
            <line number="137" hits="0" branch="False" />
            <line number="138" hits="0" branch="False" />
            <line number="139" hits="0" branch="False" />
            <line number="141" hits="4" branch="False" />
          </lines>
        </class>
        <class name="TourManagement.Application.Services.UserService/&lt;CreateAsync&gt;d__6" filename="modernize-data/studio-data/TNT1001/APP1426/transformed-code/476/studio-workspace/C123/TourManagement.Application/Services/UserService.cs" line-rate="1" branch-rate="1" complexity="2">
          <methods>
            <method name="MoveNext" signature="()" line-rate="1" branch-rate="1" complexity="2">
              <lines>
                <line number="65" hits="2" branch="False" />
                <line number="67" hits="2" branch="False" />
                <line number="68" hits="2" branch="False" />
                <line number="70" hits="2" branch="True" condition-coverage="100% (2/2)">
                  <conditions>
                    <condition number="218" type="jump" coverage="100%" />
                  </conditions>
                </line>
                <line number="71" hits="1" branch="False" />
                <line number="72" hits="1" branch="False" />
                <line number="75" hits="1" branch="False" />
                <line number="76" hits="1" branch="False" />
                <line number="77" hits="1" branch="False" />
                <line number="79" hits="1" branch="False" />
                <line number="81" hits="1" branch="False" />
                <line number="82" hits="1" branch="False" />
                <line number="83" hits="1" branch="False" />
                <line number="84" hits="1" branch="False" />
                <line number="86" hits="1" branch="False" />
              </lines>
            </method>
          </methods>
          <lines>
            <line number="65" hits="2" branch="False" />
            <line number="67" hits="2" branch="False" />
            <line number="68" hits="2" branch="False" />
            <line number="70" hits="2" branch="True" condition-coverage="100% (2/2)">
              <conditions>
                <condition number="218" type="jump" coverage="100%" />
              </conditions>
            </line>
            <line number="71" hits="1" branch="False" />
            <line number="72" hits="1" branch="False" />
            <line number="75" hits="1" branch="False" />
            <line number="76" hits="1" branch="False" />
            <line number="77" hits="1" branch="False" />
            <line number="79" hits="1" branch="False" />
            <line number="81" hits="1" branch="False" />
            <line number="82" hits="1" branch="False" />
            <line number="83" hits="1" branch="False" />
            <line number="84" hits="1" branch="False" />
            <line number="86" hits="1" branch="False" />
          </lines>
        </class>
        <class name="TourManagement.Application.Services.UserService/&lt;DeleteAsync&gt;d__8" filename="modernize-data/studio-data/TNT1001/APP1426/transformed-code/476/studio-workspace/C123/TourManagement.Application/Services/UserService.cs" line-rate="0.6" branch-rate="1" complexity="1">
          <methods>
            <method name="MoveNext" signature="()" line-rate="0.6" branch-rate="1" complexity="1">
              <lines>
                <line number="104" hits="1" branch="False" />
                <line number="106" hits="1" branch="False" />
                <line number="107" hits="1" branch="False" />
                <line number="108" hits="1" branch="False" />
                <line number="109" hits="1" branch="False" />
                <line number="110" hits="0" branch="False" />
                <line number="111" hits="0" branch="False" />
                <line number="112" hits="0" branch="False" />
                <line number="113" hits="0" branch="False" />
                <line number="115" hits="1" branch="False" />
              </lines>
            </method>
          </methods>
          <lines>
            <line number="104" hits="1" branch="False" />
            <line number="106" hits="1" branch="False" />
            <line number="107" hits="1" branch="False" />
            <line number="108" hits="1" branch="False" />
            <line number="109" hits="1" branch="False" />
            <line number="110" hits="0" branch="False" />
            <line number="111" hits="0" branch="False" />
            <line number="112" hits="0" branch="False" />
            <line number="113" hits="0" branch="False" />
            <line number="115" hits="1" branch="False" />
          </lines>
        </class>
        <class name="TourManagement.Application.Services.UserService/&lt;GetAllAsync&gt;d__3" filename="modernize-data/studio-data/TNT1001/APP1426/transformed-code/476/studio-workspace/C123/TourManagement.Application/Services/UserService.cs" line-rate="0.5555" branch-rate="1" complexity="1">
          <methods>
            <method name="MoveNext" signature="()" line-rate="0.5555" branch-rate="1" complexity="1">
              <lines>
                <line number="23" hits="1" branch="False" />
                <line number="25" hits="1" branch="False" />
                <line number="26" hits="1" branch="False" />
                <line number="27" hits="1" branch="False" />
                <line number="29" hits="0" branch="False" />
                <line number="30" hits="0" branch="False" />
                <line number="31" hits="0" branch="False" />
                <line number="32" hits="0" branch="False" />
                <line number="34" hits="1" branch="False" />
              </lines>
            </method>
          </methods>
          <lines>
            <line number="23" hits="1" branch="False" />
            <line number="25" hits="1" branch="False" />
            <line number="26" hits="1" branch="False" />
            <line number="27" hits="1" branch="False" />
            <line number="29" hits="0" branch="False" />
            <line number="30" hits="0" branch="False" />
            <line number="31" hits="0" branch="False" />
            <line number="32" hits="0" branch="False" />
            <line number="34" hits="1" branch="False" />
          </lines>
        </class>
        <class name="TourManagement.Application.Services.UserService/&lt;GetByEmailAsync&gt;d__5" filename="modernize-data/studio-data/TNT1001/APP1426/transformed-code/476/studio-workspace/C123/TourManagement.Application/Services/UserService.cs" line-rate="0.5555" branch-rate="1" complexity="1">
          <methods>
            <method name="MoveNext" signature="()" line-rate="0.5555" branch-rate="1" complexity="1">
              <lines>
                <line number="51" hits="1" branch="False" />
                <line number="53" hits="1" branch="False" />
                <line number="54" hits="1" branch="False" />
                <line number="55" hits="1" branch="False" />
                <line number="57" hits="0" branch="False" />
                <line number="58" hits="0" branch="False" />
                <line number="59" hits="0" branch="False" />
                <line number="60" hits="0" branch="False" />
                <line number="62" hits="1" branch="False" />
              </lines>
            </method>
          </methods>
          <lines>
            <line number="51" hits="1" branch="False" />
            <line number="53" hits="1" branch="False" />
            <line number="54" hits="1" branch="False" />
            <line number="55" hits="1" branch="False" />
            <line number="57" hits="0" branch="False" />
            <line number="58" hits="0" branch="False" />
            <line number="59" hits="0" branch="False" />
            <line number="60" hits="0" branch="False" />
            <line number="62" hits="1" branch="False" />
          </lines>
        </class>
        <class name="TourManagement.Application.Services.UserService/&lt;GetByIdAsync&gt;d__4" filename="modernize-data/studio-data/TNT1001/APP1426/transformed-code/476/studio-workspace/C123/TourManagement.Application/Services/UserService.cs" line-rate="0.5555" branch-rate="1" complexity="1">
          <methods>
            <method name="MoveNext" signature="()" line-rate="0.5555" branch-rate="1" complexity="1">
              <lines>
                <line number="37" hits="1" branch="False" />
                <line number="39" hits="1" branch="False" />
                <line number="40" hits="1" branch="False" />
                <line number="41" hits="1" branch="False" />
                <line number="43" hits="0" branch="False" />
                <line number="44" hits="0" branch="False" />
                <line number="45" hits="0" branch="False" />
                <line number="46" hits="0" branch="False" />
                <line number="48" hits="1" branch="False" />
              </lines>
            </method>
          </methods>
          <lines>
            <line number="37" hits="1" branch="False" />
            <line number="39" hits="1" branch="False" />
            <line number="40" hits="1" branch="False" />
            <line number="41" hits="1" branch="False" />
            <line number="43" hits="0" branch="False" />
            <line number="44" hits="0" branch="False" />
            <line number="45" hits="0" branch="False" />
            <line number="46" hits="0" branch="False" />
            <line number="48" hits="1" branch="False" />
          </lines>
        </class>
        <class name="TourManagement.Application.Services.UserService/&lt;UpdateAsync&gt;d__7" filename="modernize-data/studio-data/TNT1001/APP1426/transformed-code/476/studio-workspace/C123/TourManagement.Application/Services/UserService.cs" line-rate="0.6363" branch-rate="1" complexity="1">
          <methods>
            <method name="MoveNext" signature="()" line-rate="0.6363" branch-rate="1" complexity="1">
              <lines>
                <line number="89" hits="1" branch="False" />
                <line number="91" hits="1" branch="False" />
                <line number="92" hits="1" branch="False" />
                <line number="93" hits="1" branch="False" />
                <line number="94" hits="1" branch="False" />
                <line number="95" hits="1" branch="False" />
                <line number="96" hits="0" branch="False" />
                <line number="97" hits="0" branch="False" />
                <line number="98" hits="0" branch="False" />
                <line number="99" hits="0" branch="False" />
                <line number="101" hits="1" branch="False" />
              </lines>
            </method>
          </methods>
          <lines>
            <line number="89" hits="1" branch="False" />
            <line number="91" hits="1" branch="False" />
            <line number="92" hits="1" branch="False" />
            <line number="93" hits="1" branch="False" />
            <line number="94" hits="1" branch="False" />
            <line number="95" hits="1" branch="False" />
            <line number="96" hits="0" branch="False" />
            <line number="97" hits="0" branch="False" />
            <line number="98" hits="0" branch="False" />
            <line number="99" hits="0" branch="False" />
            <line number="101" hits="1" branch="False" />
          </lines>
        </class>
      </classes>
    </package>
    <package name="TourManagement.Infrastructure" line-rate="0.7785" branch-rate="1" complexity="39">
      <classes>
        <class name="AutoGeneratedProgram" filename="home/studioai/.nuget/packages/microsoft.net.test.sdk/17.8.0/build/netcoreapp3.1/Microsoft.NET.Test.Sdk.Program.cs" line-rate="0" branch-rate="1" complexity="1">
          <methods>
            <method name="Main" signature="(System.String[])" line-rate="0" branch-rate="1" complexity="1">
              <lines>
                <line number="4" hits="0" branch="False" />
              </lines>
            </method>
          </methods>
          <lines>
            <line number="4" hits="0" branch="False" />
          </lines>
        </class>
        <class name="TourManagement.Infrastructure.Repositories.BookingRepository" filename="modernize-data/studio-data/TNT1001/APP1426/transformed-code/476/studio-workspace/C123/TourManagement.Infrastructure/Repositories/BookingRepository.cs" line-rate="1" branch-rate="1" complexity="1">
          <methods>
            <method name=".ctor" signature="(TourManagement.Infrastructure.Data.TourManagementDbContext,Microsoft.Extensions.Logging.ILogger`1&lt;TourManagement.Infrastructure.Repositories.BookingRepository&gt;)" line-rate="1" branch-rate="1" complexity="1">
              <lines>
                <line number="17" hits="9" branch="False" />
                <line number="18" hits="9" branch="False" />
                <line number="19" hits="9" branch="False" />
                <line number="20" hits="9" branch="False" />
                <line number="21" hits="9" branch="False" />
              </lines>
            </method>
          </methods>
          <lines>
            <line number="17" hits="9" branch="False" />
            <line number="18" hits="9" branch="False" />
            <line number="19" hits="9" branch="False" />
            <line number="20" hits="9" branch="False" />
            <line number="21" hits="9" branch="False" />
          </lines>
        </class>
        <class name="TourManagement.Infrastructure.Repositories.BookingRepository/&lt;AddAsync&gt;d__7" filename="modernize-data/studio-data/TNT1001/APP1426/transformed-code/476/studio-workspace/C123/TourManagement.Infrastructure/Repositories/BookingRepository.cs" line-rate="0.6" branch-rate="1" complexity="1">
          <methods>
            <method name="MoveNext" signature="()" line-rate="0.6" branch-rate="1" complexity="1">
              <lines>
                <line number="95" hits="1" branch="False" />
                <line number="97" hits="1" branch="False" />
                <line number="98" hits="1" branch="False" />
                <line number="99" hits="1" branch="False" />
                <line number="100" hits="1" branch="False" />
                <line number="102" hits="0" branch="False" />
                <line number="103" hits="0" branch="False" />
                <line number="104" hits="0" branch="False" />
                <line number="105" hits="0" branch="False" />
                <line number="107" hits="1" branch="False" />
              </lines>
            </method>
          </methods>
          <lines>
            <line number="95" hits="1" branch="False" />
            <line number="97" hits="1" branch="False" />
            <line number="98" hits="1" branch="False" />
            <line number="99" hits="1" branch="False" />
            <line number="100" hits="1" branch="False" />
            <line number="102" hits="0" branch="False" />
            <line number="103" hits="0" branch="False" />
            <line number="104" hits="0" branch="False" />
            <line number="105" hits="0" branch="False" />
            <line number="107" hits="1" branch="False" />
          </lines>
        </class>
        <class name="TourManagement.Infrastructure.Repositories.BookingRepository/&lt;DeleteAsync&gt;d__9" filename="modernize-data/studio-data/TNT1001/APP1426/transformed-code/476/studio-workspace/C123/TourManagement.Infrastructure/Repositories/BookingRepository.cs" line-rate="0.7333" branch-rate="1" complexity="2">
          <methods>
            <method name="MoveNext" signature="()" line-rate="0.7333" branch-rate="1" complexity="2">
              <lines>
                <line number="124" hits="1" branch="False" />
                <line number="126" hits="1" branch="False" />
                <line number="127" hits="1" branch="False" />
                <line number="128" hits="1" branch="True" condition-coverage="100% (2/2)">
                  <conditions>
                    <condition number="213" type="jump" coverage="100%" />
                  </conditions>
                </line>
                <line number="129" hits="1" branch="False" />
                <line number="130" hits="1" branch="False" />
                <line number="131" hits="1" branch="False" />
                <line number="132" hits="1" branch="False" />
                <line number="133" hits="1" branch="False" />
                <line number="134" hits="1" branch="False" />
                <line number="135" hits="0" branch="False" />
                <line number="136" hits="0" branch="False" />
                <line number="137" hits="0" branch="False" />
                <line number="138" hits="0" branch="False" />
                <line number="140" hits="1" branch="False" />
              </lines>
            </method>
          </methods>
          <lines>
            <line number="124" hits="1" branch="False" />
            <line number="126" hits="1" branch="False" />
            <line number="127" hits="1" branch="False" />
            <line number="128" hits="1" branch="True" condition-coverage="100% (2/2)">
              <conditions>
                <condition number="213" type="jump" coverage="100%" />
              </conditions>
            </line>
            <line number="129" hits="1" branch="False" />
            <line number="130" hits="1" branch="False" />
            <line number="131" hits="1" branch="False" />
            <line number="132" hits="1" branch="False" />
            <line number="133" hits="1" branch="False" />
            <line number="134" hits="1" branch="False" />
            <line number="135" hits="0" branch="False" />
            <line number="136" hits="0" branch="False" />
            <line number="137" hits="0" branch="False" />
            <line number="138" hits="0" branch="False" />
            <line number="140" hits="1" branch="False" />
          </lines>
        </class>
        <class name="TourManagement.Infrastructure.Repositories.BookingRepository/&lt;ExistsAsync&gt;d__10" filename="modernize-data/studio-data/TNT1001/APP1426/transformed-code/476/studio-workspace/C123/TourManagement.Infrastructure/Repositories/BookingRepository.cs" line-rate="0.5" branch-rate="1" complexity="1">
          <methods>
            <method name="MoveNext" signature="()" line-rate="0.5" branch-rate="1" complexity="1">
              <lines>
                <line number="143" hits="2" branch="False" />
                <line number="145" hits="2" branch="False" />
                <line number="146" hits="2" branch="False" />
                <line number="148" hits="0" branch="False" />
                <line number="149" hits="0" branch="False" />
                <line number="150" hits="0" branch="False" />
                <line number="151" hits="0" branch="False" />
                <line number="153" hits="2" branch="False" />
              </lines>
            </method>
          </methods>
          <lines>
            <line number="143" hits="2" branch="False" />
            <line number="145" hits="2" branch="False" />
            <line number="146" hits="2" branch="False" />
            <line number="148" hits="0" branch="False" />
            <line number="149" hits="0" branch="False" />
            <line number="150" hits="0" branch="False" />
            <line number="151" hits="0" branch="False" />
            <line number="153" hits="2" branch="False" />
          </lines>
        </class>
        <class name="TourManagement.Infrastructure.Repositories.BookingRepository/&lt;GetAllAsync&gt;d__3" filename="modernize-data/studio-data/TNT1001/APP1426/transformed-code/476/studio-workspace/C123/TourManagement.Infrastructure/Repositories/BookingRepository.cs" line-rate="0.6923" branch-rate="1" complexity="1">
          <methods>
            <method name="MoveNext" signature="()" line-rate="0.6923" branch-rate="1" complexity="1">
              <lines>
                <line number="24" hits="1" branch="False" />
                <line number="26" hits="1" branch="False" />
                <line number="27" hits="1" branch="False" />
                <line number="28" hits="1" branch="False" />
                <line number="29" hits="1" branch="False" />
                <line number="30" hits="1" branch="False" />
                <line number="31" hits="1" branch="False" />
                <line number="32" hits="1" branch="False" />
                <line number="34" hits="0" branch="False" />
                <line number="35" hits="0" branch="False" />
                <line number="36" hits="0" branch="False" />
                <line number="37" hits="0" branch="False" />
                <line number="39" hits="1" branch="False" />
              </lines>
            </method>
          </methods>
          <lines>
            <line number="24" hits="1" branch="False" />
            <line number="26" hits="1" branch="False" />
            <line number="27" hits="1" branch="False" />
            <line number="28" hits="1" branch="False" />
            <line number="29" hits="1" branch="False" />
            <line number="30" hits="1" branch="False" />
            <line number="31" hits="1" branch="False" />
            <line number="32" hits="1" branch="False" />
            <line number="34" hits="0" branch="False" />
            <line number="35" hits="0" branch="False" />
            <line number="36" hits="0" branch="False" />
            <line number="37" hits="0" branch="False" />
            <line number="39" hits="1" branch="False" />
          </lines>
        </class>
        <class name="TourManagement.Infrastructure.Repositories.BookingRepository/&lt;GetByIdAsync&gt;d__4" filename="modernize-data/studio-data/TNT1001/APP1426/transformed-code/476/studio-workspace/C123/TourManagement.Infrastructure/Repositories/BookingRepository.cs" line-rate="0.6666" branch-rate="1" complexity="1">
          <methods>
            <method name="MoveNext" signature="()" line-rate="0.6666" branch-rate="1" complexity="1">
              <lines>
                <line number="42" hits="1" branch="False" />
                <line number="44" hits="1" branch="False" />
                <line number="45" hits="1" branch="False" />
                <line number="46" hits="1" branch="False" />
                <line number="47" hits="1" branch="False" />
                <line number="48" hits="1" branch="False" />
                <line number="49" hits="1" branch="False" />
                <line number="51" hits="0" branch="False" />
                <line number="52" hits="0" branch="False" />
                <line number="53" hits="0" branch="False" />
                <line number="54" hits="0" branch="False" />
                <line number="56" hits="1" branch="False" />
              </lines>
            </method>
          </methods>
          <lines>
            <line number="42" hits="1" branch="False" />
            <line number="44" hits="1" branch="False" />
            <line number="45" hits="1" branch="False" />
            <line number="46" hits="1" branch="False" />
            <line number="47" hits="1" branch="False" />
            <line number="48" hits="1" branch="False" />
            <line number="49" hits="1" branch="False" />
            <line number="51" hits="0" branch="False" />
            <line number="52" hits="0" branch="False" />
            <line number="53" hits="0" branch="False" />
            <line number="54" hits="0" branch="False" />
            <line number="56" hits="1" branch="False" />
          </lines>
        </class>
        <class name="TourManagement.Infrastructure.Repositories.BookingRepository/&lt;GetByTourIdAsync&gt;d__6" filename="modernize-data/studio-data/TNT1001/APP1426/transformed-code/476/studio-workspace/C123/TourManagement.Infrastructure/Repositories/BookingRepository.cs" line-rate="0.6923" branch-rate="1" complexity="1">
          <methods>
            <method name="MoveNext" signature="()" line-rate="0.6923" branch-rate="1" complexity="1">
              <lines>
                <line number="77" hits="1" branch="False" />
                <line number="79" hits="1" branch="False" />
                <line number="80" hits="1" branch="False" />
                <line number="81" hits="1" branch="False" />
                <line number="82" hits="1" branch="False" />
                <line number="83" hits="1" branch="False" />
                <line number="84" hits="1" branch="False" />
                <line number="85" hits="1" branch="False" />
                <line number="87" hits="0" branch="False" />
                <line number="88" hits="0" branch="False" />
                <line number="89" hits="0" branch="False" />
                <line number="90" hits="0" branch="False" />
                <line number="92" hits="1" branch="False" />
              </lines>
            </method>
          </methods>
          <lines>
            <line number="77" hits="1" branch="False" />
            <line number="79" hits="1" branch="False" />
            <line number="80" hits="1" branch="False" />
            <line number="81" hits="1" branch="False" />
            <line number="82" hits="1" branch="False" />
            <line number="83" hits="1" branch="False" />
            <line number="84" hits="1" branch="False" />
            <line number="85" hits="1" branch="False" />
            <line number="87" hits="0" branch="False" />
            <line number="88" hits="0" branch="False" />
            <line number="89" hits="0" branch="False" />
            <line number="90" hits="0" branch="False" />
            <line number="92" hits="1" branch="False" />
          </lines>
        </class>
        <class name="TourManagement.Infrastructure.Repositories.BookingRepository/&lt;GetByUserIdAsync&gt;d__5" filename="modernize-data/studio-data/TNT1001/APP1426/transformed-code/476/studio-workspace/C123/TourManagement.Infrastructure/Repositories/BookingRepository.cs" line-rate="0.6923" branch-rate="1" complexity="1">
          <methods>
            <method name="MoveNext" signature="()" line-rate="0.6923" branch-rate="1" complexity="1">
              <lines>
                <line number="59" hits="1" branch="False" />
                <line number="61" hits="1" branch="False" />
                <line number="62" hits="1" branch="False" />
                <line number="63" hits="1" branch="False" />
                <line number="64" hits="1" branch="False" />
                <line number="65" hits="1" branch="False" />
                <line number="66" hits="1" branch="False" />
                <line number="67" hits="1" branch="False" />
                <line number="69" hits="0" branch="False" />
                <line number="70" hits="0" branch="False" />
                <line number="71" hits="0" branch="False" />
                <line number="72" hits="0" branch="False" />
                <line number="74" hits="1" branch="False" />
              </lines>
            </method>
          </methods>
          <lines>
            <line number="59" hits="1" branch="False" />
            <line number="61" hits="1" branch="False" />
            <line number="62" hits="1" branch="False" />
            <line number="63" hits="1" branch="False" />
            <line number="64" hits="1" branch="False" />
            <line number="65" hits="1" branch="False" />
            <line number="66" hits="1" branch="False" />
            <line number="67" hits="1" branch="False" />
            <line number="69" hits="0" branch="False" />
            <line number="70" hits="0" branch="False" />
            <line number="71" hits="0" branch="False" />
            <line number="72" hits="0" branch="False" />
            <line number="74" hits="1" branch="False" />
          </lines>
        </class>
        <class name="TourManagement.Infrastructure.Repositories.BookingRepository/&lt;UpdateAsync&gt;d__8" filename="modernize-data/studio-data/TNT1001/APP1426/transformed-code/476/studio-workspace/C123/TourManagement.Infrastructure/Repositories/BookingRepository.cs" line-rate="0.6" branch-rate="1" complexity="1">
          <methods>
            <method name="MoveNext" signature="()" line-rate="0.6" branch-rate="1" complexity="1">
              <lines>
                <line number="110" hits="1" branch="False" />
                <line number="112" hits="1" branch="False" />
                <line number="113" hits="1" branch="False" />
                <line number="114" hits="1" branch="False" />
                <line number="115" hits="1" branch="False" />
                <line number="116" hits="0" branch="False" />
                <line number="117" hits="0" branch="False" />
                <line number="118" hits="0" branch="False" />
                <line number="119" hits="0" branch="False" />
                <line number="121" hits="1" branch="False" />
              </lines>
            </method>
          </methods>
          <lines>
            <line number="110" hits="1" branch="False" />
            <line number="112" hits="1" branch="False" />
            <line number="113" hits="1" branch="False" />
            <line number="114" hits="1" branch="False" />
            <line number="115" hits="1" branch="False" />
            <line number="116" hits="0" branch="False" />
            <line number="117" hits="0" branch="False" />
            <line number="118" hits="0" branch="False" />
            <line number="119" hits="0" branch="False" />
            <line number="121" hits="1" branch="False" />
          </lines>
        </class>
        <class name="TourManagement.Infrastructure.Repositories.TourRepository" filename="modernize-data/studio-data/TNT1001/APP1426/transformed-code/476/studio-workspace/C123/TourManagement.Infrastructure/Repositories/TourRepository.cs" line-rate="1" branch-rate="1" complexity="1">
          <methods>
            <method name=".ctor" signature="(TourManagement.Infrastructure.Data.TourManagementDbContext,Microsoft.Extensions.Logging.ILogger`1&lt;TourManagement.Infrastructure.Repositories.TourRepository&gt;)" line-rate="1" branch-rate="1" complexity="1">
              <lines>
                <line number="17" hits="10" branch="False" />
                <line number="18" hits="10" branch="False" />
                <line number="19" hits="10" branch="False" />
                <line number="20" hits="10" branch="False" />
                <line number="21" hits="10" branch="False" />
              </lines>
            </method>
          </methods>
          <lines>
            <line number="17" hits="10" branch="False" />
            <line number="18" hits="10" branch="False" />
            <line number="19" hits="10" branch="False" />
            <line number="20" hits="10" branch="False" />
            <line number="21" hits="10" branch="False" />
          </lines>
        </class>
        <class name="TourManagement.Infrastructure.Repositories.TourRepository/&lt;AddAsync&gt;d__5" filename="modernize-data/studio-data/TNT1001/APP1426/transformed-code/476/studio-workspace/C123/TourManagement.Infrastructure/Repositories/TourRepository.cs" line-rate="0.6" branch-rate="1" complexity="1">
          <methods>
            <method name="MoveNext" signature="()" line-rate="0.6" branch-rate="1" complexity="1">
              <lines>
                <line number="55" hits="1" branch="False" />
                <line number="57" hits="1" branch="False" />
                <line number="58" hits="1" branch="False" />
                <line number="59" hits="1" branch="False" />
                <line number="60" hits="1" branch="False" />
                <line number="62" hits="0" branch="False" />
                <line number="63" hits="0" branch="False" />
                <line number="64" hits="0" branch="False" />
                <line number="65" hits="0" branch="False" />
                <line number="67" hits="1" branch="False" />
              </lines>
            </method>
          </methods>
          <lines>
            <line number="55" hits="1" branch="False" />
            <line number="57" hits="1" branch="False" />
            <line number="58" hits="1" branch="False" />
            <line number="59" hits="1" branch="False" />
            <line number="60" hits="1" branch="False" />
            <line number="62" hits="0" branch="False" />
            <line number="63" hits="0" branch="False" />
            <line number="64" hits="0" branch="False" />
            <line number="65" hits="0" branch="False" />
            <line number="67" hits="1" branch="False" />
          </lines>
        </class>
        <class name="TourManagement.Infrastructure.Repositories.TourRepository/&lt;DeleteAsync&gt;d__7" filename="modernize-data/studio-data/TNT1001/APP1426/transformed-code/476/studio-workspace/C123/TourManagement.Infrastructure/Repositories/TourRepository.cs" line-rate="0.7333" branch-rate="1" complexity="2">
          <methods>
            <method name="MoveNext" signature="()" line-rate="0.7333" branch-rate="1" complexity="2">
              <lines>
                <line number="84" hits="1" branch="False" />
                <line number="86" hits="1" branch="False" />
                <line number="87" hits="1" branch="False" />
                <line number="88" hits="1" branch="True" condition-coverage="100% (2/2)">
                  <conditions>
                    <condition number="213" type="jump" coverage="100%" />
                  </conditions>
                </line>
                <line number="89" hits="1" branch="False" />
                <line number="90" hits="1" branch="False" />
                <line number="91" hits="1" branch="False" />
                <line number="92" hits="1" branch="False" />
                <line number="93" hits="1" branch="False" />
                <line number="94" hits="1" branch="False" />
                <line number="95" hits="0" branch="False" />
                <line number="96" hits="0" branch="False" />
                <line number="97" hits="0" branch="False" />
                <line number="98" hits="0" branch="False" />
                <line number="100" hits="1" branch="False" />
              </lines>
            </method>
          </methods>
          <lines>
            <line number="84" hits="1" branch="False" />
            <line number="86" hits="1" branch="False" />
            <line number="87" hits="1" branch="False" />
            <line number="88" hits="1" branch="True" condition-coverage="100% (2/2)">
              <conditions>
                <condition number="213" type="jump" coverage="100%" />
              </conditions>
            </line>
            <line number="89" hits="1" branch="False" />
            <line number="90" hits="1" branch="False" />
            <line number="91" hits="1" branch="False" />
            <line number="92" hits="1" branch="False" />
            <line number="93" hits="1" branch="False" />
            <line number="94" hits="1" branch="False" />
            <line number="95" hits="0" branch="False" />
            <line number="96" hits="0" branch="False" />
            <line number="97" hits="0" branch="False" />
            <line number="98" hits="0" branch="False" />
            <line number="100" hits="1" branch="False" />
          </lines>
        </class>
        <class name="TourManagement.Infrastructure.Repositories.TourRepository/&lt;ExistsAsync&gt;d__8" filename="modernize-data/studio-data/TNT1001/APP1426/transformed-code/476/studio-workspace/C123/TourManagement.Infrastructure/Repositories/TourRepository.cs" line-rate="0.5" branch-rate="1" complexity="1">
          <methods>
            <method name="MoveNext" signature="()" line-rate="0.5" branch-rate="1" complexity="1">
              <lines>
                <line number="103" hits="2" branch="False" />
                <line number="105" hits="2" branch="False" />
                <line number="106" hits="2" branch="False" />
                <line number="108" hits="0" branch="False" />
                <line number="109" hits="0" branch="False" />
                <line number="110" hits="0" branch="False" />
                <line number="111" hits="0" branch="False" />
                <line number="113" hits="2" branch="False" />
              </lines>
            </method>
          </methods>
          <lines>
            <line number="103" hits="2" branch="False" />
            <line number="105" hits="2" branch="False" />
            <line number="106" hits="2" branch="False" />
            <line number="108" hits="0" branch="False" />
            <line number="109" hits="0" branch="False" />
            <line number="110" hits="0" branch="False" />
            <line number="111" hits="0" branch="False" />
            <line number="113" hits="2" branch="False" />
          </lines>
        </class>
        <class name="TourManagement.Infrastructure.Repositories.TourRepository/&lt;GetAllAsync&gt;d__3" filename="modernize-data/studio-data/TNT1001/APP1426/transformed-code/476/studio-workspace/C123/TourManagement.Infrastructure/Repositories/TourRepository.cs" line-rate="0.6363" branch-rate="1" complexity="1">
          <methods>
            <method name="MoveNext" signature="()" line-rate="0.6363" branch-rate="1" complexity="1">
              <lines>
                <line number="24" hits="1" branch="False" />
                <line number="26" hits="1" branch="False" />
                <line number="27" hits="1" branch="False" />
                <line number="28" hits="1" branch="False" />
                <line number="29" hits="1" branch="False" />
                <line number="30" hits="1" branch="False" />
                <line number="32" hits="0" branch="False" />
                <line number="33" hits="0" branch="False" />
                <line number="34" hits="0" branch="False" />
                <line number="35" hits="0" branch="False" />
                <line number="37" hits="1" branch="False" />
              </lines>
            </method>
          </methods>
          <lines>
            <line number="24" hits="1" branch="False" />
            <line number="26" hits="1" branch="False" />
            <line number="27" hits="1" branch="False" />
            <line number="28" hits="1" branch="False" />
            <line number="29" hits="1" branch="False" />
            <line number="30" hits="1" branch="False" />
            <line number="32" hits="0" branch="False" />
            <line number="33" hits="0" branch="False" />
            <line number="34" hits="0" branch="False" />
            <line number="35" hits="0" branch="False" />
            <line number="37" hits="1" branch="False" />
          </lines>
        </class>
        <class name="TourManagement.Infrastructure.Repositories.TourRepository/&lt;GetByIdAsync&gt;d__4" filename="modernize-data/studio-data/TNT1001/APP1426/transformed-code/476/studio-workspace/C123/TourManagement.Infrastructure/Repositories/TourRepository.cs" line-rate="0.6" branch-rate="1" complexity="1">
          <methods>
            <method name="MoveNext" signature="()" line-rate="0.6" branch-rate="1" complexity="1">
              <lines>
                <line number="40" hits="2" branch="False" />
                <line number="42" hits="2" branch="False" />
                <line number="43" hits="2" branch="False" />
                <line number="44" hits="2" branch="False" />
                <line number="45" hits="2" branch="False" />
                <line number="47" hits="0" branch="False" />
                <line number="48" hits="0" branch="False" />
                <line number="49" hits="0" branch="False" />
                <line number="50" hits="0" branch="False" />
                <line number="52" hits="2" branch="False" />
              </lines>
            </method>
          </methods>
          <lines>
            <line number="40" hits="2" branch="False" />
            <line number="42" hits="2" branch="False" />
            <line number="43" hits="2" branch="False" />
            <line number="44" hits="2" branch="False" />
            <line number="45" hits="2" branch="False" />
            <line number="47" hits="0" branch="False" />
            <line number="48" hits="0" branch="False" />
            <line number="49" hits="0" branch="False" />
            <line number="50" hits="0" branch="False" />
            <line number="52" hits="2" branch="False" />
          </lines>
        </class>
        <class name="TourManagement.Infrastructure.Repositories.TourRepository/&lt;SearchAsync&gt;d__9" filename="modernize-data/studio-data/TNT1001/APP1426/transformed-code/476/studio-workspace/C123/TourManagement.Infrastructure/Repositories/TourRepository.cs" line-rate="0.7142000000000001" branch-rate="1" complexity="1">
          <methods>
            <method name="MoveNext" signature="()" line-rate="0.7142000000000001" branch-rate="1" complexity="1">
              <lines>
                <line number="116" hits="2" branch="False" />
                <line number="118" hits="2" branch="False" />
                <line number="119" hits="2" branch="False" />
                <line number="120" hits="2" branch="False" />
                <line number="121" hits="2" branch="False" />
                <line number="122" hits="2" branch="False" />
                <line number="123" hits="2" branch="False" />
                <line number="124" hits="2" branch="False" />
                <line number="125" hits="2" branch="False" />
                <line number="127" hits="0" branch="False" />
                <line number="128" hits="0" branch="False" />
                <line number="129" hits="0" branch="False" />
                <line number="130" hits="0" branch="False" />
                <line number="132" hits="2" branch="False" />
              </lines>
            </method>
          </methods>
          <lines>
            <line number="116" hits="2" branch="False" />
            <line number="118" hits="2" branch="False" />
            <line number="119" hits="2" branch="False" />
            <line number="120" hits="2" branch="False" />
            <line number="121" hits="2" branch="False" />
            <line number="122" hits="2" branch="False" />
            <line number="123" hits="2" branch="False" />
            <line number="124" hits="2" branch="False" />
            <line number="125" hits="2" branch="False" />
            <line number="127" hits="0" branch="False" />
            <line number="128" hits="0" branch="False" />
            <line number="129" hits="0" branch="False" />
            <line number="130" hits="0" branch="False" />
            <line number="132" hits="2" branch="False" />
          </lines>
        </class>
        <class name="TourManagement.Infrastructure.Repositories.TourRepository/&lt;UpdateAsync&gt;d__6" filename="modernize-data/studio-data/TNT1001/APP1426/transformed-code/476/studio-workspace/C123/TourManagement.Infrastructure/Repositories/TourRepository.cs" line-rate="0.6" branch-rate="1" complexity="1">
          <methods>
            <method name="MoveNext" signature="()" line-rate="0.6" branch-rate="1" complexity="1">
              <lines>
                <line number="70" hits="1" branch="False" />
                <line number="72" hits="1" branch="False" />
                <line number="73" hits="1" branch="False" />
                <line number="74" hits="1" branch="False" />
                <line number="75" hits="1" branch="False" />
                <line number="76" hits="0" branch="False" />
                <line number="77" hits="0" branch="False" />
                <line number="78" hits="0" branch="False" />
                <line number="79" hits="0" branch="False" />
                <line number="81" hits="1" branch="False" />
              </lines>
            </method>
          </methods>
          <lines>
            <line number="70" hits="1" branch="False" />
            <line number="72" hits="1" branch="False" />
            <line number="73" hits="1" branch="False" />
            <line number="74" hits="1" branch="False" />
            <line number="75" hits="1" branch="False" />
            <line number="76" hits="0" branch="False" />
            <line number="77" hits="0" branch="False" />
            <line number="78" hits="0" branch="False" />
            <line number="79" hits="0" branch="False" />
            <line number="81" hits="1" branch="False" />
          </lines>
        </class>
        <class name="TourManagement.Infrastructure.Repositories.UserRepository" filename="modernize-data/studio-data/TNT1001/APP1426/transformed-code/476/studio-workspace/C123/TourManagement.Infrastructure/Repositories/UserRepository.cs" line-rate="1" branch-rate="1" complexity="1">
          <methods>
            <method name=".ctor" signature="(TourManagement.Infrastructure.Data.TourManagementDbContext,Microsoft.Extensions.Logging.ILogger`1&lt;TourManagement.Infrastructure.Repositories.UserRepository&gt;)" line-rate="1" branch-rate="1" complexity="1">
              <lines>
                <line number="17" hits="11" branch="False" />
                <line number="18" hits="11" branch="False" />
                <line number="19" hits="11" branch="False" />
                <line number="20" hits="11" branch="False" />
                <line number="21" hits="11" branch="False" />
              </lines>
            </method>
          </methods>
          <lines>
            <line number="17" hits="11" branch="False" />
            <line number="18" hits="11" branch="False" />
            <line number="19" hits="11" branch="False" />
            <line number="20" hits="11" branch="False" />
            <line number="21" hits="11" branch="False" />
          </lines>
        </class>
        <class name="TourManagement.Infrastructure.Repositories.UserRepository/&lt;AddAsync&gt;d__6" filename="modernize-data/studio-data/TNT1001/APP1426/transformed-code/476/studio-workspace/C123/TourManagement.Infrastructure/Repositories/UserRepository.cs" line-rate="0.6" branch-rate="1" complexity="1">
          <methods>
            <method name="MoveNext" signature="()" line-rate="0.6" branch-rate="1" complexity="1">
              <lines>
                <line number="70" hits="1" branch="False" />
                <line number="72" hits="1" branch="False" />
                <line number="73" hits="1" branch="False" />
                <line number="74" hits="1" branch="False" />
                <line number="75" hits="1" branch="False" />
                <line number="77" hits="0" branch="False" />
                <line number="78" hits="0" branch="False" />
                <line number="79" hits="0" branch="False" />
                <line number="80" hits="0" branch="False" />
                <line number="82" hits="1" branch="False" />
              </lines>
            </method>
          </methods>
          <lines>
            <line number="70" hits="1" branch="False" />
            <line number="72" hits="1" branch="False" />
            <line number="73" hits="1" branch="False" />
            <line number="74" hits="1" branch="False" />
            <line number="75" hits="1" branch="False" />
            <line number="77" hits="0" branch="False" />
            <line number="78" hits="0" branch="False" />
            <line number="79" hits="0" branch="False" />
            <line number="80" hits="0" branch="False" />
            <line number="82" hits="1" branch="False" />
          </lines>
        </class>
        <class name="TourManagement.Infrastructure.Repositories.UserRepository/&lt;DeleteAsync&gt;d__8" filename="modernize-data/studio-data/TNT1001/APP1426/transformed-code/476/studio-workspace/C123/TourManagement.Infrastructure/Repositories/UserRepository.cs" line-rate="0.7333" branch-rate="1" complexity="2">
          <methods>
            <method name="MoveNext" signature="()" line-rate="0.7333" branch-rate="1" complexity="2">
              <lines>
                <line number="99" hits="1" branch="False" />
                <line number="101" hits="1" branch="False" />
                <line number="102" hits="1" branch="False" />
                <line number="103" hits="1" branch="True" condition-coverage="100% (2/2)">
                  <conditions>
                    <condition number="213" type="jump" coverage="100%" />
                  </conditions>
                </line>
                <line number="104" hits="1" branch="False" />
                <line number="105" hits="1" branch="False" />
                <line number="106" hits="1" branch="False" />
                <line number="107" hits="1" branch="False" />
                <line number="108" hits="1" branch="False" />
                <line number="109" hits="1" branch="False" />
                <line number="110" hits="0" branch="False" />
                <line number="111" hits="0" branch="False" />
                <line number="112" hits="0" branch="False" />
                <line number="113" hits="0" branch="False" />
                <line number="115" hits="1" branch="False" />
              </lines>
            </method>
          </methods>
          <lines>
            <line number="99" hits="1" branch="False" />
            <line number="101" hits="1" branch="False" />
            <line number="102" hits="1" branch="False" />
[...]
          <methods>
            <method name="MoveNext" signature="()" line-rate="0" branch-rate="0" complexity="2">
              <lines>
                <line number="60" hits="0" branch="False" />
                <line number="61" hits="0" branch="True" condition-coverage="0% (0/2)">
                  <conditions>
                    <condition number="36" type="jump" coverage="0%" />
                  </conditions>
                </line>
                <line number="62" hits="0" branch="False" />
                <line number="63" hits="0" branch="False" />
                <line number="67" hits="0" branch="False" />
                <line number="68" hits="0" branch="False" />
                <line number="69" hits="0" branch="False" />
                <line number="70" hits="0" branch="False" />
                <line number="71" hits="0" branch="False" />
                <line number="72" hits="0" branch="False" />
                <line number="73" hits="0" branch="False" />
                <line number="74" hits="0" branch="False" />
                <line number="75" hits="0" branch="False" />
                <line number="77" hits="0" branch="False" />
                <line number="79" hits="0" branch="False" />
                <line number="80" hits="0" branch="False" />
                <line number="82" hits="0" branch="False" />
                <line number="83" hits="0" branch="False" />
                <line number="84" hits="0" branch="False" />
                <line number="85" hits="0" branch="False" />
                <line number="87" hits="0" branch="False" />
                <line number="88" hits="0" branch="False" />
                <line number="89" hits="0" branch="False" />
                <line number="90" hits="0" branch="False" />
                <line number="91" hits="0" branch="False" />
                <line number="93" hits="0" branch="False" />
              </lines>
            </method>
          </methods>
          <lines>
            <line number="60" hits="0" branch="False" />
            <line number="61" hits="0" branch="True" condition-coverage="0% (0/2)">
              <conditions>
                <condition number="36" type="jump" coverage="0%" />
              </conditions>
            </line>
            <line number="62" hits="0" branch="False" />
            <line number="63" hits="0" branch="False" />
            <line number="67" hits="0" branch="False" />
            <line number="68" hits="0" branch="False" />
            <line number="69" hits="0" branch="False" />
            <line number="70" hits="0" branch="False" />
            <line number="71" hits="0" branch="False" />
            <line number="72" hits="0" branch="False" />
            <line number="73" hits="0" branch="False" />
            <line number="74" hits="0" branch="False" />
            <line number="75" hits="0" branch="False" />
            <line number="77" hits="0" branch="False" />
            <line number="79" hits="0" branch="False" />
            <line number="80" hits="0" branch="False" />
            <line number="82" hits="0" branch="False" />
            <line number="83" hits="0" branch="False" />
            <line number="84" hits="0" branch="False" />
            <line number="85" hits="0" branch="False" />
            <line number="87" hits="0" branch="False" />
            <line number="88" hits="0" branch="False" />
            <line number="89" hits="0" branch="False" />
            <line number="90" hits="0" branch="False" />
            <line number="91" hits="0" branch="False" />
            <line number="93" hits="0" branch="False" />
          </lines>
        </class>
        <class name="TourManagement.Web.Pages.Account.Pages_Account_Login/&lt;ExecuteAsync&gt;d__22" filename="modernize-data/studio-data/TNT1001/APP1426/transformed-code/476/studio-workspace/C123/TourManagement.Web/Pages/Account/Login.cshtml" line-rate="0" branch-rate="0" complexity="2">
          <methods>
            <method name="MoveNext" signature="()" line-rate="0" branch-rate="0" complexity="2">
              <lines>
                <line number="4" hits="0" branch="True" condition-coverage="0% (0/2)">
                  <conditions>
                    <condition number="425" type="jump" coverage="0%" />
                  </conditions>
                </line>
              </lines>
            </method>
          </methods>
          <lines>
            <line number="4" hits="0" branch="True" condition-coverage="0% (0/2)">
              <conditions>
                <condition number="425" type="jump" coverage="0%" />
              </conditions>
            </line>
          </lines>
        </class>
        <class name="TourManagement.Web.Pages.Account.Pages_Account_Register/&lt;ExecuteAsync&gt;d__24" filename="modernize-data/studio-data/TNT1001/APP1426/transformed-code/476/studio-workspace/C123/TourManagement.Web/Pages/Account/Register.cshtml" line-rate="0" branch-rate="0" complexity="2">
          <methods>
            <method name="MoveNext" signature="()" line-rate="0" branch-rate="0" complexity="2">
              <lines>
                <line number="4" hits="0" branch="True" condition-coverage="0% (0/2)">
                  <conditions>
                    <condition number="425" type="jump" coverage="0%" />
                  </conditions>
                </line>
              </lines>
            </method>
          </methods>
          <lines>
            <line number="4" hits="0" branch="True" condition-coverage="0% (0/2)">
              <conditions>
                <condition number="425" type="jump" coverage="0%" />
              </conditions>
            </line>
          </lines>
        </class>
      </classes>
    </package>
    <package name="TourManagement.Domain" line-rate="0.9772" branch-rate="1" complexity="44">
      <classes>
        <class name="AutoGeneratedProgram" filename="home/studioai/.nuget/packages/microsoft.net.test.sdk/17.8.0/build/netcoreapp3.1/Microsoft.NET.Test.Sdk.Program.cs" line-rate="0" branch-rate="1" complexity="1">
          <methods>
            <method name="Main" signature="(System.String[])" line-rate="0" branch-rate="1" complexity="1">
              <lines>
                <line number="4" hits="0" branch="False" />
              </lines>
            </method>
          </methods>
          <lines>
            <line number="4" hits="0" branch="False" />
          </lines>
        </class>
        <class name="TourManagement.Domain.Entities.Booking" filename="modernize-data/studio-data/TNT1001/APP1426/transformed-code/476/studio-workspace/C123/TourManagement.Domain/Entities/Booking.cs" line-rate="1" branch-rate="1" complexity="17">
          <methods>
            <method name="get_Id" signature="()" line-rate="1" branch-rate="1" complexity="1">
              <lines>
                <line number="8" hits="25" branch="False" />
              </lines>
            </method>
            <method name="get_TourId" signature="()" line-rate="1" branch-rate="1" complexity="1">
              <lines>
                <line number="9" hits="34" branch="False" />
              </lines>
            </method>
            <method name="get_UserId" signature="()" line-rate="1" branch-rate="1" complexity="1">
              <lines>
                <line number="10" hits="34" branch="False" />
              </lines>
            </method>
            <method name="get_CustomerName" signature="()" line-rate="1" branch-rate="1" complexity="1">
              <lines>
                <line number="11" hits="70" branch="False" />
              </lines>
            </method>
            <method name="get_CustomerEmail" signature="()" line-rate="1" branch-rate="1" complexity="1">
              <lines>
                <line number="12" hits="53" branch="False" />
              </lines>
            </method>
            <method name="get_CustomerPhone" signature="()" line-rate="1" branch-rate="1" complexity="1">
              <lines>
                <line number="13" hits="5" branch="False" />
              </lines>
            </method>
            <method name="get_NumberOfPeople" signature="()" line-rate="1" branch-rate="1" complexity="1">
              <lines>
                <line number="14" hits="7" branch="False" />
              </lines>
            </method>
            <method name="get_BookingDate" signature="()" line-rate="1" branch-rate="1" complexity="1">
              <lines>
                <line number="15" hits="6" branch="False" />
              </lines>
            </method>
            <method name="get_TravelDate" signature="()" line-rate="1" branch-rate="1" complexity="1">
              <lines>
                <line number="16" hits="2" branch="False" />
              </lines>
            </method>
            <method name="get_TotalAmount" signature="()" line-rate="1" branch-rate="1" complexity="1">
              <lines>
                <line number="17" hits="4" branch="False" />
              </lines>
            </method>
            <method name="get_Status" signature="()" line-rate="1" branch-rate="1" complexity="1">
              <lines>
                <line number="18" hits="60" branch="False" />
              </lines>
            </method>
            <method name="get_Notes" signature="()" line-rate="1" branch-rate="1" complexity="1">
              <lines>
                <line number="19" hits="5" branch="False" />
              </lines>
            </method>
            <method name="get_CreatedDate" signature="()" line-rate="1" branch-rate="1" complexity="1">
              <lines>
                <line number="20" hits="6" branch="False" />
              </lines>
            </method>
            <method name="get_ModifiedDate" signature="()" line-rate="1" branch-rate="1" complexity="1">
              <lines>
                <line number="21" hits="7" branch="False" />
              </lines>
            </method>
            <method name="get_IsActive" signature="()" line-rate="1" branch-rate="1" complexity="1">
              <lines>
                <line number="22" hits="29" branch="False" />
              </lines>
            </method>
            <method name="get_Tour" signature="()" line-rate="1" branch-rate="1" complexity="1">
              <lines>
                <line number="24" hits="56" branch="False" />
              </lines>
            </method>
            <method name="get_User" signature="()" line-rate="1" branch-rate="1" complexity="1">
              <lines>
                <line number="25" hits="56" branch="False" />
              </lines>
            </method>
          </methods>
          <lines>
            <line number="8" hits="25" branch="False" />
            <line number="9" hits="34" branch="False" />
            <line number="10" hits="34" branch="False" />
            <line number="11" hits="70" branch="False" />
            <line number="12" hits="53" branch="False" />
            <line number="13" hits="5" branch="False" />
            <line number="14" hits="7" branch="False" />
            <line number="15" hits="6" branch="False" />
            <line number="16" hits="2" branch="False" />
            <line number="17" hits="4" branch="False" />
            <line number="18" hits="60" branch="False" />
            <line number="19" hits="5" branch="False" />
            <line number="20" hits="6" branch="False" />
            <line number="21" hits="7" branch="False" />
            <line number="22" hits="29" branch="False" />
            <line number="24" hits="56" branch="False" />
            <line number="25" hits="56" branch="False" />
          </lines>
        </class>
        <class name="TourManagement.Domain.Entities.Tour" filename="modernize-data/studio-data/TNT1001/APP1426/transformed-code/476/studio-workspace/C123/TourManagement.Domain/Entities/Tour.cs" line-rate="1" branch-rate="1" complexity="14">
          <methods>
            <method name="get_Id" signature="()" line-rate="1" branch-rate="1" complexity="1">
              <lines>
                <line number="8" hits="39" branch="False" />
              </lines>
            </method>
            <method name="get_TourName" signature="()" line-rate="1" branch-rate="1" complexity="1">
              <lines>
                <line number="9" hits="109" branch="False" />
              </lines>
            </method>
            <method name="get_Place" signature="()" line-rate="1" branch-rate="1" complexity="1">
              <lines>
                <line number="10" hits="65" branch="False" />
              </lines>
            </method>
            <method name="get_Days" signature="()" line-rate="1" branch-rate="1" complexity="1">
              <lines>
                <line number="11" hits="5" branch="False" />
              </lines>
            </method>
            <method name="get_Price" signature="()" line-rate="1" branch-rate="1" complexity="1">
              <lines>
                <line number="12" hits="6" branch="False" />
              </lines>
            </method>
            <method name="get_Locations" signature="()" line-rate="1" branch-rate="1" complexity="1">
              <lines>
                <line number="13" hits="60" branch="False" />
              </lines>
            </method>
            <method name="get_TourInfo" signature="()" line-rate="1" branch-rate="1" complexity="1">
              <lines>
                <line number="14" hits="58" branch="False" />
              </lines>
            </method>
            <method name="get_PictureFileName" signature="()" line-rate="1" branch-rate="1" complexity="1">
              <lines>
                <line number="15" hits="5" branch="False" />
              </lines>
            </method>
            <method name="get_CreatedDate" signature="()" line-rate="1" branch-rate="1" complexity="1">
              <lines>
                <line number="16" hits="6" branch="False" />
              </lines>
            </method>
            <method name="get_ModifiedDate" signature="()" line-rate="1" branch-rate="1" complexity="1">
              <lines>
                <line number="17" hits="7" branch="False" />
              </lines>
            </method>
            <method name="get_IsActive" signature="()" line-rate="1" branch-rate="1" complexity="1">
              <lines>
                <line number="18" hits="37" branch="False" />
              </lines>
            </method>
            <method name="get_CreatedBy" signature="()" line-rate="1" branch-rate="1" complexity="1">
              <lines>
                <line number="19" hits="58" branch="False" />
              </lines>
            </method>
            <method name="get_ModifiedBy" signature="()" line-rate="1" branch-rate="1" complexity="1">
              <lines>
                <line number="20" hits="5" branch="False" />
              </lines>
            </method>
            <method name="get_Bookings" signature="()" line-rate="1" branch-rate="1" complexity="1">
              <lines>
                <line number="22" hits="61" branch="False" />
              </lines>
            </method>
          </methods>
          <lines>
            <line number="8" hits="39" branch="False" />
            <line number="9" hits="109" branch="False" />
            <line number="10" hits="65" branch="False" />
            <line number="11" hits="5" branch="False" />
            <line number="12" hits="6" branch="False" />
            <line number="13" hits="60" branch="False" />
            <line number="14" hits="58" branch="False" />
            <line number="15" hits="5" branch="False" />
            <line number="16" hits="6" branch="False" />
            <line number="17" hits="7" branch="False" />
            <line number="18" hits="37" branch="False" />
            <line number="19" hits="58" branch="False" />
            <line number="20" hits="5" branch="False" />
            <line number="22" hits="61" branch="False" />
          </lines>
        </class>
        <class name="TourManagement.Domain.Entities.UserInfo" filename="modernize-data/studio-data/TNT1001/APP1426/transformed-code/476/studio-workspace/C123/TourManagement.Domain/Entities/UserInfo.cs" line-rate="1" branch-rate="1" complexity="12">
          <methods>
            <method name="get_Id" signature="()" line-rate="1" branch-rate="1" complexity="1">
              <lines>
                <line number="8" hits="42" branch="False" />
              </lines>
            </method>
            <method name="get_Email" signature="()" line-rate="1" branch-rate="1" complexity="1">
              <lines>
                <line number="9" hits="114" branch="False" />
              </lines>
            </method>
            <method name="get_PasswordHash" signature="()" line-rate="1" branch-rate="1" complexity="1">
              <lines>
                <line number="10" hits="69" branch="False" />
              </lines>
            </method>
            <method name="get_FirstName" signature="()" line-rate="1" branch-rate="1" complexity="1">
              <lines>
                <line number="11" hits="61" branch="False" />
              </lines>
            </method>
            <method name="get_LastName" signature="()" line-rate="1" branch-rate="1" complexity="1">
              <lines>
                <line number="12" hits="60" branch="False" />
              </lines>
            </method>
            <method name="get_Phone" signature="()" line-rate="1" branch-rate="1" complexity="1">
              <lines>
                <line number="13" hits="5" branch="False" />
              </lines>
            </method>
            <method name="get_Address" signature="()" line-rate="1" branch-rate="1" complexity="1">
              <lines>
                <line number="14" hits="5" branch="False" />
              </lines>
            </method>
            <method name="get_CreatedDate" signature="()" line-rate="1" branch-rate="1" complexity="1">
              <lines>
                <line number="15" hits="4" branch="False" />
              </lines>
            </method>
            <method name="get_ModifiedDate" signature="()" line-rate="1" branch-rate="1" complexity="1">
              <lines>
                <line number="16" hits="7" branch="False" />
              </lines>
            </method>
            <method name="get_IsActive" signature="()" line-rate="1" branch-rate="1" complexity="1">
              <lines>
                <line number="17" hits="39" branch="False" />
              </lines>
            </method>
            <method name="get_ProfilePictureFileName" signature="()" line-rate="1" branch-rate="1" complexity="1">
              <lines>
                <line number="18" hits="5" branch="False" />
              </lines>
            </method>
            <method name="get_Bookings" signature="()" line-rate="1" branch-rate="1" complexity="1">
              <lines>
                <line number="20" hits="67" branch="False" />
              </lines>
            </method>
          </methods>
          <lines>
            <line number="8" hits="42" branch="False" />
            <line number="9" hits="114" branch="False" />
            <line number="10" hits="69" branch="False" />
            <line number="11" hits="61" branch="False" />
            <line number="12" hits="60" branch="False" />
            <line number="13" hits="5" branch="False" />
            <line number="14" hits="5" branch="False" />
            <line number="15" hits="4" branch="False" />
            <line number="16" hits="7" branch="False" />
            <line number="17" hits="39" branch="False" />
            <line number="18" hits="5" branch="False" />
            <line number="20" hits="67" branch="False" />
          </lines>
        </class>
      </classes>
    </package>
  </packages>
</coverage>